{"/Users/benjamin/Desktop/dev/bachelor-front/App.tsx": {"path":"/Users/benjamin/Desktop/dev/bachelor-front/App.tsx","statementMap":{"0":{"start":{"line":10,"column":16},"end":{"line":20,"column":1}},"1":{"start":{"line":23,"column":24},"end":{"line":27,"column":4}},"2":{"start":{"line":29,"column":2},"end":{"line":42,"column":3}},"3":{"start":{"line":32,"column":4},"end":{"line":41,"column":6}}},"fnMap":{"0":{"name":"App","decl":{"start":{"line":22,"column":24},"end":{"line":22,"column":27}},"loc":{"start":{"line":22,"column":30},"end":{"line":43,"column":1}},"line":22}},"branchMap":{"0":{"loc":{"start":{"line":29,"column":2},"end":{"line":42,"column":3}},"type":"if","locations":[{"start":{"line":29,"column":2},"end":{"line":42,"column":3}},{"start":{"line":31,"column":9},"end":{"line":42,"column":3}}],"line":29}},"s":{"0":0,"1":0,"2":0,"3":0},"f":{"0":0},"b":{"0":[0,0]}}
,"/Users/benjamin/Desktop/dev/bachelor-front/components/index.ts": {"path":"/Users/benjamin/Desktop/dev/bachelor-front/components/index.ts","statementMap":{},"fnMap":{},"branchMap":{},"s":{},"f":{},"b":{}}
,"/Users/benjamin/Desktop/dev/bachelor-front/components/category/BadgeDay/BadgeDay.tsx": {"path":"/Users/benjamin/Desktop/dev/bachelor-front/components/category/BadgeDay/BadgeDay.tsx","statementMap":{"0":{"start":{"line":4,"column":17},"end":{"line":10,"column":1}},"1":{"start":{"line":5,"column":2},"end":{"line":9,"column":4}},"2":{"start":{"line":12,"column":15},"end":{"line":26,"column":2}}},"fnMap":{"0":{"name":"(anonymous_0)","decl":{"start":{"line":4,"column":17},"end":{"line":4,"column":18}},"loc":{"start":{"line":4,"column":49},"end":{"line":10,"column":1}},"line":4}},"branchMap":{},"s":{"0":1,"1":1,"2":1},"f":{"0":1},"b":{},"_coverageSchema":"1a1c01bbd47fc00a2c39e90264f33305004495a9","hash":"7d8b5ab60a4668aa30fedf3b5dd903dd5b301d12"}
,"/Users/benjamin/Desktop/dev/bachelor-front/components/category/BadgeDay/BadgeDayProps.types.ts": {"path":"/Users/benjamin/Desktop/dev/bachelor-front/components/category/BadgeDay/BadgeDayProps.types.ts","statementMap":{},"fnMap":{},"branchMap":{},"s":{},"f":{},"b":{}}
,"/Users/benjamin/Desktop/dev/bachelor-front/components/category/DaySelector/DaySelector.tsx": {"path":"/Users/benjamin/Desktop/dev/bachelor-front/components/category/DaySelector/DaySelector.tsx","statementMap":{"0":{"start":{"line":9,"column":20},"end":{"line":34,"column":1}},"1":{"start":{"line":10,"column":19},"end":{"line":10,"column":32}},"2":{"start":{"line":11,"column":38},"end":{"line":11,"column":53}},"3":{"start":{"line":13,"column":25},"end":{"line":13,"column":80}},"4":{"start":{"line":13,"column":59},"end":{"line":13,"column":79}},"5":{"start":{"line":15,"column":21},"end":{"line":25,"column":3}},"6":{"start":{"line":16,"column":4},"end":{"line":16,"column":31}},"7":{"start":{"line":18,"column":4},"end":{"line":20,"column":5}},"8":{"start":{"line":19,"column":6},"end":{"line":19,"column":44}},"9":{"start":{"line":22,"column":4},"end":{"line":24,"column":5}},"10":{"start":{"line":23,"column":6},"end":{"line":23,"column":41}},"11":{"start":{"line":27,"column":2},"end":{"line":33,"column":4}},"12":{"start":{"line":28,"column":30},"end":{"line":28,"column":42}},"13":{"start":{"line":36,"column":15},"end":{"line":57,"column":2}}},"fnMap":{"0":{"name":"(anonymous_0)","decl":{"start":{"line":9,"column":20},"end":{"line":9,"column":21}},"loc":{"start":{"line":9,"column":53},"end":{"line":34,"column":1}},"line":9},"1":{"name":"(anonymous_1)","decl":{"start":{"line":13,"column":37},"end":{"line":13,"column":38}},"loc":{"start":{"line":13,"column":59},"end":{"line":13,"column":79}},"line":13},"2":{"name":"(anonymous_2)","decl":{"start":{"line":15,"column":21},"end":{"line":15,"column":22}},"loc":{"start":{"line":15,"column":27},"end":{"line":25,"column":3}},"line":15},"3":{"name":"(anonymous_3)","decl":{"start":{"line":28,"column":24},"end":{"line":28,"column":25}},"loc":{"start":{"line":28,"column":30},"end":{"line":28,"column":42}},"line":28}},"branchMap":{"0":{"loc":{"start":{"line":18,"column":4},"end":{"line":20,"column":5}},"type":"if","locations":[{"start":{"line":18,"column":4},"end":{"line":20,"column":5}},{"start":{},"end":{}}],"line":18},"1":{"loc":{"start":{"line":22,"column":4},"end":{"line":24,"column":5}},"type":"if","locations":[{"start":{"line":22,"column":4},"end":{"line":24,"column":5}},{"start":{},"end":{}}],"line":22},"2":{"loc":{"start":{"line":28,"column":70},"end":{"line":28,"column":111}},"type":"cond-expr","locations":[{"start":{"line":28,"column":83},"end":{"line":28,"column":104}},{"start":{"line":28,"column":107},"end":{"line":28,"column":111}}],"line":28},"3":{"loc":{"start":{"line":30,"column":22},"end":{"line":30,"column":70}},"type":"cond-expr","locations":[{"start":{"line":30,"column":35},"end":{"line":30,"column":56}},{"start":{"line":30,"column":59},"end":{"line":30,"column":70}}],"line":30}},"s":{"0":1,"1":1,"2":1,"3":1,"4":1,"5":0,"6":0,"7":0,"8":0,"9":0,"10":0,"11":0,"12":0,"13":1},"f":{"0":1,"1":1,"2":0,"3":0},"b":{"0":[0,0],"1":[0,0],"2":[0,0],"3":[0,0]},"_coverageSchema":"1a1c01bbd47fc00a2c39e90264f33305004495a9","hash":"8f7434975b49af36b1a9d1668ca654c32ef74b25"}
,"/Users/benjamin/Desktop/dev/bachelor-front/components/category/DaySelector/DaySelectorProps.types.ts": {"path":"/Users/benjamin/Desktop/dev/bachelor-front/components/category/DaySelector/DaySelectorProps.types.ts","statementMap":{},"fnMap":{},"branchMap":{},"s":{},"f":{},"b":{}}
,"/Users/benjamin/Desktop/dev/bachelor-front/components/category/DaysSelectorContainer/DaysSelectorContainer.tsx": {"path":"/Users/benjamin/Desktop/dev/bachelor-front/components/category/DaysSelectorContainer/DaysSelectorContainer.tsx","statementMap":{"0":{"start":{"line":6,"column":34},"end":{"line":6,"column":133}},"1":{"start":{"line":8,"column":30},"end":{"line":19,"column":1}},"2":{"start":{"line":9,"column":2},"end":{"line":18,"column":4}},"3":{"start":{"line":14,"column":10},"end":{"line":14,"column":49}},"4":{"start":{"line":21,"column":15},"end":{"line":28,"column":2}}},"fnMap":{"0":{"name":"(anonymous_0)","decl":{"start":{"line":8,"column":30},"end":{"line":8,"column":31}},"loc":{"start":{"line":8,"column":36},"end":{"line":19,"column":1}},"line":8},"1":{"name":"(anonymous_1)","decl":{"start":{"line":13,"column":24},"end":{"line":13,"column":25}},"loc":{"start":{"line":14,"column":10},"end":{"line":14,"column":49}},"line":14}},"branchMap":{},"s":{"0":0,"1":0,"2":0,"3":0,"4":0},"f":{"0":0,"1":0},"b":{}}
,"/Users/benjamin/Desktop/dev/bachelor-front/components/category/TaskItemCategory/TaskItemCategory.tsx": {"path":"/Users/benjamin/Desktop/dev/bachelor-front/components/category/TaskItemCategory/TaskItemCategory.tsx","statementMap":{"0":{"start":{"line":10,"column":25},"end":{"line":63,"column":1}},"1":{"start":{"line":20,"column":40},"end":{"line":20,"column":55}},"2":{"start":{"line":22,"column":31},"end":{"line":49,"column":3}},"3":{"start":{"line":23,"column":4},"end":{"line":31,"column":5}},"4":{"start":{"line":24,"column":28},"end":{"line":26,"column":8}},"5":{"start":{"line":25,"column":8},"end":{"line":25,"column":27}},"6":{"start":{"line":28,"column":6},"end":{"line":28,"column":39}},"7":{"start":{"line":29,"column":6},"end":{"line":29,"column":28}},"8":{"start":{"line":30,"column":6},"end":{"line":30,"column":13}},"9":{"start":{"line":33,"column":28},"end":{"line":42,"column":5}},"10":{"start":{"line":44,"column":4},"end":{"line":44,"column":33}},"11":{"start":{"line":46,"column":4},"end":{"line":48,"column":5}},"12":{"start":{"line":47,"column":6},"end":{"line":47,"column":59}},"13":{"start":{"line":47,"column":38},"end":{"line":47,"column":57}},"14":{"start":{"line":51,"column":2},"end":{"line":62,"column":4}},"15":{"start":{"line":57,"column":10},"end":{"line":57,"column":53}},"16":{"start":{"line":65,"column":15},"end":{"line":115,"column":2}}},"fnMap":{"0":{"name":"(anonymous_0)","decl":{"start":{"line":10,"column":25},"end":{"line":10,"column":26}},"loc":{"start":{"line":19,"column":29},"end":{"line":63,"column":1}},"line":19},"1":{"name":"(anonymous_1)","decl":{"start":{"line":22,"column":31},"end":{"line":22,"column":32}},"loc":{"start":{"line":22,"column":37},"end":{"line":49,"column":3}},"line":22},"2":{"name":"(anonymous_2)","decl":{"start":{"line":24,"column":50},"end":{"line":24,"column":51}},"loc":{"start":{"line":24,"column":57},"end":{"line":26,"column":7}},"line":24},"3":{"name":"(anonymous_3)","decl":{"start":{"line":47,"column":24},"end":{"line":47,"column":25}},"loc":{"start":{"line":47,"column":38},"end":{"line":47,"column":57}},"line":47},"4":{"name":"(anonymous_4)","decl":{"start":{"line":56,"column":18},"end":{"line":56,"column":19}},"loc":{"start":{"line":57,"column":10},"end":{"line":57,"column":53}},"line":57}},"branchMap":{"0":{"loc":{"start":{"line":23,"column":4},"end":{"line":31,"column":5}},"type":"if","locations":[{"start":{"line":23,"column":4},"end":{"line":31,"column":5}},{"start":{},"end":{}}],"line":23},"1":{"loc":{"start":{"line":46,"column":4},"end":{"line":48,"column":5}},"type":"if","locations":[{"start":{"line":46,"column":4},"end":{"line":48,"column":5}},{"start":{},"end":{}}],"line":46},"2":{"loc":{"start":{"line":52,"column":72},"end":{"line":52,"column":116}},"type":"cond-expr","locations":[{"start":{"line":52,"column":86},"end":{"line":52,"column":99}},{"start":{"line":52,"column":102},"end":{"line":52,"column":116}}],"line":52}},"s":{"0":0,"1":0,"2":0,"3":0,"4":0,"5":0,"6":0,"7":0,"8":0,"9":0,"10":0,"11":0,"12":0,"13":0,"14":0,"15":0,"16":0},"f":{"0":0,"1":0,"2":0,"3":0,"4":0},"b":{"0":[0,0],"1":[0,0],"2":[0,0]}}
,"/Users/benjamin/Desktop/dev/bachelor-front/components/category/TaskItemCategory/TaskItemCategoryProps.types.ts": {"path":"/Users/benjamin/Desktop/dev/bachelor-front/components/category/TaskItemCategory/TaskItemCategoryProps.types.ts","statementMap":{},"fnMap":{},"branchMap":{},"s":{},"f":{},"b":{}}
,"/Users/benjamin/Desktop/dev/bachelor-front/components/gage/CategoryDropdownItem/CategoryDropdownItem.tsx": {"path":"/Users/benjamin/Desktop/dev/bachelor-front/components/gage/CategoryDropdownItem/CategoryDropdownItem.tsx","statementMap":{"0":{"start":{"line":8,"column":29},"end":{"line":24,"column":1}},"1":{"start":{"line":9,"column":19},"end":{"line":9,"column":32}},"2":{"start":{"line":10,"column":65},"end":{"line":10,"column":70}},"3":{"start":{"line":12,"column":22},"end":{"line":15,"column":3}},"4":{"start":{"line":13,"column":4},"end":{"line":13,"column":68}},"5":{"start":{"line":14,"column":4},"end":{"line":14,"column":53}},"6":{"start":{"line":17,"column":2},"end":{"line":23,"column":4}},"7":{"start":{"line":26,"column":15},"end":{"line":47,"column":2}}},"fnMap":{"0":{"name":"(anonymous_0)","decl":{"start":{"line":8,"column":29},"end":{"line":8,"column":30}},"loc":{"start":{"line":8,"column":67},"end":{"line":24,"column":1}},"line":8},"1":{"name":"(anonymous_1)","decl":{"start":{"line":12,"column":22},"end":{"line":12,"column":23}},"loc":{"start":{"line":12,"column":28},"end":{"line":15,"column":3}},"line":12}},"branchMap":{"0":{"loc":{"start":{"line":19,"column":36},"end":{"line":19,"column":63}},"type":"cond-expr","locations":[{"start":{"line":19,"column":45},"end":{"line":19,"column":58}},{"start":{"line":19,"column":61},"end":{"line":19,"column":63}}],"line":19},"1":{"loc":{"start":{"line":20,"column":35},"end":{"line":20,"column":66}},"type":"cond-expr","locations":[{"start":{"line":20,"column":44},"end":{"line":20,"column":61}},{"start":{"line":20,"column":64},"end":{"line":20,"column":66}}],"line":20}},"s":{"0":0,"1":0,"2":0,"3":0,"4":0,"5":0,"6":0,"7":0},"f":{"0":0,"1":0},"b":{"0":[0,0],"1":[0,0]}}
,"/Users/benjamin/Desktop/dev/bachelor-front/components/gage/CategoryDropdownItem/CategoryDropdownItemProps.types.ts": {"path":"/Users/benjamin/Desktop/dev/bachelor-front/components/gage/CategoryDropdownItem/CategoryDropdownItemProps.types.ts","statementMap":{},"fnMap":{},"branchMap":{},"s":{},"f":{},"b":{}}
,"/Users/benjamin/Desktop/dev/bachelor-front/components/gage/CustomCalendar/CustomCalendar.tsx": {"path":"/Users/benjamin/Desktop/dev/bachelor-front/components/gage/CustomCalendar/CustomCalendar.tsx","statementMap":{"0":{"start":{"line":4,"column":23},"end":{"line":37,"column":1}},"1":{"start":{"line":5,"column":22},"end":{"line":5,"column":32}},"2":{"start":{"line":6,"column":18},"end":{"line":6,"column":65}},"3":{"start":{"line":8,"column":19},"end":{"line":8,"column":31}},"4":{"start":{"line":9,"column":39},"end":{"line":9,"column":57}},"5":{"start":{"line":11,"column":17},"end":{"line":20,"column":3}},"6":{"start":{"line":12,"column":11},"end":{"line":18,"column":5}},"7":{"start":{"line":22,"column":2},"end":{"line":36,"column":4}},"8":{"start":{"line":31,"column":8},"end":{"line":31,"column":36}},"9":{"start":{"line":32,"column":8},"end":{"line":32,"column":52}}},"fnMap":{"0":{"name":"(anonymous_0)","decl":{"start":{"line":4,"column":23},"end":{"line":4,"column":24}},"loc":{"start":{"line":4,"column":39},"end":{"line":37,"column":1}},"line":4},"1":{"name":"(anonymous_1)","decl":{"start":{"line":12,"column":4},"end":{"line":12,"column":5}},"loc":{"start":{"line":12,"column":11},"end":{"line":18,"column":5}},"line":12},"2":{"name":"(anonymous_2)","decl":{"start":{"line":30,"column":18},"end":{"line":30,"column":19}},"loc":{"start":{"line":30,"column":27},"end":{"line":33,"column":7}},"line":30}},"branchMap":{"0":{"loc":{"start":{"line":32,"column":8},"end":{"line":32,"column":51}},"type":"binary-expr","locations":[{"start":{"line":32,"column":8},"end":{"line":32,"column":25}},{"start":{"line":32,"column":29},"end":{"line":32,"column":51}}],"line":32}},"s":{"0":0,"1":0,"2":0,"3":0,"4":0,"5":0,"6":0,"7":0,"8":0,"9":0},"f":{"0":0,"1":0,"2":0},"b":{"0":[0,0]}}
,"/Users/benjamin/Desktop/dev/bachelor-front/components/gage/DropdownCategories/DropdownCategories.tsx": {"path":"/Users/benjamin/Desktop/dev/bachelor-front/components/gage/DropdownCategories/DropdownCategories.tsx","statementMap":{"0":{"start":{"line":6,"column":27},"end":{"line":17,"column":1}},"1":{"start":{"line":7,"column":36},"end":{"line":7,"column":82}},"2":{"start":{"line":7,"column":70},"end":{"line":7,"column":81}},"3":{"start":{"line":8,"column":25},"end":{"line":8,"column":76}},"4":{"start":{"line":8,"column":59},"end":{"line":8,"column":75}},"5":{"start":{"line":10,"column":2},"end":{"line":16,"column":4}},"6":{"start":{"line":13,"column":8},"end":{"line":13,"column":120}},"7":{"start":{"line":19,"column":15},"end":{"line":25,"column":2}}},"fnMap":{"0":{"name":"(anonymous_0)","decl":{"start":{"line":6,"column":27},"end":{"line":6,"column":28}},"loc":{"start":{"line":6,"column":33},"end":{"line":17,"column":1}},"line":6},"1":{"name":"(anonymous_1)","decl":{"start":{"line":7,"column":48},"end":{"line":7,"column":49}},"loc":{"start":{"line":7,"column":70},"end":{"line":7,"column":81}},"line":7},"2":{"name":"(anonymous_2)","decl":{"start":{"line":8,"column":37},"end":{"line":8,"column":38}},"loc":{"start":{"line":8,"column":59},"end":{"line":8,"column":75}},"line":8},"3":{"name":"(anonymous_3)","decl":{"start":{"line":12,"column":22},"end":{"line":12,"column":23}},"loc":{"start":{"line":13,"column":8},"end":{"line":13,"column":120}},"line":13}},"branchMap":{"0":{"loc":{"start":{"line":13,"column":52},"end":{"line":13,"column":106}},"type":"cond-expr","locations":[{"start":{"line":13,"column":94},"end":{"line":13,"column":98}},{"start":{"line":13,"column":101},"end":{"line":13,"column":106}}],"line":13}},"s":{"0":0,"1":0,"2":0,"3":0,"4":0,"5":0,"6":0,"7":0},"f":{"0":0,"1":0,"2":0,"3":0},"b":{"0":[0,0]}}
,"/Users/benjamin/Desktop/dev/bachelor-front/components/gage/DropdownGagesTasks/DropdownGagesTasks.tsx": {"path":"/Users/benjamin/Desktop/dev/bachelor-front/components/gage/DropdownGagesTasks/DropdownGagesTasks.tsx","statementMap":{"0":{"start":{"line":8,"column":27},"end":{"line":22,"column":1}},"1":{"start":{"line":9,"column":44},"end":{"line":9,"column":90}},"2":{"start":{"line":9,"column":78},"end":{"line":9,"column":89}},"3":{"start":{"line":11,"column":2},"end":{"line":21,"column":4}},"4":{"start":{"line":14,"column":8},"end":{"line":18,"column":10}},"5":{"start":{"line":24,"column":15},"end":{"line":30,"column":2}}},"fnMap":{"0":{"name":"(anonymous_0)","decl":{"start":{"line":8,"column":27},"end":{"line":8,"column":28}},"loc":{"start":{"line":8,"column":33},"end":{"line":22,"column":1}},"line":8},"1":{"name":"(anonymous_1)","decl":{"start":{"line":9,"column":56},"end":{"line":9,"column":57}},"loc":{"start":{"line":9,"column":78},"end":{"line":9,"column":89}},"line":9},"2":{"name":"(anonymous_2)","decl":{"start":{"line":13,"column":29},"end":{"line":13,"column":30}},"loc":{"start":{"line":13,"column":45},"end":{"line":19,"column":7}},"line":13}},"branchMap":{"0":{"loc":{"start":{"line":15,"column":44},"end":{"line":15,"column":96}},"type":"cond-expr","locations":[{"start":{"line":15,"column":58},"end":{"line":15,"column":63}},{"start":{"line":15,"column":66},"end":{"line":15,"column":96}}],"line":15},"1":{"loc":{"start":{"line":15,"column":66},"end":{"line":15,"column":96}},"type":"binary-expr","locations":[{"start":{"line":15,"column":66},"end":{"line":15,"column":70}},{"start":{"line":15,"column":74},"end":{"line":15,"column":96}}],"line":15}},"s":{"0":0,"1":0,"2":0,"3":0,"4":0,"5":0},"f":{"0":0,"1":0,"2":0},"b":{"0":[0,0],"1":[0,0]}}
,"/Users/benjamin/Desktop/dev/bachelor-front/components/gage/GageTaskDropdownItem/GageTaskDropdownItem.tsx": {"path":"/Users/benjamin/Desktop/dev/bachelor-front/components/gage/GageTaskDropdownItem/GageTaskDropdownItem.tsx","statementMap":{"0":{"start":{"line":8,"column":29},"end":{"line":44,"column":1}},"1":{"start":{"line":9,"column":53},"end":{"line":9,"column":58}},"2":{"start":{"line":11,"column":19},"end":{"line":11,"column":64}},"3":{"start":{"line":11,"column":53},"end":{"line":11,"column":63}},"4":{"start":{"line":13,"column":19},"end":{"line":13,"column":32}},"5":{"start":{"line":15,"column":24},"end":{"line":15,"column":48}},"6":{"start":{"line":15,"column":30},"end":{"line":15,"column":48}},"7":{"start":{"line":17,"column":22},"end":{"line":27,"column":3}},"8":{"start":{"line":18,"column":30},"end":{"line":23,"column":5}},"9":{"start":{"line":25,"column":4},"end":{"line":25,"column":48}},"10":{"start":{"line":26,"column":4},"end":{"line":26,"column":65}},"11":{"start":{"line":29,"column":2},"end":{"line":43,"column":4}},"12":{"start":{"line":46,"column":15},"end":{"line":103,"column":2}}},"fnMap":{"0":{"name":"(anonymous_0)","decl":{"start":{"line":8,"column":29},"end":{"line":8,"column":30}},"loc":{"start":{"line":8,"column":96},"end":{"line":44,"column":1}},"line":8},"1":{"name":"(anonymous_1)","decl":{"start":{"line":11,"column":31},"end":{"line":11,"column":32}},"loc":{"start":{"line":11,"column":53},"end":{"line":11,"column":63}},"line":11},"2":{"name":"(anonymous_2)","decl":{"start":{"line":15,"column":24},"end":{"line":15,"column":25}},"loc":{"start":{"line":15,"column":30},"end":{"line":15,"column":48}},"line":15},"3":{"name":"(anonymous_3)","decl":{"start":{"line":17,"column":22},"end":{"line":17,"column":23}},"loc":{"start":{"line":17,"column":28},"end":{"line":27,"column":3}},"line":17},"4":{"name":"(anonymous_4)","decl":{"start":{"line":31,"column":33},"end":{"line":31,"column":34}},"loc":{"start":{"line":31,"column":39},"end":{"line":31,"column":41}},"line":31}},"branchMap":{"0":{"loc":{"start":{"line":31,"column":15},"end":{"line":31,"column":55}},"type":"cond-expr","locations":[{"start":{"line":31,"column":33},"end":{"line":31,"column":41}},{"start":{"line":31,"column":44},"end":{"line":31,"column":55}}],"line":31},"1":{"loc":{"start":{"line":32,"column":14},"end":{"line":32,"column":74}},"type":"cond-expr","locations":[{"start":{"line":32,"column":32},"end":{"line":32,"column":57}},{"start":{"line":32,"column":60},"end":{"line":32,"column":74}}],"line":32},"2":{"loc":{"start":{"line":32,"column":76},"end":{"line":32,"column":111}},"type":"cond-expr","locations":[{"start":{"line":32,"column":89},"end":{"line":32,"column":106}},{"start":{"line":32,"column":109},"end":{"line":32,"column":111}}],"line":32},"3":{"loc":{"start":{"line":35,"column":36},"end":{"line":35,"column":75}},"type":"cond-expr","locations":[{"start":{"line":35,"column":49},"end":{"line":35,"column":70}},{"start":{"line":35,"column":73},"end":{"line":35,"column":75}}],"line":35},"4":{"loc":{"start":{"line":36,"column":42},"end":{"line":36,"column":81}},"type":"cond-expr","locations":[{"start":{"line":36,"column":55},"end":{"line":36,"column":76}},{"start":{"line":36,"column":79},"end":{"line":36,"column":81}}],"line":36},"5":{"loc":{"start":{"line":37,"column":9},"end":{"line":37,"column":134}},"type":"cond-expr","locations":[{"start":{"line":37,"column":30},"end":{"line":37,"column":129}},{"start":{"line":37,"column":132},"end":{"line":37,"column":134}}],"line":37},"6":{"loc":{"start":{"line":40,"column":39},"end":{"line":40,"column":78}},"type":"cond-expr","locations":[{"start":{"line":40,"column":52},"end":{"line":40,"column":73}},{"start":{"line":40,"column":76},"end":{"line":40,"column":78}}],"line":40}},"s":{"0":0,"1":0,"2":0,"3":0,"4":0,"5":0,"6":0,"7":0,"8":0,"9":0,"10":0,"11":0,"12":0},"f":{"0":0,"1":0,"2":0,"3":0,"4":0},"b":{"0":[0,0],"1":[0,0],"2":[0,0],"3":[0,0],"4":[0,0],"5":[0,0],"6":[0,0]}}
,"/Users/benjamin/Desktop/dev/bachelor-front/components/gage/GageTaskDropdownItem/GageTaskDropdownItemProps.types.ts": {"path":"/Users/benjamin/Desktop/dev/bachelor-front/components/gage/GageTaskDropdownItem/GageTaskDropdownItemProps.types.ts","statementMap":{},"fnMap":{},"branchMap":{},"s":{},"f":{},"b":{}}
,"/Users/benjamin/Desktop/dev/bachelor-front/components/gage/GageTeamItem/GageTeamItem.tsx": {"path":"/Users/benjamin/Desktop/dev/bachelor-front/components/gage/GageTeamItem/GageTeamItem.tsx","statementMap":{"0":{"start":{"line":5,"column":21},"end":{"line":16,"column":1}},"1":{"start":{"line":6,"column":2},"end":{"line":15,"column":4}},"2":{"start":{"line":18,"column":15},"end":{"line":32,"column":2}}},"fnMap":{"0":{"name":"(anonymous_0)","decl":{"start":{"line":5,"column":21},"end":{"line":5,"column":22}},"loc":{"start":{"line":5,"column":126},"end":{"line":16,"column":1}},"line":5}},"branchMap":{},"s":{"0":0,"1":0,"2":0},"f":{"0":0},"b":{}}
,"/Users/benjamin/Desktop/dev/bachelor-front/components/gage/GagesTeam/GagesTeam.tsx": {"path":"/Users/benjamin/Desktop/dev/bachelor-front/components/gage/GagesTeam/GagesTeam.tsx","statementMap":{"0":{"start":{"line":9,"column":18},"end":{"line":23,"column":1}},"1":{"start":{"line":10,"column":37},"end":{"line":10,"column":83}},"2":{"start":{"line":10,"column":71},"end":{"line":10,"column":82}},"3":{"start":{"line":12,"column":2},"end":{"line":22,"column":4}},"4":{"start":{"line":16,"column":10},"end":{"line":16,"column":56}},"5":{"start":{"line":25,"column":15},"end":{"line":30,"column":2}}},"fnMap":{"0":{"name":"(anonymous_0)","decl":{"start":{"line":9,"column":18},"end":{"line":9,"column":19}},"loc":{"start":{"line":9,"column":24},"end":{"line":23,"column":1}},"line":9},"1":{"name":"(anonymous_1)","decl":{"start":{"line":10,"column":49},"end":{"line":10,"column":50}},"loc":{"start":{"line":10,"column":71},"end":{"line":10,"column":82}},"line":10},"2":{"name":"(anonymous_2)","decl":{"start":{"line":15,"column":35},"end":{"line":15,"column":36}},"loc":{"start":{"line":15,"column":52},"end":{"line":17,"column":9}},"line":15}},"branchMap":{"0":{"loc":{"start":{"line":14,"column":7},"end":{"line":20,"column":7}},"type":"cond-expr","locations":[{"start":{"line":15,"column":8},"end":{"line":17,"column":10}},{"start":{"line":19,"column":8},"end":{"line":19,"column":64}}],"line":14}},"s":{"0":0,"1":0,"2":0,"3":0,"4":0,"5":0},"f":{"0":0,"1":0,"2":0},"b":{"0":[0,0]}}
,"/Users/benjamin/Desktop/dev/bachelor-front/components/home/CategoriesList/CategoriesList.tsx": {"path":"/Users/benjamin/Desktop/dev/bachelor-front/components/home/CategoriesList/CategoriesList.tsx","statementMap":{"0":{"start":{"line":5,"column":23},"end":{"line":13,"column":1}},"1":{"start":{"line":6,"column":2},"end":{"line":12,"column":4}},"2":{"start":{"line":9,"column":8},"end":{"line":9,"column":67}},"3":{"start":{"line":15,"column":15},"end":{"line":21,"column":2}}},"fnMap":{"0":{"name":"(anonymous_0)","decl":{"start":{"line":5,"column":23},"end":{"line":5,"column":24}},"loc":{"start":{"line":5,"column":29},"end":{"line":13,"column":1}},"line":5},"1":{"name":"(anonymous_1)","decl":{"start":{"line":8,"column":37},"end":{"line":8,"column":38}},"loc":{"start":{"line":8,"column":58},"end":{"line":10,"column":7}},"line":8}},"branchMap":{},"s":{"0":0,"1":0,"2":0,"3":0},"f":{"0":0,"1":0},"b":{}}
,"/Users/benjamin/Desktop/dev/bachelor-front/components/home/CategoryItem/CategoryItem.tsx": {"path":"/Users/benjamin/Desktop/dev/bachelor-front/components/home/CategoryItem/CategoryItem.tsx","statementMap":{"0":{"start":{"line":7,"column":21},"end":{"line":19,"column":1}},"1":{"start":{"line":8,"column":21},"end":{"line":8,"column":41}},"2":{"start":{"line":9,"column":23},"end":{"line":9,"column":31}},"3":{"start":{"line":11,"column":2},"end":{"line":18,"column":4}},"4":{"start":{"line":12,"column":55},"end":{"line":12,"column":123}},"5":{"start":{"line":21,"column":15},"end":{"line":42,"column":2}}},"fnMap":{"0":{"name":"(anonymous_0)","decl":{"start":{"line":7,"column":21},"end":{"line":7,"column":22}},"loc":{"start":{"line":7,"column":58},"end":{"line":19,"column":1}},"line":7},"1":{"name":"(anonymous_1)","decl":{"start":{"line":12,"column":49},"end":{"line":12,"column":50}},"loc":{"start":{"line":12,"column":55},"end":{"line":12,"column":123}},"line":12}},"branchMap":{},"s":{"0":0,"1":0,"2":0,"3":0,"4":0,"5":0},"f":{"0":0,"1":0},"b":{}}
,"/Users/benjamin/Desktop/dev/bachelor-front/components/home/CategoryItem/CategoryItemProps.types.ts": {"path":"/Users/benjamin/Desktop/dev/bachelor-front/components/home/CategoryItem/CategoryItemProps.types.ts","statementMap":{},"fnMap":{},"branchMap":{},"s":{},"f":{},"b":{}}
,"/Users/benjamin/Desktop/dev/bachelor-front/components/home/DayItem/DayItem.tsx": {"path":"/Users/benjamin/Desktop/dev/bachelor-front/components/home/DayItem/DayItem.tsx","statementMap":{"0":{"start":{"line":8,"column":16},"end":{"line":18,"column":1}},"1":{"start":{"line":9,"column":19},"end":{"line":9,"column":32}},"2":{"start":{"line":11,"column":24},"end":{"line":11,"column":68}},"3":{"start":{"line":11,"column":58},"end":{"line":11,"column":67}},"4":{"start":{"line":13,"column":2},"end":{"line":17,"column":4}},"5":{"start":{"line":14,"column":30},"end":{"line":14,"column":74}},"6":{"start":{"line":20,"column":15},"end":{"line":28,"column":2}}},"fnMap":{"0":{"name":"(anonymous_0)","decl":{"start":{"line":8,"column":16},"end":{"line":8,"column":17}},"loc":{"start":{"line":8,"column":48},"end":{"line":18,"column":1}},"line":8},"1":{"name":"(anonymous_1)","decl":{"start":{"line":11,"column":36},"end":{"line":11,"column":37}},"loc":{"start":{"line":11,"column":58},"end":{"line":11,"column":67}},"line":11},"2":{"name":"(anonymous_2)","decl":{"start":{"line":14,"column":24},"end":{"line":14,"column":25}},"loc":{"start":{"line":14,"column":30},"end":{"line":14,"column":74}},"line":14}},"branchMap":{"0":{"loc":{"start":{"line":15,"column":19},"end":{"line":15,"column":86}},"type":"cond-expr","locations":[{"start":{"line":15,"column":44},"end":{"line":15,"column":72}},{"start":{"line":15,"column":75},"end":{"line":15,"column":86}}],"line":15}},"s":{"0":0,"1":0,"2":0,"3":0,"4":0,"5":0,"6":0},"f":{"0":0,"1":0,"2":0},"b":{"0":[0,0]}}
,"/Users/benjamin/Desktop/dev/bachelor-front/components/home/DayItem/DayItemProps.types.ts": {"path":"/Users/benjamin/Desktop/dev/bachelor-front/components/home/DayItem/DayItemProps.types.ts","statementMap":{},"fnMap":{},"branchMap":{},"s":{},"f":{},"b":{}}
,"/Users/benjamin/Desktop/dev/bachelor-front/components/home/DaysContainer/DaysContainer.tsx": {"path":"/Users/benjamin/Desktop/dev/bachelor-front/components/home/DaysContainer/DaysContainer.tsx","statementMap":{"0":{"start":{"line":5,"column":22},"end":{"line":17,"column":1}},"1":{"start":{"line":6,"column":2},"end":{"line":16,"column":4}},"2":{"start":{"line":19,"column":15},"end":{"line":25,"column":2}}},"fnMap":{"0":{"name":"(anonymous_0)","decl":{"start":{"line":5,"column":22},"end":{"line":5,"column":23}},"loc":{"start":{"line":5,"column":28},"end":{"line":17,"column":1}},"line":5}},"branchMap":{},"s":{"0":0,"1":0,"2":0},"f":{"0":0},"b":{}}
,"/Users/benjamin/Desktop/dev/bachelor-front/components/home/NoTasksGuide/NoTasksGuide.tsx": {"path":"/Users/benjamin/Desktop/dev/bachelor-front/components/home/NoTasksGuide/NoTasksGuide.tsx","statementMap":{"0":{"start":{"line":9,"column":21},"end":{"line":24,"column":1}},"1":{"start":{"line":10,"column":19},"end":{"line":10,"column":64}},"2":{"start":{"line":10,"column":53},"end":{"line":10,"column":63}},"3":{"start":{"line":12,"column":2},"end":{"line":23,"column":4}},"4":{"start":{"line":26,"column":15},"end":{"line":48,"column":2}}},"fnMap":{"0":{"name":"(anonymous_0)","decl":{"start":{"line":9,"column":21},"end":{"line":9,"column":22}},"loc":{"start":{"line":9,"column":27},"end":{"line":24,"column":1}},"line":9},"1":{"name":"(anonymous_1)","decl":{"start":{"line":10,"column":31},"end":{"line":10,"column":32}},"loc":{"start":{"line":10,"column":53},"end":{"line":10,"column":63}},"line":10}},"branchMap":{},"s":{"0":0,"1":0,"2":0,"3":0,"4":0},"f":{"0":0,"1":0},"b":{}}
,"/Users/benjamin/Desktop/dev/bachelor-front/components/ui/Button/Button.tsx": {"path":"/Users/benjamin/Desktop/dev/bachelor-front/components/ui/Button/Button.tsx","statementMap":{"0":{"start":{"line":6,"column":15},"end":{"line":31,"column":1}},"1":{"start":{"line":7,"column":20},"end":{"line":7,"column":24}},"2":{"start":{"line":9,"column":2},"end":{"line":22,"column":3}},"3":{"start":{"line":11,"column":6},"end":{"line":11,"column":30}},"4":{"start":{"line":12,"column":6},"end":{"line":12,"column":12}},"5":{"start":{"line":14,"column":6},"end":{"line":14,"column":30}},"6":{"start":{"line":15,"column":6},"end":{"line":15,"column":12}},"7":{"start":{"line":17,"column":6},"end":{"line":17,"column":30}},"8":{"start":{"line":18,"column":6},"end":{"line":18,"column":12}},"9":{"start":{"line":20,"column":6},"end":{"line":20,"column":30}},"10":{"start":{"line":21,"column":6},"end":{"line":21,"column":12}},"11":{"start":{"line":24,"column":2},"end":{"line":30,"column":4}},"12":{"start":{"line":33,"column":15},"end":{"line":58,"column":2}}},"fnMap":{"0":{"name":"(anonymous_0)","decl":{"start":{"line":6,"column":15},"end":{"line":6,"column":16}},"loc":{"start":{"line":6,"column":112},"end":{"line":31,"column":1}},"line":6}},"branchMap":{"0":{"loc":{"start":{"line":6,"column":35},"end":{"line":6,"column":65}},"type":"default-arg","locations":[{"start":{"line":6,"column":42},"end":{"line":6,"column":65}}],"line":6},"1":{"loc":{"start":{"line":9,"column":2},"end":{"line":22,"column":3}},"type":"switch","locations":[{"start":{"line":10,"column":4},"end":{"line":12,"column":12}},{"start":{"line":13,"column":4},"end":{"line":15,"column":12}},{"start":{"line":16,"column":4},"end":{"line":18,"column":12}},{"start":{"line":19,"column":4},"end":{"line":21,"column":12}}],"line":9},"2":{"loc":{"start":{"line":26,"column":35},"end":{"line":26,"column":99}},"type":"cond-expr","locations":[{"start":{"line":26,"column":54},"end":{"line":26,"column":77}},{"start":{"line":26,"column":80},"end":{"line":26,"column":99}}],"line":26}},"s":{"0":0,"1":0,"2":0,"3":0,"4":0,"5":0,"6":0,"7":0,"8":0,"9":0,"10":0,"11":0,"12":0},"f":{"0":0},"b":{"0":[0],"1":[0,0,0,0],"2":[0,0]}}
,"/Users/benjamin/Desktop/dev/bachelor-front/components/ui/Button/ButtonProps.types.ts": {"path":"/Users/benjamin/Desktop/dev/bachelor-front/components/ui/Button/ButtonProps.types.ts","statementMap":{},"fnMap":{},"branchMap":{},"s":{},"f":{},"b":{}}
,"/Users/benjamin/Desktop/dev/bachelor-front/components/ui/Hr/Hr.tsx": {"path":"/Users/benjamin/Desktop/dev/bachelor-front/components/ui/Hr/Hr.tsx","statementMap":{"0":{"start":{"line":3,"column":11},"end":{"line":5,"column":1}},"1":{"start":{"line":4,"column":2},"end":{"line":4,"column":43}},"2":{"start":{"line":7,"column":15},"end":{"line":15,"column":2}}},"fnMap":{"0":{"name":"(anonymous_0)","decl":{"start":{"line":3,"column":11},"end":{"line":3,"column":12}},"loc":{"start":{"line":3,"column":17},"end":{"line":5,"column":1}},"line":3}},"branchMap":{},"s":{"0":0,"1":0,"2":0},"f":{"0":0},"b":{}}
,"/Users/benjamin/Desktop/dev/bachelor-front/components/ui/Input/Input.tsx": {"path":"/Users/benjamin/Desktop/dev/bachelor-front/components/ui/Input/Input.tsx","statementMap":{"0":{"start":{"line":6,"column":14},"end":{"line":29,"column":1}},"1":{"start":{"line":7,"column":22},"end":{"line":17,"column":3}},"2":{"start":{"line":19,"column":2},"end":{"line":28,"column":4}},"3":{"start":{"line":31,"column":15},"end":{"line":44,"column":2}}},"fnMap":{"0":{"name":"(anonymous_0)","decl":{"start":{"line":6,"column":14},"end":{"line":6,"column":15}},"loc":{"start":{"line":6,"column":104},"end":{"line":29,"column":1}},"line":6}},"branchMap":{"0":{"loc":{"start":{"line":6,"column":71},"end":{"line":6,"column":85}},"type":"default-arg","locations":[{"start":{"line":6,"column":80},"end":{"line":6,"column":85}}],"line":6},"1":{"loc":{"start":{"line":21,"column":35},"end":{"line":21,"column":62}},"type":"cond-expr","locations":[{"start":{"line":21,"column":44},"end":{"line":21,"column":55}},{"start":{"line":21,"column":58},"end":{"line":21,"column":62}}],"line":21}},"s":{"0":0,"1":0,"2":0,"3":0},"f":{"0":0},"b":{"0":[0],"1":[0,0]}}
,"/Users/benjamin/Desktop/dev/bachelor-front/components/ui/Input/InputProps.types.ts": {"path":"/Users/benjamin/Desktop/dev/bachelor-front/components/ui/Input/InputProps.types.ts","statementMap":{},"fnMap":{},"branchMap":{},"s":{},"f":{},"b":{}}
,"/Users/benjamin/Desktop/dev/bachelor-front/components/ui/TaskItem/TaskItem.tsx": {"path":"/Users/benjamin/Desktop/dev/bachelor-front/components/ui/TaskItem/TaskItem.tsx","statementMap":{"0":{"start":{"line":14,"column":17},"end":{"line":79,"column":1}},"1":{"start":{"line":15,"column":19},"end":{"line":15,"column":62}},"2":{"start":{"line":17,"column":38},"end":{"line":17,"column":53}},"3":{"start":{"line":18,"column":17},"end":{"line":18,"column":62}},"4":{"start":{"line":18,"column":51},"end":{"line":18,"column":61}},"5":{"start":{"line":23,"column":23},"end":{"line":29,"column":3}},"6":{"start":{"line":24,"column":4},"end":{"line":24,"column":41}},"7":{"start":{"line":26,"column":4},"end":{"line":26,"column":37}},"8":{"start":{"line":27,"column":4},"end":{"line":27,"column":27}},"9":{"start":{"line":28,"column":4},"end":{"line":28,"column":25}},"10":{"start":{"line":31,"column":24},"end":{"line":39,"column":3}},"11":{"start":{"line":32,"column":4},"end":{"line":32,"column":45}},"12":{"start":{"line":33,"column":4},"end":{"line":33,"column":39}},"13":{"start":{"line":35,"column":4},"end":{"line":38,"column":5}},"14":{"start":{"line":36,"column":6},"end":{"line":36,"column":59}},"15":{"start":{"line":37,"column":6},"end":{"line":37,"column":87}},"16":{"start":{"line":41,"column":25},"end":{"line":44,"column":3}},"17":{"start":{"line":42,"column":4},"end":{"line":42,"column":36}},"18":{"start":{"line":43,"column":4},"end":{"line":43,"column":36}},"19":{"start":{"line":46,"column":43},"end":{"line":52,"column":3}},"20":{"start":{"line":47,"column":36},"end":{"line":47,"column":39}},"21":{"start":{"line":49,"column":4},"end":{"line":51,"column":32}},"22":{"start":{"line":50,"column":6},"end":{"line":50,"column":26}},"23":{"start":{"line":54,"column":2},"end":{"line":78,"column":4}},"24":{"start":{"line":81,"column":15},"end":{"line":136,"column":2}}},"fnMap":{"0":{"name":"(anonymous_0)","decl":{"start":{"line":14,"column":17},"end":{"line":14,"column":18}},"loc":{"start":{"line":14,"column":91},"end":{"line":79,"column":1}},"line":14},"1":{"name":"(anonymous_1)","decl":{"start":{"line":18,"column":29},"end":{"line":18,"column":30}},"loc":{"start":{"line":18,"column":51},"end":{"line":18,"column":61}},"line":18},"2":{"name":"(anonymous_2)","decl":{"start":{"line":23,"column":23},"end":{"line":23,"column":24}},"loc":{"start":{"line":23,"column":29},"end":{"line":29,"column":3}},"line":23},"3":{"name":"(anonymous_3)","decl":{"start":{"line":31,"column":24},"end":{"line":31,"column":25}},"loc":{"start":{"line":31,"column":30},"end":{"line":39,"column":3}},"line":31},"4":{"name":"(anonymous_4)","decl":{"start":{"line":41,"column":25},"end":{"line":41,"column":26}},"loc":{"start":{"line":41,"column":31},"end":{"line":44,"column":3}},"line":41},"5":{"name":"(anonymous_5)","decl":{"start":{"line":46,"column":43},"end":{"line":46,"column":44}},"loc":{"start":{"line":46,"column":49},"end":{"line":52,"column":3}},"line":46},"6":{"name":"(anonymous_6)","decl":{"start":{"line":49,"column":35},"end":{"line":49,"column":36}},"loc":{"start":{"line":49,"column":41},"end":{"line":51,"column":5}},"line":49}},"branchMap":{"0":{"loc":{"start":{"line":35,"column":4},"end":{"line":38,"column":5}},"type":"if","locations":[{"start":{"line":35,"column":4},"end":{"line":38,"column":5}},{"start":{},"end":{}}],"line":35},"1":{"loc":{"start":{"line":64,"column":8},"end":{"line":64,"column":75}},"type":"cond-expr","locations":[{"start":{"line":64,"column":21},"end":{"line":64,"column":70}},{"start":{"line":64,"column":73},"end":{"line":64,"column":75}}],"line":64},"2":{"loc":{"start":{"line":65,"column":8},"end":{"line":65,"column":40}},"type":"cond-expr","locations":[{"start":{"line":65,"column":18},"end":{"line":65,"column":33}},{"start":{"line":65,"column":36},"end":{"line":65,"column":40}}],"line":65},"3":{"loc":{"start":{"line":69,"column":7},"end":{"line":75,"column":7}},"type":"binary-expr","locations":[{"start":{"line":69,"column":7},"end":{"line":69,"column":18}},{"start":{"line":70,"column":8},"end":{"line":74,"column":15}}],"line":69},"4":{"loc":{"start":{"line":72,"column":11},"end":{"line":72,"column":88}},"type":"binary-expr","locations":[{"start":{"line":72,"column":11},"end":{"line":72,"column":19}},{"start":{"line":72,"column":23},"end":{"line":72,"column":88}}],"line":72},"5":{"loc":{"start":{"line":73,"column":11},"end":{"line":73,"column":77}},"type":"binary-expr","locations":[{"start":{"line":73,"column":11},"end":{"line":73,"column":18}},{"start":{"line":73,"column":22},"end":{"line":73,"column":77}}],"line":73},"6":{"loc":{"start":{"line":76,"column":7},"end":{"line":76,"column":93}},"type":"binary-expr","locations":[{"start":{"line":76,"column":7},"end":{"line":76,"column":17}},{"start":{"line":76,"column":21},"end":{"line":76,"column":93}}],"line":76}},"s":{"0":0,"1":0,"2":0,"3":0,"4":0,"5":0,"6":0,"7":0,"8":0,"9":0,"10":0,"11":0,"12":0,"13":0,"14":0,"15":0,"16":0,"17":0,"18":0,"19":0,"20":0,"21":0,"22":0,"23":0,"24":0},"f":{"0":0,"1":0,"2":0,"3":0,"4":0,"5":0,"6":0},"b":{"0":[0,0],"1":[0,0],"2":[0,0],"3":[0,0],"4":[0,0],"5":[0,0],"6":[0,0]}}
,"/Users/benjamin/Desktop/dev/bachelor-front/components/ui/TaskItem/TaskItemProps.types.ts": {"path":"/Users/benjamin/Desktop/dev/bachelor-front/components/ui/TaskItem/TaskItemProps.types.ts","statementMap":{},"fnMap":{},"branchMap":{},"s":{},"f":{},"b":{}}
,"/Users/benjamin/Desktop/dev/bachelor-front/components/ui/Title/Title.tsx": {"path":"/Users/benjamin/Desktop/dev/bachelor-front/components/ui/Title/Title.tsx","statementMap":{"0":{"start":{"line":5,"column":14},"end":{"line":35,"column":1}},"1":{"start":{"line":6,"column":97},"end":{"line":32,"column":3}},"2":{"start":{"line":34,"column":2},"end":{"line":34,"column":90}},"3":{"start":{"line":37,"column":15},"end":{"line":42,"column":2}}},"fnMap":{"0":{"name":"(anonymous_0)","decl":{"start":{"line":5,"column":14},"end":{"line":5,"column":15}},"loc":{"start":{"line":5,"column":69},"end":{"line":35,"column":1}},"line":5}},"branchMap":{"0":{"loc":{"start":{"line":5,"column":27},"end":{"line":5,"column":43}},"type":"default-arg","locations":[{"start":{"line":5,"column":39},"end":{"line":5,"column":43}}],"line":5}},"s":{"0":0,"1":0,"2":0,"3":0},"f":{"0":0},"b":{"0":[0]}}
,"/Users/benjamin/Desktop/dev/bachelor-front/components/ui/Title/TitleProps.types.ts": {"path":"/Users/benjamin/Desktop/dev/bachelor-front/components/ui/Title/TitleProps.types.ts","statementMap":{},"fnMap":{},"branchMap":{},"s":{},"f":{},"b":{}}
,"/Users/benjamin/Desktop/dev/bachelor-front/constants/categories.ts": {"path":"/Users/benjamin/Desktop/dev/bachelor-front/constants/categories.ts","statementMap":{},"fnMap":{},"branchMap":{},"s":{},"f":{},"b":{}}
,"/Users/benjamin/Desktop/dev/bachelor-front/constants/days.ts": {"path":"/Users/benjamin/Desktop/dev/bachelor-front/constants/days.ts","statementMap":{},"fnMap":{},"branchMap":{},"s":{},"f":{},"b":{}}
,"/Users/benjamin/Desktop/dev/bachelor-front/constants/images.ts": {"path":"/Users/benjamin/Desktop/dev/bachelor-front/constants/images.ts","statementMap":{"0":{"start":{"line":5,"column":28},"end":{"line":8,"column":1}}},"fnMap":{},"branchMap":{},"s":{"0":0},"f":{},"b":{}}
,"/Users/benjamin/Desktop/dev/bachelor-front/constants/routes.ts": {"path":"/Users/benjamin/Desktop/dev/bachelor-front/constants/routes.ts","statementMap":{},"fnMap":{},"branchMap":{},"s":{},"f":{},"b":{}}
,"/Users/benjamin/Desktop/dev/bachelor-front/constants/style.ts": {"path":"/Users/benjamin/Desktop/dev/bachelor-front/constants/style.ts","statementMap":{"0":{"start":{"line":1,"column":28},"end":{"line":50,"column":1}}},"fnMap":{},"branchMap":{},"s":{"0":1},"f":{},"b":{},"_coverageSchema":"1a1c01bbd47fc00a2c39e90264f33305004495a9","hash":"7e2e610854297d5a6abb163a892d153b3f7c412a"}
,"/Users/benjamin/Desktop/dev/bachelor-front/navigation/AuthNavigator.tsx": {"path":"/Users/benjamin/Desktop/dev/bachelor-front/navigation/AuthNavigator.tsx","statementMap":{"0":{"start":{"line":6,"column":14},"end":{"line":6,"column":36}},"1":{"start":{"line":8,"column":22},"end":{"line":20,"column":1}},"2":{"start":{"line":9,"column":2},"end":{"line":19,"column":4}}},"fnMap":{"0":{"name":"(anonymous_0)","decl":{"start":{"line":8,"column":22},"end":{"line":8,"column":23}},"loc":{"start":{"line":8,"column":28},"end":{"line":20,"column":1}},"line":8}},"branchMap":{},"s":{"0":0,"1":0,"2":0},"f":{"0":0},"b":{}}
,"/Users/benjamin/Desktop/dev/bachelor-front/navigation/BottomTabNavigator.tsx": {"path":"/Users/benjamin/Desktop/dev/bachelor-front/navigation/BottomTabNavigator.tsx","statementMap":{"0":{"start":{"line":6,"column":12},"end":{"line":6,"column":38}},"1":{"start":{"line":8,"column":27},"end":{"line":19,"column":1}},"2":{"start":{"line":9,"column":2},"end":{"line":18,"column":4}}},"fnMap":{"0":{"name":"(anonymous_0)","decl":{"start":{"line":8,"column":27},"end":{"line":8,"column":28}},"loc":{"start":{"line":8,"column":33},"end":{"line":19,"column":1}},"line":8}},"branchMap":{},"s":{"0":0,"1":0,"2":0},"f":{"0":0},"b":{}}
,"/Users/benjamin/Desktop/dev/bachelor-front/navigation/DrawerNavigator.tsx": {"path":"/Users/benjamin/Desktop/dev/bachelor-front/navigation/DrawerNavigator.tsx","statementMap":{"0":{"start":{"line":6,"column":15},"end":{"line":6,"column":38}},"1":{"start":{"line":9,"column":2},"end":{"line":16,"column":4}}},"fnMap":{"0":{"name":"DrawerNavigator","decl":{"start":{"line":8,"column":9},"end":{"line":8,"column":24}},"loc":{"start":{"line":8,"column":27},"end":{"line":17,"column":1}},"line":8}},"branchMap":{},"s":{"0":0,"1":0},"f":{"0":0},"b":{}}
,"/Users/benjamin/Desktop/dev/bachelor-front/navigation/GageStacknavigator.tsx": {"path":"/Users/benjamin/Desktop/dev/bachelor-front/navigation/GageStacknavigator.tsx","statementMap":{"0":{"start":{"line":4,"column":14},"end":{"line":4,"column":36}},"1":{"start":{"line":7,"column":2},"end":{"line":15,"column":4}}},"fnMap":{"0":{"name":"GageStackNavigator","decl":{"start":{"line":6,"column":9},"end":{"line":6,"column":27}},"loc":{"start":{"line":6,"column":30},"end":{"line":16,"column":1}},"line":6}},"branchMap":{},"s":{"0":0,"1":0},"f":{"0":0},"b":{}}
,"/Users/benjamin/Desktop/dev/bachelor-front/screens/AboutScreen.tsx": {"path":"/Users/benjamin/Desktop/dev/bachelor-front/screens/AboutScreen.tsx","statementMap":{"0":{"start":{"line":2,"column":20},"end":{"line":8,"column":1}},"1":{"start":{"line":3,"column":2},"end":{"line":7,"column":4}}},"fnMap":{"0":{"name":"(anonymous_0)","decl":{"start":{"line":2,"column":20},"end":{"line":2,"column":21}},"loc":{"start":{"line":2,"column":26},"end":{"line":8,"column":1}},"line":2}},"branchMap":{},"s":{"0":0,"1":0},"f":{"0":0},"b":{}}
,"/Users/benjamin/Desktop/dev/bachelor-front/screens/CategoryScreen.tsx": {"path":"/Users/benjamin/Desktop/dev/bachelor-front/screens/CategoryScreen.tsx","statementMap":{"0":{"start":{"line":17,"column":23},"end":{"line":116,"column":1}},"1":{"start":{"line":18,"column":19},"end":{"line":18,"column":62}},"2":{"start":{"line":20,"column":46},"end":{"line":20,"column":58}},"3":{"start":{"line":22,"column":25},"end":{"line":22,"column":80}},"4":{"start":{"line":22,"column":59},"end":{"line":22,"column":79}},"5":{"start":{"line":23,"column":20},"end":{"line":23,"column":73}},"6":{"start":{"line":23,"column":54},"end":{"line":23,"column":72}},"7":{"start":{"line":24,"column":26},"end":{"line":24,"column":82}},"8":{"start":{"line":24,"column":60},"end":{"line":24,"column":81}},"9":{"start":{"line":26,"column":27},"end":{"line":26,"column":39}},"10":{"start":{"line":27,"column":24},"end":{"line":27,"column":84}},"11":{"start":{"line":27,"column":53},"end":{"line":27,"column":83}},"12":{"start":{"line":29,"column":28},"end":{"line":34,"column":3}},"13":{"start":{"line":30,"column":17},"end":{"line":30,"column":73}},"14":{"start":{"line":30,"column":52},"end":{"line":30,"column":72}},"15":{"start":{"line":31,"column":23},"end":{"line":31,"column":62}},"16":{"start":{"line":31,"column":42},"end":{"line":31,"column":61}},"17":{"start":{"line":33,"column":4},"end":{"line":33,"column":22}},"18":{"start":{"line":36,"column":38},"end":{"line":55,"column":3}},"19":{"start":{"line":37,"column":25},"end":{"line":37,"column":27}},"20":{"start":{"line":39,"column":4},"end":{"line":52,"column":5}},"21":{"start":{"line":39,"column":17},"end":{"line":39,"column":18}},"22":{"start":{"line":40,"column":6},"end":{"line":51,"column":7}},"23":{"start":{"line":40,"column":19},"end":{"line":40,"column":20}},"24":{"start":{"line":41,"column":36},"end":{"line":41,"column":53}},"25":{"start":{"line":42,"column":31},"end":{"line":42,"column":51}},"26":{"start":{"line":43,"column":8},"end":{"line":43,"column":45}},"27":{"start":{"line":44,"column":8},"end":{"line":44,"column":50}},"28":{"start":{"line":45,"column":8},"end":{"line":45,"column":65}},"29":{"start":{"line":47,"column":8},"end":{"line":50,"column":9}},"30":{"start":{"line":48,"column":10},"end":{"line":48,"column":34}},"31":{"start":{"line":49,"column":10},"end":{"line":49,"column":32}},"32":{"start":{"line":54,"column":4},"end":{"line":54,"column":18}},"33":{"start":{"line":57,"column":31},"end":{"line":61,"column":3}},"34":{"start":{"line":58,"column":4},"end":{"line":58,"column":29}},"35":{"start":{"line":59,"column":4},"end":{"line":59,"column":26}},"36":{"start":{"line":60,"column":4},"end":{"line":60,"column":37}},"37":{"start":{"line":63,"column":22},"end":{"line":68,"column":3}},"38":{"start":{"line":64,"column":27},"end":{"line":64,"column":56}},"39":{"start":{"line":66,"column":4},"end":{"line":66,"column":41}},"40":{"start":{"line":67,"column":4},"end":{"line":67,"column":49}},"41":{"start":{"line":70,"column":2},"end":{"line":115,"column":4}},"42":{"start":{"line":79,"column":31},"end":{"line":79,"column":60}},"43":{"start":{"line":81,"column":12},"end":{"line":93,"column":14}},"44":{"start":{"line":95,"column":34},"end":{"line":95,"column":41}},"45":{"start":{"line":102,"column":88},"end":{"line":102,"column":101}},"46":{"start":{"line":118,"column":15},"end":{"line":143,"column":2}}},"fnMap":{"0":{"name":"(anonymous_0)","decl":{"start":{"line":17,"column":23},"end":{"line":17,"column":24}},"loc":{"start":{"line":17,"column":55},"end":{"line":116,"column":1}},"line":17},"1":{"name":"(anonymous_1)","decl":{"start":{"line":22,"column":37},"end":{"line":22,"column":38}},"loc":{"start":{"line":22,"column":59},"end":{"line":22,"column":79}},"line":22},"2":{"name":"(anonymous_2)","decl":{"start":{"line":23,"column":32},"end":{"line":23,"column":33}},"loc":{"start":{"line":23,"column":54},"end":{"line":23,"column":72}},"line":23},"3":{"name":"(anonymous_3)","decl":{"start":{"line":24,"column":38},"end":{"line":24,"column":39}},"loc":{"start":{"line":24,"column":60},"end":{"line":24,"column":81}},"line":24},"4":{"name":"(anonymous_4)","decl":{"start":{"line":27,"column":37},"end":{"line":27,"column":38}},"loc":{"start":{"line":27,"column":53},"end":{"line":27,"column":83}},"line":27},"5":{"name":"(anonymous_5)","decl":{"start":{"line":29,"column":28},"end":{"line":29,"column":29}},"loc":{"start":{"line":29,"column":47},"end":{"line":34,"column":3}},"line":29},"6":{"name":"(anonymous_6)","decl":{"start":{"line":30,"column":36},"end":{"line":30,"column":37}},"loc":{"start":{"line":30,"column":52},"end":{"line":30,"column":72}},"line":30},"7":{"name":"(anonymous_7)","decl":{"start":{"line":31,"column":32},"end":{"line":31,"column":33}},"loc":{"start":{"line":31,"column":42},"end":{"line":31,"column":61}},"line":31},"8":{"name":"(anonymous_8)","decl":{"start":{"line":36,"column":38},"end":{"line":36,"column":39}},"loc":{"start":{"line":36,"column":44},"end":{"line":55,"column":3}},"line":36},"9":{"name":"(anonymous_9)","decl":{"start":{"line":57,"column":31},"end":{"line":57,"column":32}},"loc":{"start":{"line":57,"column":50},"end":{"line":61,"column":3}},"line":57},"10":{"name":"(anonymous_10)","decl":{"start":{"line":63,"column":22},"end":{"line":63,"column":23}},"loc":{"start":{"line":63,"column":28},"end":{"line":68,"column":3}},"line":63},"11":{"name":"(anonymous_11)","decl":{"start":{"line":78,"column":22},"end":{"line":78,"column":23}},"loc":{"start":{"line":78,"column":36},"end":{"line":94,"column":11}},"line":78},"12":{"name":"(anonymous_12)","decl":{"start":{"line":95,"column":24},"end":{"line":95,"column":25}},"loc":{"start":{"line":95,"column":34},"end":{"line":95,"column":41}},"line":95},"13":{"name":"(anonymous_13)","decl":{"start":{"line":102,"column":82},"end":{"line":102,"column":83}},"loc":{"start":{"line":102,"column":88},"end":{"line":102,"column":101}},"line":102},"14":{"name":"(anonymous_14)","decl":{"start":{"line":107,"column":84},"end":{"line":107,"column":85}},"loc":{"start":{"line":107,"column":90},"end":{"line":107,"column":92}},"line":107}},"branchMap":{"0":{"loc":{"start":{"line":47,"column":8},"end":{"line":50,"column":9}},"type":"if","locations":[{"start":{"line":47,"column":8},"end":{"line":50,"column":9}},{"start":{},"end":{}}],"line":47},"1":{"loc":{"start":{"line":101,"column":11},"end":{"line":111,"column":11}},"type":"cond-expr","locations":[{"start":{"line":102,"column":12},"end":{"line":104,"column":21}},{"start":{"line":106,"column":12},"end":{"line":110,"column":19}}],"line":101},"2":{"loc":{"start":{"line":101,"column":11},"end":{"line":101,"column":61}},"type":"binary-expr","locations":[{"start":{"line":101,"column":11},"end":{"line":101,"column":32}},{"start":{"line":101,"column":36},"end":{"line":101,"column":61}}],"line":101}},"s":{"0":0,"1":0,"2":0,"3":0,"4":0,"5":0,"6":0,"7":0,"8":0,"9":0,"10":0,"11":0,"12":0,"13":0,"14":0,"15":0,"16":0,"17":0,"18":0,"19":0,"20":0,"21":0,"22":0,"23":0,"24":0,"25":0,"26":0,"27":0,"28":0,"29":0,"30":0,"31":0,"32":0,"33":0,"34":0,"35":0,"36":0,"37":0,"38":0,"39":0,"40":0,"41":0,"42":0,"43":0,"44":0,"45":0,"46":0},"f":{"0":0,"1":0,"2":0,"3":0,"4":0,"5":0,"6":0,"7":0,"8":0,"9":0,"10":0,"11":0,"12":0,"13":0,"14":0},"b":{"0":[0,0],"1":[0,0],"2":[0,0]}}
,"/Users/benjamin/Desktop/dev/bachelor-front/screens/HabitsScreen.tsx": {"path":"/Users/benjamin/Desktop/dev/bachelor-front/screens/HabitsScreen.tsx","statementMap":{"0":{"start":{"line":2,"column":21},"end":{"line":8,"column":1}},"1":{"start":{"line":3,"column":2},"end":{"line":7,"column":4}}},"fnMap":{"0":{"name":"(anonymous_0)","decl":{"start":{"line":2,"column":21},"end":{"line":2,"column":22}},"loc":{"start":{"line":2,"column":27},"end":{"line":8,"column":1}},"line":2}},"branchMap":{},"s":{"0":0,"1":0},"f":{"0":0},"b":{}}
,"/Users/benjamin/Desktop/dev/bachelor-front/screens/HomeScreen.tsx": {"path":"/Users/benjamin/Desktop/dev/bachelor-front/screens/HomeScreen.tsx","statementMap":{"0":{"start":{"line":16,"column":38},"end":{"line":76,"column":1}},"1":{"start":{"line":17,"column":19},"end":{"line":17,"column":32}},"2":{"start":{"line":19,"column":2},"end":{"line":24,"column":9}},"3":{"start":{"line":20,"column":4},"end":{"line":20,"column":37}},"4":{"start":{"line":21,"column":4},"end":{"line":21,"column":39}},"5":{"start":{"line":22,"column":4},"end":{"line":22,"column":39}},"6":{"start":{"line":23,"column":4},"end":{"line":23,"column":33}},"7":{"start":{"line":26,"column":24},"end":{"line":26,"column":68}},"8":{"start":{"line":26,"column":58},"end":{"line":26,"column":67}},"9":{"start":{"line":27,"column":63},"end":{"line":27,"column":119}},"10":{"start":{"line":27,"column":97},"end":{"line":27,"column":118}},"11":{"start":{"line":29,"column":21},"end":{"line":29,"column":101}},"12":{"start":{"line":29,"column":50},"end":{"line":29,"column":100}},"13":{"start":{"line":30,"column":18},"end":{"line":30,"column":97}},"14":{"start":{"line":30,"column":47},"end":{"line":30,"column":96}},"15":{"start":{"line":32,"column":2},"end":{"line":34,"column":3}},"16":{"start":{"line":33,"column":4},"end":{"line":33,"column":39}},"17":{"start":{"line":36,"column":2},"end":{"line":38,"column":3}},"18":{"start":{"line":37,"column":4},"end":{"line":37,"column":28}},"19":{"start":{"line":40,"column":2},"end":{"line":75,"column":4}},"20":{"start":{"line":46,"column":12},"end":{"line":46,"column":48}},"21":{"start":{"line":61,"column":14},"end":{"line":61,"column":50}},"22":{"start":{"line":78,"column":15},"end":{"line":117,"column":2}}},"fnMap":{"0":{"name":"(anonymous_0)","decl":{"start":{"line":16,"column":38},"end":{"line":16,"column":39}},"loc":{"start":{"line":16,"column":44},"end":{"line":76,"column":1}},"line":16},"1":{"name":"(anonymous_1)","decl":{"start":{"line":19,"column":12},"end":{"line":19,"column":13}},"loc":{"start":{"line":19,"column":18},"end":{"line":24,"column":3}},"line":19},"2":{"name":"(anonymous_2)","decl":{"start":{"line":26,"column":36},"end":{"line":26,"column":37}},"loc":{"start":{"line":26,"column":58},"end":{"line":26,"column":67}},"line":26},"3":{"name":"(anonymous_3)","decl":{"start":{"line":27,"column":75},"end":{"line":27,"column":76}},"loc":{"start":{"line":27,"column":97},"end":{"line":27,"column":118}},"line":27},"4":{"name":"(anonymous_4)","decl":{"start":{"line":29,"column":40},"end":{"line":29,"column":41}},"loc":{"start":{"line":29,"column":50},"end":{"line":29,"column":100}},"line":29},"5":{"name":"(anonymous_5)","decl":{"start":{"line":30,"column":37},"end":{"line":30,"column":38}},"loc":{"start":{"line":30,"column":47},"end":{"line":30,"column":96}},"line":30},"6":{"name":"(anonymous_6)","decl":{"start":{"line":45,"column":28},"end":{"line":45,"column":29}},"loc":{"start":{"line":46,"column":12},"end":{"line":46,"column":48}},"line":46},"7":{"name":"(anonymous_7)","decl":{"start":{"line":60,"column":27},"end":{"line":60,"column":28}},"loc":{"start":{"line":61,"column":14},"end":{"line":61,"column":50}},"line":61}},"branchMap":{"0":{"loc":{"start":{"line":29,"column":50},"end":{"line":29,"column":100}},"type":"binary-expr","locations":[{"start":{"line":29,"column":50},"end":{"line":29,"column":63}},{"start":{"line":29,"column":67},"end":{"line":29,"column":100}}],"line":29},"1":{"loc":{"start":{"line":30,"column":47},"end":{"line":30,"column":96}},"type":"binary-expr","locations":[{"start":{"line":30,"column":47},"end":{"line":30,"column":59}},{"start":{"line":30,"column":63},"end":{"line":30,"column":96}}],"line":30},"2":{"loc":{"start":{"line":32,"column":2},"end":{"line":34,"column":3}},"type":"if","locations":[{"start":{"line":32,"column":2},"end":{"line":34,"column":3}},{"start":{},"end":{}}],"line":32},"3":{"loc":{"start":{"line":36,"column":2},"end":{"line":38,"column":3}},"type":"if","locations":[{"start":{"line":36,"column":2},"end":{"line":38,"column":3}},{"start":{},"end":{}}],"line":36},"4":{"loc":{"start":{"line":36,"column":6},"end":{"line":36,"column":57}},"type":"binary-expr","locations":[{"start":{"line":36,"column":6},"end":{"line":36,"column":28}},{"start":{"line":36,"column":32},"end":{"line":36,"column":57}}],"line":36},"5":{"loc":{"start":{"line":49,"column":11},"end":{"line":53,"column":11}},"type":"binary-expr","locations":[{"start":{"line":49,"column":11},"end":{"line":49,"column":36}},{"start":{"line":50,"column":12},"end":{"line":52,"column":19}}],"line":49},"6":{"loc":{"start":{"line":63,"column":13},"end":{"line":67,"column":13}},"type":"binary-expr","locations":[{"start":{"line":63,"column":13},"end":{"line":63,"column":35}},{"start":{"line":64,"column":14},"end":{"line":66,"column":21}}],"line":63},"7":{"loc":{"start":{"line":68,"column":13},"end":{"line":68,"column":134}},"type":"cond-expr","locations":[{"start":{"line":68,"column":40},"end":{"line":68,"column":129}},{"start":{"line":68,"column":132},"end":{"line":68,"column":134}}],"line":68}},"s":{"0":0,"1":0,"2":0,"3":0,"4":0,"5":0,"6":0,"7":0,"8":0,"9":0,"10":0,"11":0,"12":0,"13":0,"14":0,"15":0,"16":0,"17":0,"18":0,"19":0,"20":0,"21":0,"22":0},"f":{"0":0,"1":0,"2":0,"3":0,"4":0,"5":0,"6":0,"7":0},"b":{"0":[0,0],"1":[0,0],"2":[0,0],"3":[0,0],"4":[0,0],"5":[0,0],"6":[0,0],"7":[0,0]}}
,"/Users/benjamin/Desktop/dev/bachelor-front/screens/LoadingScreen.tsx": {"path":"/Users/benjamin/Desktop/dev/bachelor-front/screens/LoadingScreen.tsx","statementMap":{"0":{"start":{"line":14,"column":22},"end":{"line":56,"column":1}},"1":{"start":{"line":15,"column":19},"end":{"line":15,"column":32}},"2":{"start":{"line":17,"column":35},"end":{"line":17,"column":81}},"3":{"start":{"line":17,"column":69},"end":{"line":17,"column":80}},"4":{"start":{"line":18,"column":37},"end":{"line":18,"column":90}},"5":{"start":{"line":18,"column":71},"end":{"line":18,"column":89}},"6":{"start":{"line":19,"column":30},"end":{"line":19,"column":86}},"7":{"start":{"line":19,"column":64},"end":{"line":19,"column":85}},"8":{"start":{"line":20,"column":30},"end":{"line":20,"column":76}},"9":{"start":{"line":20,"column":64},"end":{"line":20,"column":75}},"10":{"start":{"line":21,"column":37},"end":{"line":21,"column":83}},"11":{"start":{"line":21,"column":71},"end":{"line":21,"column":82}},"12":{"start":{"line":22,"column":28},"end":{"line":22,"column":73}},"13":{"start":{"line":22,"column":62},"end":{"line":22,"column":72}},"14":{"start":{"line":24,"column":2},"end":{"line":43,"column":9}},"15":{"start":{"line":25,"column":4},"end":{"line":25,"column":46}},"16":{"start":{"line":26,"column":4},"end":{"line":26,"column":46}},"17":{"start":{"line":28,"column":4},"end":{"line":42,"column":5}},"18":{"start":{"line":29,"column":6},"end":{"line":29,"column":43}},"19":{"start":{"line":31,"column":25},"end":{"line":34,"column":7}},"20":{"start":{"line":32,"column":22},"end":{"line":32,"column":48}},"21":{"start":{"line":33,"column":8},"end":{"line":33,"column":37}},"22":{"start":{"line":36,"column":25},"end":{"line":39,"column":7}},"23":{"start":{"line":37,"column":22},"end":{"line":37,"column":40}},"24":{"start":{"line":38,"column":8},"end":{"line":38,"column":88}},"25":{"start":{"line":41,"column":6},"end":{"line":41,"column":19}},"26":{"start":{"line":51,"column":2},"end":{"line":55,"column":4}},"27":{"start":{"line":58,"column":15},"end":{"line":64,"column":2}}},"fnMap":{"0":{"name":"(anonymous_0)","decl":{"start":{"line":14,"column":22},"end":{"line":14,"column":23}},"loc":{"start":{"line":14,"column":47},"end":{"line":56,"column":1}},"line":14},"1":{"name":"(anonymous_1)","decl":{"start":{"line":17,"column":47},"end":{"line":17,"column":48}},"loc":{"start":{"line":17,"column":69},"end":{"line":17,"column":80}},"line":17},"2":{"name":"(anonymous_2)","decl":{"start":{"line":18,"column":49},"end":{"line":18,"column":50}},"loc":{"start":{"line":18,"column":71},"end":{"line":18,"column":89}},"line":18},"3":{"name":"(anonymous_3)","decl":{"start":{"line":19,"column":42},"end":{"line":19,"column":43}},"loc":{"start":{"line":19,"column":64},"end":{"line":19,"column":85}},"line":19},"4":{"name":"(anonymous_4)","decl":{"start":{"line":20,"column":42},"end":{"line":20,"column":43}},"loc":{"start":{"line":20,"column":64},"end":{"line":20,"column":75}},"line":20},"5":{"name":"(anonymous_5)","decl":{"start":{"line":21,"column":49},"end":{"line":21,"column":50}},"loc":{"start":{"line":21,"column":71},"end":{"line":21,"column":82}},"line":21},"6":{"name":"(anonymous_6)","decl":{"start":{"line":22,"column":40},"end":{"line":22,"column":41}},"loc":{"start":{"line":22,"column":62},"end":{"line":22,"column":72}},"line":22},"7":{"name":"(anonymous_7)","decl":{"start":{"line":24,"column":12},"end":{"line":24,"column":13}},"loc":{"start":{"line":24,"column":18},"end":{"line":43,"column":3}},"line":24},"8":{"name":"(anonymous_8)","decl":{"start":{"line":31,"column":25},"end":{"line":31,"column":26}},"loc":{"start":{"line":31,"column":37},"end":{"line":34,"column":7}},"line":31},"9":{"name":"(anonymous_9)","decl":{"start":{"line":36,"column":25},"end":{"line":36,"column":26}},"loc":{"start":{"line":36,"column":37},"end":{"line":39,"column":7}},"line":36}},"branchMap":{"0":{"loc":{"start":{"line":28,"column":4},"end":{"line":42,"column":5}},"type":"if","locations":[{"start":{"line":28,"column":4},"end":{"line":42,"column":5}},{"start":{"line":30,"column":11},"end":{"line":42,"column":5}}],"line":28},"1":{"loc":{"start":{"line":33,"column":15},"end":{"line":33,"column":36}},"type":"cond-expr","locations":[{"start":{"line":33,"column":23},"end":{"line":33,"column":28}},{"start":{"line":33,"column":31},"end":{"line":33,"column":36}}],"line":33},"2":{"loc":{"start":{"line":38,"column":8},"end":{"line":38,"column":87}},"type":"cond-expr","locations":[{"start":{"line":38,"column":16},"end":{"line":38,"column":48}},{"start":{"line":38,"column":51},"end":{"line":38,"column":87}}],"line":38}},"s":{"0":0,"1":0,"2":0,"3":0,"4":0,"5":0,"6":0,"7":0,"8":0,"9":0,"10":0,"11":0,"12":0,"13":0,"14":0,"15":0,"16":0,"17":0,"18":0,"19":0,"20":0,"21":0,"22":0,"23":0,"24":0,"25":0,"26":0,"27":0},"f":{"0":0,"1":0,"2":0,"3":0,"4":0,"5":0,"6":0,"7":0,"8":0,"9":0},"b":{"0":[0,0],"1":[0,0],"2":[0,0]}}
,"/Users/benjamin/Desktop/dev/bachelor-front/screens/ShopScreen.tsx": {"path":"/Users/benjamin/Desktop/dev/bachelor-front/screens/ShopScreen.tsx","statementMap":{"0":{"start":{"line":2,"column":19},"end":{"line":8,"column":1}},"1":{"start":{"line":3,"column":2},"end":{"line":7,"column":4}}},"fnMap":{"0":{"name":"(anonymous_0)","decl":{"start":{"line":2,"column":19},"end":{"line":2,"column":20}},"loc":{"start":{"line":2,"column":25},"end":{"line":8,"column":1}},"line":2}},"branchMap":{},"s":{"0":0,"1":0},"f":{"0":0},"b":{}}
,"/Users/benjamin/Desktop/dev/bachelor-front/screens/SuggestionScreen.tsx": {"path":"/Users/benjamin/Desktop/dev/bachelor-front/screens/SuggestionScreen.tsx","statementMap":{"0":{"start":{"line":2,"column":25},"end":{"line":8,"column":1}},"1":{"start":{"line":3,"column":2},"end":{"line":7,"column":4}}},"fnMap":{"0":{"name":"(anonymous_0)","decl":{"start":{"line":2,"column":25},"end":{"line":2,"column":26}},"loc":{"start":{"line":2,"column":31},"end":{"line":8,"column":1}},"line":2}},"branchMap":{},"s":{"0":0,"1":0},"f":{"0":0},"b":{}}
,"/Users/benjamin/Desktop/dev/bachelor-front/screens/TeamScreen.tsx": {"path":"/Users/benjamin/Desktop/dev/bachelor-front/screens/TeamScreen.tsx","statementMap":{"0":{"start":{"line":12,"column":19},"end":{"line":46,"column":1}},"1":{"start":{"line":13,"column":19},"end":{"line":13,"column":62}},"2":{"start":{"line":14,"column":16},"end":{"line":14,"column":62}},"3":{"start":{"line":14,"column":50},"end":{"line":14,"column":61}},"4":{"start":{"line":16,"column":102},"end":{"line":16,"column":113}},"5":{"start":{"line":18,"column":2},"end":{"line":26,"column":4}},"6":{"start":{"line":20,"column":23},"end":{"line":22,"column":7}},"7":{"start":{"line":21,"column":8},"end":{"line":21,"column":41}},"8":{"start":{"line":24,"column":6},"end":{"line":24,"column":17}},"9":{"start":{"line":28,"column":2},"end":{"line":45,"column":4}},"10":{"start":{"line":48,"column":15},"end":{"line":53,"column":2}}},"fnMap":{"0":{"name":"(anonymous_0)","decl":{"start":{"line":12,"column":19},"end":{"line":12,"column":20}},"loc":{"start":{"line":12,"column":25},"end":{"line":46,"column":1}},"line":12},"1":{"name":"(anonymous_1)","decl":{"start":{"line":14,"column":28},"end":{"line":14,"column":29}},"loc":{"start":{"line":14,"column":50},"end":{"line":14,"column":61}},"line":14},"2":{"name":"(anonymous_2)","decl":{"start":{"line":19,"column":22},"end":{"line":19,"column":23}},"loc":{"start":{"line":19,"column":28},"end":{"line":25,"column":5}},"line":19},"3":{"name":"(anonymous_3)","decl":{"start":{"line":20,"column":23},"end":{"line":20,"column":24}},"loc":{"start":{"line":20,"column":35},"end":{"line":22,"column":7}},"line":20}},"branchMap":{},"s":{"0":0,"1":0,"2":0,"3":0,"4":0,"5":0,"6":0,"7":0,"8":0,"9":0,"10":0},"f":{"0":0,"1":0,"2":0,"3":0},"b":{}}
,"/Users/benjamin/Desktop/dev/bachelor-front/screens/WelcomeScreen.tsx": {"path":"/Users/benjamin/Desktop/dev/bachelor-front/screens/WelcomeScreen.tsx","statementMap":{"0":{"start":{"line":2,"column":22},"end":{"line":8,"column":1}},"1":{"start":{"line":3,"column":2},"end":{"line":7,"column":4}}},"fnMap":{"0":{"name":"(anonymous_0)","decl":{"start":{"line":2,"column":22},"end":{"line":2,"column":23}},"loc":{"start":{"line":2,"column":28},"end":{"line":8,"column":1}},"line":2}},"branchMap":{},"s":{"0":0,"1":0},"f":{"0":0},"b":{}}
,"/Users/benjamin/Desktop/dev/bachelor-front/screens/index.ts": {"path":"/Users/benjamin/Desktop/dev/bachelor-front/screens/index.ts","statementMap":{},"fnMap":{},"branchMap":{},"s":{},"f":{},"b":{}}
,"/Users/benjamin/Desktop/dev/bachelor-front/screens/auth/LinkTogetherScreen.tsx": {"path":"/Users/benjamin/Desktop/dev/bachelor-front/screens/auth/LinkTogetherScreen.tsx","statementMap":{"0":{"start":{"line":12,"column":27},"end":{"line":63,"column":1}},"1":{"start":{"line":13,"column":38},"end":{"line":13,"column":83}},"2":{"start":{"line":13,"column":72},"end":{"line":13,"column":82}},"3":{"start":{"line":14,"column":29},"end":{"line":14,"column":75}},"4":{"start":{"line":14,"column":63},"end":{"line":14,"column":74}},"5":{"start":{"line":15,"column":40},"end":{"line":15,"column":52}},"6":{"start":{"line":17,"column":19},"end":{"line":17,"column":62}},"7":{"start":{"line":19,"column":22},"end":{"line":23,"column":3}},"8":{"start":{"line":20,"column":4},"end":{"line":20,"column":46}},"9":{"start":{"line":21,"column":4},"end":{"line":21,"column":37}},"10":{"start":{"line":22,"column":4},"end":{"line":22,"column":37}},"11":{"start":{"line":25,"column":2},"end":{"line":29,"column":23}},"12":{"start":{"line":26,"column":4},"end":{"line":28,"column":5}},"13":{"start":{"line":27,"column":6},"end":{"line":27,"column":39}},"14":{"start":{"line":31,"column":2},"end":{"line":62,"column":4}},"15":{"start":{"line":65,"column":15},"end":{"line":92,"column":2}}},"fnMap":{"0":{"name":"(anonymous_0)","decl":{"start":{"line":12,"column":27},"end":{"line":12,"column":28}},"loc":{"start":{"line":12,"column":52},"end":{"line":63,"column":1}},"line":12},"1":{"name":"(anonymous_1)","decl":{"start":{"line":13,"column":50},"end":{"line":13,"column":51}},"loc":{"start":{"line":13,"column":72},"end":{"line":13,"column":82}},"line":13},"2":{"name":"(anonymous_2)","decl":{"start":{"line":14,"column":41},"end":{"line":14,"column":42}},"loc":{"start":{"line":14,"column":63},"end":{"line":14,"column":74}},"line":14},"3":{"name":"(anonymous_3)","decl":{"start":{"line":19,"column":22},"end":{"line":19,"column":23}},"loc":{"start":{"line":19,"column":28},"end":{"line":23,"column":3}},"line":19},"4":{"name":"(anonymous_4)","decl":{"start":{"line":25,"column":12},"end":{"line":25,"column":13}},"loc":{"start":{"line":25,"column":18},"end":{"line":29,"column":3}},"line":25},"5":{"name":"(anonymous_5)","decl":{"start":{"line":51,"column":29},"end":{"line":51,"column":30}},"loc":{"start":{"line":51,"column":35},"end":{"line":51,"column":37}},"line":51}},"branchMap":{"0":{"loc":{"start":{"line":26,"column":4},"end":{"line":28,"column":5}},"type":"if","locations":[{"start":{"line":26,"column":4},"end":{"line":28,"column":5}},{"start":{},"end":{}}],"line":26},"1":{"loc":{"start":{"line":50,"column":11},"end":{"line":58,"column":11}},"type":"cond-expr","locations":[{"start":{"line":51,"column":12},"end":{"line":53,"column":21}},{"start":{"line":55,"column":12},"end":{"line":57,"column":21}}],"line":50}},"s":{"0":0,"1":0,"2":0,"3":0,"4":0,"5":0,"6":0,"7":0,"8":0,"9":0,"10":0,"11":0,"12":0,"13":0,"14":0,"15":0},"f":{"0":0,"1":0,"2":0,"3":0,"4":0,"5":0},"b":{"0":[0,0],"1":[0,0]}}
,"/Users/benjamin/Desktop/dev/bachelor-front/screens/auth/LoginScreen.tsx": {"path":"/Users/benjamin/Desktop/dev/bachelor-front/screens/auth/LoginScreen.tsx","statementMap":{"0":{"start":{"line":11,"column":20},"end":{"line":48,"column":1}},"1":{"start":{"line":12,"column":19},"end":{"line":12,"column":32}},"2":{"start":{"line":13,"column":32},"end":{"line":13,"column":59}},"3":{"start":{"line":14,"column":39},"end":{"line":14,"column":59}},"4":{"start":{"line":15,"column":32},"end":{"line":15,"column":77}},"5":{"start":{"line":15,"column":66},"end":{"line":15,"column":76}},"6":{"start":{"line":17,"column":22},"end":{"line":19,"column":3}},"7":{"start":{"line":18,"column":4},"end":{"line":18,"column":58}},"8":{"start":{"line":21,"column":2},"end":{"line":25,"column":27}},"9":{"start":{"line":22,"column":4},"end":{"line":24,"column":5}},"10":{"start":{"line":23,"column":6},"end":{"line":23,"column":39}},"11":{"start":{"line":27,"column":2},"end":{"line":47,"column":4}},"12":{"start":{"line":50,"column":15},"end":{"line":75,"column":2}}},"fnMap":{"0":{"name":"(anonymous_0)","decl":{"start":{"line":11,"column":20},"end":{"line":11,"column":21}},"loc":{"start":{"line":11,"column":45},"end":{"line":48,"column":1}},"line":11},"1":{"name":"(anonymous_1)","decl":{"start":{"line":15,"column":44},"end":{"line":15,"column":45}},"loc":{"start":{"line":15,"column":66},"end":{"line":15,"column":76}},"line":15},"2":{"name":"(anonymous_2)","decl":{"start":{"line":17,"column":22},"end":{"line":17,"column":23}},"loc":{"start":{"line":17,"column":28},"end":{"line":19,"column":3}},"line":17},"3":{"name":"(anonymous_3)","decl":{"start":{"line":21,"column":12},"end":{"line":21,"column":13}},"loc":{"start":{"line":21,"column":18},"end":{"line":25,"column":3}},"line":21}},"branchMap":{"0":{"loc":{"start":{"line":22,"column":4},"end":{"line":24,"column":5}},"type":"if","locations":[{"start":{"line":22,"column":4},"end":{"line":24,"column":5}},{"start":{},"end":{}}],"line":22}},"s":{"0":0,"1":0,"2":0,"3":0,"4":0,"5":0,"6":0,"7":0,"8":0,"9":0,"10":0,"11":0,"12":0},"f":{"0":0,"1":0,"2":0,"3":0},"b":{"0":[0,0]}}
,"/Users/benjamin/Desktop/dev/bachelor-front/screens/auth/RegisterScreen.tsx": {"path":"/Users/benjamin/Desktop/dev/bachelor-front/screens/auth/RegisterScreen.tsx","statementMap":{"0":{"start":{"line":12,"column":23},"end":{"line":81,"column":1}},"1":{"start":{"line":13,"column":31},"end":{"line":13,"column":51}},"2":{"start":{"line":14,"column":32},"end":{"line":14,"column":58}},"3":{"start":{"line":15,"column":39},"end":{"line":15,"column":59}},"4":{"start":{"line":16,"column":64},"end":{"line":16,"column":84}},"5":{"start":{"line":17,"column":42},"end":{"line":17,"column":87}},"6":{"start":{"line":17,"column":76},"end":{"line":17,"column":86}},"7":{"start":{"line":19,"column":19},"end":{"line":19,"column":32}},"8":{"start":{"line":21,"column":22},"end":{"line":24,"column":3}},"9":{"start":{"line":22,"column":4},"end":{"line":22,"column":23}},"10":{"start":{"line":23,"column":4},"end":{"line":23,"column":119}},"11":{"start":{"line":26,"column":2},"end":{"line":30,"column":21}},"12":{"start":{"line":27,"column":4},"end":{"line":29,"column":5}},"13":{"start":{"line":28,"column":6},"end":{"line":28,"column":39}},"14":{"start":{"line":32,"column":2},"end":{"line":44,"column":9}},"15":{"start":{"line":33,"column":23},"end":{"line":36,"column":5}},"16":{"start":{"line":34,"column":20},"end":{"line":34,"column":46}},"17":{"start":{"line":35,"column":6},"end":{"line":35,"column":35}},"18":{"start":{"line":38,"column":23},"end":{"line":41,"column":5}},"19":{"start":{"line":39,"column":20},"end":{"line":39,"column":38}},"20":{"start":{"line":40,"column":6},"end":{"line":40,"column":86}},"21":{"start":{"line":43,"column":4},"end":{"line":43,"column":17}},"22":{"start":{"line":46,"column":2},"end":{"line":80,"column":4}},"23":{"start":{"line":75,"column":62},"end":{"line":75,"column":95}},"24":{"start":{"line":83,"column":15},"end":{"line":107,"column":2}}},"fnMap":{"0":{"name":"(anonymous_0)","decl":{"start":{"line":12,"column":23},"end":{"line":12,"column":24}},"loc":{"start":{"line":12,"column":48},"end":{"line":81,"column":1}},"line":12},"1":{"name":"(anonymous_1)","decl":{"start":{"line":17,"column":54},"end":{"line":17,"column":55}},"loc":{"start":{"line":17,"column":76},"end":{"line":17,"column":86}},"line":17},"2":{"name":"(anonymous_2)","decl":{"start":{"line":21,"column":22},"end":{"line":21,"column":23}},"loc":{"start":{"line":21,"column":34},"end":{"line":24,"column":3}},"line":21},"3":{"name":"(anonymous_3)","decl":{"start":{"line":26,"column":12},"end":{"line":26,"column":13}},"loc":{"start":{"line":26,"column":18},"end":{"line":30,"column":3}},"line":26},"4":{"name":"(anonymous_4)","decl":{"start":{"line":32,"column":12},"end":{"line":32,"column":13}},"loc":{"start":{"line":32,"column":18},"end":{"line":44,"column":3}},"line":32},"5":{"name":"(anonymous_5)","decl":{"start":{"line":33,"column":23},"end":{"line":33,"column":24}},"loc":{"start":{"line":33,"column":35},"end":{"line":36,"column":5}},"line":33},"6":{"name":"(anonymous_6)","decl":{"start":{"line":38,"column":23},"end":{"line":38,"column":24}},"loc":{"start":{"line":38,"column":35},"end":{"line":41,"column":5}},"line":38},"7":{"name":"(anonymous_7)","decl":{"start":{"line":75,"column":56},"end":{"line":75,"column":57}},"loc":{"start":{"line":75,"column":62},"end":{"line":75,"column":95}},"line":75}},"branchMap":{"0":{"loc":{"start":{"line":27,"column":4},"end":{"line":29,"column":5}},"type":"if","locations":[{"start":{"line":27,"column":4},"end":{"line":29,"column":5}},{"start":{},"end":{}}],"line":27},"1":{"loc":{"start":{"line":35,"column":13},"end":{"line":35,"column":34}},"type":"cond-expr","locations":[{"start":{"line":35,"column":21},"end":{"line":35,"column":26}},{"start":{"line":35,"column":29},"end":{"line":35,"column":34}}],"line":35},"2":{"loc":{"start":{"line":40,"column":6},"end":{"line":40,"column":85}},"type":"cond-expr","locations":[{"start":{"line":40,"column":14},"end":{"line":40,"column":46}},{"start":{"line":40,"column":49},"end":{"line":40,"column":85}}],"line":40},"3":{"loc":{"start":{"line":65,"column":11},"end":{"line":65,"column":69}},"type":"cond-expr","locations":[{"start":{"line":65,"column":21},"end":{"line":65,"column":64}},{"start":{"line":65,"column":67},"end":{"line":65,"column":69}}],"line":65}},"s":{"0":0,"1":0,"2":0,"3":0,"4":0,"5":0,"6":0,"7":0,"8":0,"9":0,"10":0,"11":0,"12":0,"13":0,"14":0,"15":0,"16":0,"17":0,"18":0,"19":0,"20":0,"21":0,"22":0,"23":0,"24":0},"f":{"0":0,"1":0,"2":0,"3":0,"4":0,"5":0,"6":0,"7":0},"b":{"0":[0,0],"1":[0,0],"2":[0,0],"3":[0,0]}}
,"/Users/benjamin/Desktop/dev/bachelor-front/screens/gage/GageScreen.tsx": {"path":"/Users/benjamin/Desktop/dev/bachelor-front/screens/gage/GageScreen.tsx","statementMap":{"0":{"start":{"line":11,"column":19},"end":{"line":38,"column":1}},"1":{"start":{"line":12,"column":36},"end":{"line":12,"column":82}},"2":{"start":{"line":12,"column":70},"end":{"line":12,"column":81}},"3":{"start":{"line":14,"column":22},"end":{"line":16,"column":3}},"4":{"start":{"line":15,"column":4},"end":{"line":15,"column":44}},"5":{"start":{"line":18,"column":2},"end":{"line":37,"column":4}},"6":{"start":{"line":26,"column":31},"end":{"line":26,"column":50}},"7":{"start":{"line":40,"column":15},"end":{"line":62,"column":2}}},"fnMap":{"0":{"name":"(anonymous_0)","decl":{"start":{"line":11,"column":19},"end":{"line":11,"column":20}},"loc":{"start":{"line":11,"column":44},"end":{"line":38,"column":1}},"line":11},"1":{"name":"(anonymous_1)","decl":{"start":{"line":12,"column":48},"end":{"line":12,"column":49}},"loc":{"start":{"line":12,"column":70},"end":{"line":12,"column":81}},"line":12},"2":{"name":"(anonymous_2)","decl":{"start":{"line":14,"column":22},"end":{"line":14,"column":23}},"loc":{"start":{"line":14,"column":28},"end":{"line":16,"column":3}},"line":14},"3":{"name":"(anonymous_3)","decl":{"start":{"line":26,"column":25},"end":{"line":26,"column":26}},"loc":{"start":{"line":26,"column":31},"end":{"line":26,"column":50}},"line":26},"4":{"name":"(anonymous_4)","decl":{"start":{"line":31,"column":44},"end":{"line":31,"column":45}},"loc":{"start":{"line":31,"column":50},"end":{"line":31,"column":52}},"line":31}},"branchMap":{"0":{"loc":{"start":{"line":28,"column":9},"end":{"line":34,"column":9}},"type":"cond-expr","locations":[{"start":{"line":29,"column":10},"end":{"line":29,"column":56}},{"start":{"line":31,"column":10},"end":{"line":33,"column":19}}],"line":28}},"s":{"0":0,"1":0,"2":0,"3":0,"4":0,"5":0,"6":0,"7":0},"f":{"0":0,"1":0,"2":0,"3":0,"4":0},"b":{"0":[0,0]}}
,"/Users/benjamin/Desktop/dev/bachelor-front/screens/gage/GageSelectDateScreen.tsx": {"path":"/Users/benjamin/Desktop/dev/bachelor-front/screens/gage/GageSelectDateScreen.tsx","statementMap":{"0":{"start":{"line":9,"column":29},"end":{"line":92,"column":1}},"1":{"start":{"line":10,"column":19},"end":{"line":10,"column":32}},"2":{"start":{"line":12,"column":59},"end":{"line":12,"column":105}},"3":{"start":{"line":12,"column":93},"end":{"line":12,"column":104}},"4":{"start":{"line":14,"column":33},"end":{"line":16,"column":3}},"5":{"start":{"line":15,"column":4},"end":{"line":15,"column":107}},"6":{"start":{"line":18,"column":22},"end":{"line":20,"column":3}},"7":{"start":{"line":19,"column":4},"end":{"line":19,"column":46}},"8":{"start":{"line":22,"column":2},"end":{"line":91,"column":4}},"9":{"start":{"line":30,"column":40},"end":{"line":30,"column":76}},"10":{"start":{"line":31,"column":39},"end":{"line":31,"column":66}},"11":{"start":{"line":32,"column":43},"end":{"line":32,"column":70}},"12":{"start":{"line":35,"column":12},"end":{"line":35,"column":32}},"13":{"start":{"line":38,"column":12},"end":{"line":38,"column":28}},"14":{"start":{"line":80,"column":31},"end":{"line":80,"column":50}},"15":{"start":{"line":94,"column":15},"end":{"line":109,"column":2}}},"fnMap":{"0":{"name":"(anonymous_0)","decl":{"start":{"line":9,"column":29},"end":{"line":9,"column":30}},"loc":{"start":{"line":9,"column":54},"end":{"line":92,"column":1}},"line":9},"1":{"name":"(anonymous_1)","decl":{"start":{"line":12,"column":71},"end":{"line":12,"column":72}},"loc":{"start":{"line":12,"column":93},"end":{"line":12,"column":104}},"line":12},"2":{"name":"(anonymous_2)","decl":{"start":{"line":14,"column":33},"end":{"line":14,"column":34}},"loc":{"start":{"line":14,"column":48},"end":{"line":16,"column":3}},"line":14},"3":{"name":"(anonymous_3)","decl":{"start":{"line":18,"column":22},"end":{"line":18,"column":23}},"loc":{"start":{"line":18,"column":28},"end":{"line":20,"column":3}},"line":18},"4":{"name":"(anonymous_4)","decl":{"start":{"line":30,"column":23},"end":{"line":3
[...]
}},"loc":{"start":{"line":116,"column":65},"end":{"line":119,"column":7}},"line":116},"12":{"name":"(anonymous_12)","decl":{"start":{"line":120,"column":56},"end":{"line":120,"column":57}},"loc":{"start":{"line":120,"column":80},"end":{"line":124,"column":7}},"line":120},"13":{"name":"(anonymous_13)","decl":{"start":{"line":125,"column":55},"end":{"line":125,"column":56}},"loc":{"start":{"line":125,"column":79},"end":{"line":128,"column":7}},"line":125},"14":{"name":"(anonymous_14)","decl":{"start":{"line":130,"column":47},"end":{"line":130,"column":48}},"loc":{"start":{"line":130,"column":58},"end":{"line":133,"column":7}},"line":130},"15":{"name":"(anonymous_15)","decl":{"start":{"line":134,"column":49},"end":{"line":134,"column":50}},"loc":{"start":{"line":134,"column":73},"end":{"line":138,"column":7}},"line":134},"16":{"name":"(anonymous_16)","decl":{"start":{"line":139,"column":48},"end":{"line":139,"column":49}},"loc":{"start":{"line":139,"column":72},"end":{"line":142,"column":7}},"line":139},"17":{"name":"(anonymous_17)","decl":{"start":{"line":144,"column":42},"end":{"line":144,"column":43}},"loc":{"start":{"line":144,"column":53},"end":{"line":146,"column":7}},"line":144},"18":{"name":"(anonymous_18)","decl":{"start":{"line":147,"column":44},"end":{"line":147,"column":45}},"loc":{"start":{"line":147,"column":68},"end":{"line":150,"column":7}},"line":147},"19":{"name":"(anonymous_19)","decl":{"start":{"line":151,"column":43},"end":{"line":151,"column":44}},"loc":{"start":{"line":151,"column":67},"end":{"line":153,"column":7}},"line":151}},"branchMap":{},"s":{"0":0,"1":0,"2":0,"3":0,"4":0,"5":0,"6":0,"7":0,"8":0,"9":0,"10":0,"11":0,"12":0,"13":0,"14":0,"15":0,"16":0,"17":0,"18":0,"19":0,"20":0,"21":0,"22":0,"23":0,"24":0,"25":0,"26":0,"27":0,"28":0,"29":0,"30":0,"31":0,"32":0,"33":0,"34":0,"35":0,"36":0,"37":0,"38":0,"39":0,"40":0,"41":0,"42":0,"43":0,"44":0,"45":0,"46":0,"47":0},"f":{"0":0,"1":0,"2":0,"3":0,"4":0,"5":0,"6":0,"7":0,"8":0,"9":0,"10":0,"11":0,"12":0,"13":0,"14":0,"15":0,"16":0,"17":0,"18":0,"19":0},"b":{}}
,"/Users/benjamin/Desktop/dev/bachelor-front/store/slices/groupSlice.ts": {"path":"/Users/benjamin/Desktop/dev/bachelor-front/store/slices/groupSlice.ts","statementMap":{"0":{"start":{"line":14,"column":33},"end":{"line":20,"column":1}},"1":{"start":{"line":22,"column":34},"end":{"line":29,"column":2}},"2":{"start":{"line":23,"column":2},"end":{"line":28,"column":3}},"3":{"start":{"line":24,"column":17},"end":{"line":24,"column":64}},"4":{"start":{"line":25,"column":4},"end":{"line":25,"column":21}},"5":{"start":{"line":27,"column":4},"end":{"line":27,"column":65}},"6":{"start":{"line":31,"column":41},"end":{"line":38,"column":2}},"7":{"start":{"line":32,"column":2},"end":{"line":37,"column":3}},"8":{"start":{"line":33,"column":17},"end":{"line":33,"column":48}},"9":{"start":{"line":34,"column":4},"end":{"line":34,"column":21}},"10":{"start":{"line":36,"column":4},"end":{"line":36,"column":65}},"11":{"start":{"line":40,"column":19},"end":{"line":81,"column":2}},"12":{"start":{"line":45,"column":6},"end":{"line":45,"column":35}},"13":{"start":{"line":48,"column":6},"end":{"line":48,"column":139}},"14":{"start":{"line":52,"column":4},"end":{"line":79,"column":9}},"15":{"start":{"line":54,"column":8},"end":{"line":54,"column":31}},"16":{"start":{"line":57,"column":8},"end":{"line":57,"column":32}},"17":{"start":{"line":60,"column":8},"end":{"line":60,"column":32}},"18":{"start":{"line":64,"column":8},"end":{"line":64,"column":31}},"19":{"start":{"line":65,"column":8},"end":{"line":65,"column":37}},"20":{"start":{"line":66,"column":8},"end":{"line":66,"column":36}},"21":{"start":{"line":69,"column":8},"end":{"line":69,"column":33}},"22":{"start":{"line":70,"column":8},"end":{"line":70,"column":32}},"23":{"start":{"line":71,"column":8},"end":{"line":71,"column":36}},"24":{"start":{"line":72,"column":8},"end":{"line":72,"column":35}},"25":{"start":{"line":75,"column":8},"end":{"line":75,"column":33}},"26":{"start":{"line":76,"column":8},"end":{"line":76,"column":32}},"27":{"start":{"line":77,"column":8},"end":{"line":77,"column":37}},"28":{"start":{"line":78,"column":8},"end":{"line":78,"column":36}},"29":{"start":{"line":83,"column":45},"end":{"line":83,"column":63}}},"fnMap":{"0":{"name":"(anonymous_0)","decl":{"start":{"line":22,"column":73},"end":{"line":22,"column":74}},"loc":{"start":{"line":22,"column":114},"end":{"line":29,"column":1}},"line":22},"1":{"name":"(anonymous_1)","decl":{"start":{"line":31,"column":82},"end":{"line":31,"column":83}},"loc":{"start":{"line":31,"column":105},"end":{"line":38,"column":1}},"line":31},"2":{"name":"(anonymous_2)","decl":{"start":{"line":44,"column":14},"end":{"line":44,"column":15}},"loc":{"start":{"line":44,"column":33},"end":{"line":46,"column":5}},"line":44},"3":{"name":"(anonymous_3)","decl":{"start":{"line":47,"column":21},"end":{"line":47,"column":22}},"loc":{"start":{"line":47,"column":32},"end":{"line":49,"column":5}},"line":47},"4":{"name":"(anonymous_4)","decl":{"start":{"line":51,"column":2},"end":{"line":51,"column":3}},"loc":{"start":{"line":51,"column":25},"end":{"line":80,"column":3}},"line":51},"5":{"name":"(anonymous_5)","decl":{"start":{"line":53,"column":43},"end":{"line":53,"column":44}},"loc":{"start":{"line":53,"column":54},"end":{"line":55,"column":7}},"line":53},"6":{"name":"(anonymous_6)","decl":{"start":{"line":56,"column":45},"end":{"line":56,"column":46}},"loc":{"start":{"line":56,"column":69},"end":{"line":58,"column":7}},"line":56},"7":{"name":"(anonymous_7)","decl":{"start":{"line":59,"column":44},"end":{"line":59,"column":45}},"loc":{"start":{"line":59,"column":68},"end":{"line":61,"column":7}},"line":59},"8":{"name":"(anonymous_8)","decl":{"start":{"line":63,"column":45},"end":{"line":63,"column":46}},"loc":{"start":{"line":63,"column":56},"end":{"line":67,"column":7}},"line":63},"9":{"name":"(anonymous_9)","decl":{"start":{"line":68,"column":47},"end":{"line":68,"column":48}},"loc":{"start":{"line":68,"column":71},"end":{"line":73,"column":7}},"line":68},"10":{"name":"(anonymous_10)","decl":{"start":{"line":74,"column":46},"end":{"line":74,"column":47}},"loc":{"start":{"line":74,"column":70},"end":{"line":79,"column":7}},"line":74}},"branchMap":{},"s":{"0":0,"1":0,"2":0,"3":0,"4":0,"5":0,"6":0,"7":0,"8":0,"9":0,"10":0,"11":0,"12":0,"13":0,"14":0,"15":0,"16":0,"17":0,"18":0,"19":0,"20":0,"21":0,"22":0,"23":0,"24":0,"25":0,"26":0,"27":0,"28":0,"29":0},"f":{"0":0,"1":0,"2":0,"3":0,"4":0,"5":0,"6":0,"7":0,"8":0,"9":0,"10":0},"b":{}}
,"/Users/benjamin/Desktop/dev/bachelor-front/store/slices/userSlice.ts": {"path":"/Users/benjamin/Desktop/dev/bachelor-front/store/slices/userSlice.ts","statementMap":{"0":{"start":{"line":16,"column":32},"end":{"line":24,"column":1}},"1":{"start":{"line":26,"column":26},"end":{"line":35,"column":2}},"2":{"start":{"line":27,"column":2},"end":{"line":34,"column":3}},"3":{"start":{"line":28,"column":17},"end":{"line":28,"column":57}},"4":{"start":{"line":30,"column":4},"end":{"line":30,"column":26}},"5":{"start":{"line":32,"column":4},"end":{"line":32,"column":32}},"6":{"start":{"line":33,"column":4},"end":{"line":33,"column":65}},"7":{"start":{"line":37,"column":29},"end":{"line":49,"column":1}},"8":{"start":{"line":40,"column":4},"end":{"line":47,"column":5}},"9":{"start":{"line":41,"column":19},"end":{"line":41,"column":62}},"10":{"start":{"line":43,"column":6},"end":{"line":43,"column":23}},"11":{"start":{"line":45,"column":6},"end":{"line":45,"column":37}},"12":{"start":{"line":46,"column":6},"end":{"line":46,"column":67}},"13":{"start":{"line":51,"column":37},"end":{"line":59,"column":2}},"14":{"start":{"line":52,"column":2},"end":{"line":58,"column":3}},"15":{"start":{"line":53,"column":17},"end":{"line":53,"column":69}},"16":{"start":{"line":54,"column":4},"end":{"line":54,"column":21}},"17":{"start":{"line":56,"column":4},"end":{"line":56,"column":43}},"18":{"start":{"line":57,"column":4},"end":{"line":57,"column":65}},"19":{"start":{"line":61,"column":39},"end":{"line":73,"column":1}},"20":{"start":{"line":64,"column":4},"end":{"line":71,"column":5}},"21":{"start":{"line":65,"column":19},"end":{"line":65,"column":78}},"22":{"start":{"line":67,"column":6},"end":{"line":67,"column":23}},"23":{"start":{"line":69,"column":6},"end":{"line":69,"column":52}},"24":{"start":{"line":70,"column":6},"end":{"line":70,"column":67}},"25":{"start":{"line":78,"column":16},"end":{"line":163,"column":2}},"26":{"start":{"line":83,"column":6},"end":{"line":86,"column":8}},"27":{"start":{"line":89,"column":6},"end":{"line":89,"column":49}},"28":{"start":{"line":92,"column":6},"end":{"line":92,"column":49}},"29":{"start":{"line":95,"column":21},"end":{"line":97,"column":7}},"30":{"start":{"line":96,"column":8},"end":{"line":96,"column":38}},"31":{"start":{"line":99,"column":6},"end":{"line":99,"column":15}},"32":{"start":{"line":101,"column":6},"end":{"line":101,"column":24}},"33":{"start":{"line":102,"column":6},"end":{"line":102,"column":29}},"34":{"start":{"line":106,"column":4},"end":{"line":161,"column":9}},"35":{"start":{"line":108,"column":8},"end":{"line":108,"column":31}},"36":{"start":{"line":111,"column":8},"end":{"line":111,"column":32}},"37":{"start":{"line":112,"column":8},"end":{"line":112,"column":39}},"38":{"start":{"line":113,"column":8},"end":{"line":113,"column":34}},"39":{"start":{"line":114,"column":8},"end":{"line":114,"column":37}},"40":{"start":{"line":117,"column":8},"end":{"line":117,"column":32}},"41":{"start":{"line":118,"column":8},"end":{"line":118,"column":35}},"42":{"start":{"line":119,"column":8},"end":{"line":119,"column":32}},"43":{"start":{"line":123,"column":8},"end":{"line":123,"column":31}},"44":{"start":{"line":124,"column":8},"end":{"line":124,"column":35}},"45":{"start":{"line":127,"column":8},"end":{"line":127,"column":32}},"46":{"start":{"line":128,"column":8},"end":{"line":128,"column":34}},"47":{"start":{"line":129,"column":8},"end":{"line":129,"column":30}},"48":{"start":{"line":130,"column":8},"end":{"line":130,"column":37}},"49":{"start":{"line":133,"column":8},"end":{"line":133,"column":32}},"50":{"start":{"line":134,"column":8},"end":{"line":134,"column":31}},"51":{"start":{"line":135,"column":8},"end":{"line":135,"column":29}},"52":{"start":{"line":136,"column":8},"end":{"line":136,"column":32}},"53":{"start":{"line":140,"column":8},"end":{"line":140,"column":31}},"54":{"start":{"line":143,"column":8},"end":{"line":143,"column":32}},"55":{"start":{"line":146,"column":8},"end":{"line":146,"column":32}},"56":{"start":{"line":150,"column":8},"end":{"line":150,"column":31}},"57":{"start":{"line":151,"column":8},"end":{"line":151,"column":36}},"58":{"start":{"line":154,"column":8},"end":{"line":154,"column":32}},"59":{"start":{"line":155,"column":8},"end":{"line":155,"column":35}},"60":{"start":{"line":156,"column":8},"end":{"line":156,"column":29}},"61":{"start":{"line":159,"column":8},"end":{"line":159,"column":32}},"62":{"start":{"line":160,"column":8},"end":{"line":160,"column":36}},"63":{"start":{"line":165,"column":92},"end":{"line":165,"column":109}}},"fnMap":{"0":{"name":"(anonymous_0)","decl":{"start":{"line":26,"column":57},"end":{"line":26,"column":58}},"loc":{"start":{"line":26,"column":122},"end":{"line":35,"column":1}},"line":26},"1":{"name":"(anonymous_1)","decl":{"start":{"line":39,"column":2},"end":{"line":39,"column":3}},"loc":{"start":{"line":39,"column":112},"end":{"line":48,"column":3}},"line":39},"2":{"name":"(anonymous_2)","decl":{"start":{"line":51,"column":79},"end":{"line":51,"column":80}},"loc":{"start":{"line":51,"column":102},"end":{"line":59,"column":1}},"line":51},"3":{"name":"(anonymous_3)","decl":{"start":{"line":63,"column":2},"end":{"line":63,"column":3}},"loc":{"start":{"line":63,"column":70},"end":{"line":72,"column":3}},"line":63},"4":{"name":"(anonymous_4)","decl":{"start":{"line":82,"column":18},"end":{"line":82,"column":19}},"loc":{"start":{"line":82,"column":37},"end":{"line":87,"column":5}},"line":82},"5":{"name":"(anonymous_5)","decl":{"start":{"line":88,"column":28},"end":{"line":88,"column":29}},"loc":{"start":{"line":88,"column":47},"end":{"line":90,"column":5}},"line":88},"6":{"name":"(anonymous_6)","decl":{"start":{"line":91,"column":28},"end":{"line":91,"column":29}},"loc":{"start":{"line":91,"column":47},"end":{"line":93,"column":5}},"line":91},"7":{"name":"(anonymous_7)","decl":{"start":{"line":94,"column":16},"end":{"line":94,"column":17}},"loc":{"start":{"line":94,"column":27},"end":{"line":103,"column":5}},"line":94},"8":{"name":"(anonymous_8)","decl":{"start":{"line":95,"column":21},"end":{"line":95,"column":22}},"loc":{"start":{"line":95,"column":33},"end":{"line":97,"column":7}},"line":95},"9":{"name":"(anonymous_9)","decl":{"start":{"line":105,"column":17},"end":{"line":105,"column":18}},"loc":{"start":{"line":105,"column":30},"end":{"line":162,"column":3}},"line":105},"10":{"name":"(anonymous_10)","decl":{"start":{"line":107,"column":33},"end":{"line":107,"column":34}},"loc":{"start":{"line":107,"column":44},"end":{"line":109,"column":7}},"line":107},"11":{"name":"(anonymous_11)","decl":{"start":{"line":110,"column":35},"end":{"line":110,"column":36}},"loc":{"start":{"line":110,"column":59},"end":{"line":115,"column":7}},"line":110},"12":{"name":"(anonymous_12)","decl":{"start":{"line":116,"column":34},"end":{"line":116,"column":35}},"loc":{"start":{"line":116,"column":58},"end":{"line":120,"column":7}},"line":116},"13":{"name":"(anonymous_13)","decl":{"start":{"line":122,"column":30},"end":{"line":122,"column":31}},"loc":{"start":{"line":122,"column":41},"end":{"line":125,"column":7}},"line":122},"14":{"name":"(anonymous_14)","decl":{"start":{"line":126,"column":32},"end":{"line":126,"column":33}},"loc":{"start":{"line":126,"column":56},"end":{"line":131,"column":7}},"line":126},"15":{"name":"(anonymous_15)","decl":{"start":{"line":132,"column":31},"end":{"line":132,"column":32}},"loc":{"start":{"line":132,"column":55},"end":{"line":137,"column":7}},"line":132},"16":{"name":"(anonymous_16)","decl":{"start":{"line":139,"column":48},"end":{"line":139,"column":49}},"loc":{"start":{"line":139,"column":59},"end":{"line":141,"column":7}},"line":139},"17":{"name":"(anonymous_17)","decl":{"start":{"line":142,"column":50},"end":{"line":142,"column":51}},"loc":{"start":{"line":142,"column":74},"end":{"line":144,"column":7}},"line":142},"18":{"name":"(anonymous_18)","decl":{"start":{"line":145,"column":49},"end":{"line":145,"column":50}},"loc":{"start":{"line":145,"column":73},"end":{"line":147,"column":7}},"line":145},"19":{"name":"(anonymous_19)","decl":{"start":{"line":149,"column":41},"end":{"line":149,"column":42}},"loc":{"start":{"line":149,"column":52},"end":{"line":152,"column":7}},"line":149},"20":{"name":"(anonymous_20)","decl":{"start":{"line":153,"column":43},"end":{"line":153,"column":44}},"loc":{"start":{"line":153,"column":67},"end":{"line":157,"column":7}},"line":153},"21":{"name":"(anonymous_21)","decl":{"start":{"line":158,"column":42},"end":{"line":158,"column":43}},"loc":{"start":{"line":158,"column":66},"end":{"line":161,"column":7}},"line":158}},"branchMap":{},"s":{"0":0,"1":0,"2":0,"3":0,"4":0,"5":0,"6":0,"7":0,"8":0,"9":0,"10":0,"11":0,"12":0,"13":0,"14":0,"15":0,"16":0,"17":0,"18":0,"19":0,"20":0,"21":0,"22":0,"23":0,"24":0,"25":0,"26":0,"27":0,"28":0,"29":0,"30":0,"31":0,"32":0,"33":0,"34":0,"35":0,"36":0,"37":0,"38":0,"39":0,"40":0,"41":0,"42":0,"43":0,"44":0,"45":0,"46":0,"47":0,"48":0,"49":0,"50":0,"51":0,"52":0,"53":0,"54":0,"55":0,"56":0,"57":0,"58":0,"59":0,"60":0,"61":0,"62":0,"63":0},"f":{"0":0,"1":0,"2":0,"3":0,"4":0,"5":0,"6":0,"7":0,"8":0,"9":0,"10":0,"11":0,"12":0,"13":0,"14":0,"15":0,"16":0,"17":0,"18":0,"19":0,"20":0,"21":0},"b":{}}
,"/Users/benjamin/Desktop/dev/bachelor-front/types/Category.ts": {"path":"/Users/benjamin/Desktop/dev/bachelor-front/types/Category.ts","statementMap":{},"fnMap":{},"branchMap":{},"s":{},"f":{},"b":{}}
,"/Users/benjamin/Desktop/dev/bachelor-front/types/Day.ts": {"path":"/Users/benjamin/Desktop/dev/bachelor-front/types/Day.ts","statementMap":{},"fnMap":{},"branchMap":{},"s":{},"f":{},"b":{}}
,"/Users/benjamin/Desktop/dev/bachelor-front/types/Gage.ts": {"path":"/Users/benjamin/Desktop/dev/bachelor-front/types/Gage.ts","statementMap":{},"fnMap":{},"branchMap":{},"s":{},"f":{},"b":{}}
,"/Users/benjamin/Desktop/dev/bachelor-front/types/GageTask.ts": {"path":"/Users/benjamin/Desktop/dev/bachelor-front/types/GageTask.ts","statementMap":{},"fnMap":{},"branchMap":{},"s":{},"f":{},"b":{}}
,"/Users/benjamin/Desktop/dev/bachelor-front/types/Group.ts": {"path":"/Users/benjamin/Desktop/dev/bachelor-front/types/Group.ts","statementMap":{},"fnMap":{},"branchMap":{},"s":{},"f":{},"b":{}}
,"/Users/benjamin/Desktop/dev/bachelor-front/types/Task.ts": {"path":"/Users/benjamin/Desktop/dev/bachelor-front/types/Task.ts","statementMap":{},"fnMap":{},"branchMap":{},"s":{},"f":{},"b":{}}
,"/Users/benjamin/Desktop/dev/bachelor-front/types/User.ts": {"path":"/Users/benjamin/Desktop/dev/bachelor-front/types/User.ts","statementMap":{},"fnMap":{},"branchMap":{},"s":{},"f":{},"b":{}}
,"/Users/benjamin/Desktop/dev/bachelor-front/utils/checkTaskIsPresent.ts": {"path":"/Users/benjamin/Desktop/dev/bachelor-front/utils/checkTaskIsPresent.ts","statementMap":{"0":{"start":{"line":9,"column":34},"end":{"line":11,"column":1}},"1":{"start":{"line":10,"column":2},"end":{"line":10,"column":118}},"2":{"start":{"line":10,"column":40},"end":{"line":10,"column":116}}},"fnMap":{"0":{"name":"(anonymous_0)","decl":{"start":{"line":9,"column":34},"end":{"line":9,"column":35}},"loc":{"start":{"line":9,"column":86},"end":{"line":11,"column":1}},"line":9},"1":{"name":"(anonymous_1)","decl":{"start":{"line":10,"column":27},"end":{"line":10,"column":28}},"loc":{"start":{"line":10,"column":40},"end":{"line":10,"column":116}},"line":10}},"branchMap":{"0":{"loc":{"start":{"line":10,"column":40},"end":{"line":10,"column":116}},"type":"binary-expr","locations":[{"start":{"line":10,"column":40},"end":{"line":10,"column":67}},{"start":{"line":10,"column":71},"end":{"line":10,"column":116}}],"line":10}},"s":{"0":0,"1":0,"2":0},"f":{"0":0,"1":0},"b":{"0":[0,0]}}
,"/Users/benjamin/Desktop/dev/bachelor-front/utils/secureStore.ts": {"path":"/Users/benjamin/Desktop/dev/bachelor-front/utils/secureStore.ts","statementMap":{"0":{"start":{"line":4,"column":2},"end":{"line":4,"column":45}},"1":{"start":{"line":8,"column":15},"end":{"line":8,"column":50}},"2":{"start":{"line":9,"column":2},"end":{"line":9,"column":16}},"3":{"start":{"line":13,"column":2},"end":{"line":13,"column":41}}},"fnMap":{"0":{"name":"save","decl":{"start":{"line":3,"column":22},"end":{"line":3,"column":26}},"loc":{"start":{"line":3,"column":55},"end":{"line":5,"column":1}},"line":3},"1":{"name":"getValueFor","decl":{"start":{"line":7,"column":22},"end":{"line":7,"column":33}},"loc":{"start":{"line":7,"column":47},"end":{"line":10,"column":1}},"line":7},"2":{"name":"deleteValueFor","decl":{"start":{"line":12,"column":22},"end":{"line":12,"column":36}},"loc":{"start":{"line":12,"column":50},"end":{"line":14,"column":1}},"line":12}},"branchMap":{},"s":{"0":0,"1":0,"2":0,"3":0},"f":{"0":0,"1":0,"2":0},"b":{}}
,"/Users/benjamin/Desktop/dev/bachelor-front/utils/http/axios.ts": {"path":"/Users/benjamin/Desktop/dev/bachelor-front/utils/http/axios.ts","statementMap":{"0":{"start":{"line":4,"column":20},"end":{"line":9,"column":2}},"1":{"start":{"line":11,"column":0},"end":{"line":17,"column":3}},"2":{"start":{"line":12,"column":16},"end":{"line":12,"column":42}},"3":{"start":{"line":14,"column":2},"end":{"line":14,"column":54}},"4":{"start":{"line":16,"column":2},"end":{"line":16,"column":16}}},"fnMap":{"0":{"name":"(anonymous_0)","decl":{"start":{"line":11,"column":37},"end":{"line":11,"column":38}},"loc":{"start":{"line":11,"column":55},"end":{"line":17,"column":1}},"line":11}},"branchMap":{},"s":{"0":0,"1":0,"2":0,"3":0,"4":0},"f":{"0":0},"b":{}}
}
