{"/Users/benjamin/Desktop/dev/perso/travail_bachelor/bachelor-front/App.tsx": {"path":"/Users/benjamin/Desktop/dev/perso/travail_bachelor/bachelor-front/App.tsx","statementMap":{"0":{"start":{"line":11,"column":16},"end":{"line":21,"column":1}},"1":{"start":{"line":24,"column":24},"end":{"line":28,"column":4}},"2":{"start":{"line":30,"column":2},"end":{"line":43,"column":3}},"3":{"start":{"line":33,"column":4},"end":{"line":42,"column":6}},"4":{"start":{"line":46,"column":15},"end":{"line":53,"column":2}}},"fnMap":{"0":{"name":"App","decl":{"start":{"line":23,"column":24},"end":{"line":23,"column":27}},"loc":{"start":{"line":23,"column":30},"end":{"line":44,"column":1}},"line":23}},"branchMap":{"0":{"loc":{"start":{"line":30,"column":2},"end":{"line":43,"column":3}},"type":"if","locations":[{"start":{"line":30,"column":2},"end":{"line":43,"column":3}},{"start":{"line":32,"column":9},"end":{"line":43,"column":3}}],"line":30}},"s":{"0":0,"1":0,"2":0,"3":0,"4":0},"f":{"0":0},"b":{"0":[0,0]}}
,"/Users/benjamin/Desktop/dev/perso/travail_bachelor/bachelor-front/components/index.ts": {"path":"/Users/benjamin/Desktop/dev/perso/travail_bachelor/bachelor-front/components/index.ts","statementMap":{},"fnMap":{},"branchMap":{},"s":{},"f":{},"b":{}}
,"/Users/benjamin/Desktop/dev/perso/travail_bachelor/bachelor-front/components/category/BadgeDay/BadgeDay.tsx": {"path":"/Users/benjamin/Desktop/dev/perso/travail_bachelor/bachelor-front/components/category/BadgeDay/BadgeDay.tsx","statementMap":{"0":{"start":{"line":4,"column":17},"end":{"line":10,"column":1}},"1":{"start":{"line":5,"column":2},"end":{"line":9,"column":4}},"2":{"start":{"line":12,"column":15},"end":{"line":26,"column":2}}},"fnMap":{"0":{"name":"(anonymous_0)","decl":{"start":{"line":4,"column":17},"end":{"line":4,"column":18}},"loc":{"start":{"line":4,"column":49},"end":{"line":10,"column":1}},"line":4}},"branchMap":{},"s":{"0":1,"1":1,"2":1},"f":{"0":1},"b":{},"_coverageSchema":"1a1c01bbd47fc00a2c39e90264f33305004495a9","hash":"fa91206d31e13d4cc3bd636850f1bcb049e79531"}
,"/Users/benjamin/Desktop/dev/perso/travail_bachelor/bachelor-front/components/category/BadgeDay/BadgeDayProps.types.ts": {"path":"/Users/benjamin/Desktop/dev/perso/travail_bachelor/bachelor-front/components/category/BadgeDay/BadgeDayProps.types.ts","statementMap":{},"fnMap":{},"branchMap":{},"s":{},"f":{},"b":{}}
,"/Users/benjamin/Desktop/dev/perso/travail_bachelor/bachelor-front/components/category/DaySelector/DaySelector.tsx": {"path":"/Users/benjamin/Desktop/dev/perso/travail_bachelor/bachelor-front/components/category/DaySelector/DaySelector.tsx","statementMap":{"0":{"start":{"line":9,"column":20},"end":{"line":34,"column":1}},"1":{"start":{"line":10,"column":19},"end":{"line":10,"column":32}},"2":{"start":{"line":11,"column":38},"end":{"line":11,"column":53}},"3":{"start":{"line":13,"column":25},"end":{"line":13,"column":80}},"4":{"start":{"line":13,"column":59},"end":{"line":13,"column":79}},"5":{"start":{"line":15,"column":21},"end":{"line":25,"column":3}},"6":{"start":{"line":16,"column":4},"end":{"line":16,"column":31}},"7":{"start":{"line":18,"column":4},"end":{"line":20,"column":5}},"8":{"start":{"line":19,"column":6},"end":{"line":19,"column":44}},"9":{"start":{"line":22,"column":4},"end":{"line":24,"column":5}},"10":{"start":{"line":23,"column":6},"end":{"line":23,"column":41}},"11":{"start":{"line":27,"column":2},"end":{"line":33,"column":4}},"12":{"start":{"line":28,"column":30},"end":{"line":28,"column":42}},"13":{"start":{"line":36,"column":15},"end":{"line":57,"column":2}}},"fnMap":{"0":{"name":"(anonymous_0)","decl":{"start":{"line":9,"column":20},"end":{"line":9,"column":21}},"loc":{"start":{"line":9,"column":53},"end":{"line":34,"column":1}},"line":9},"1":{"name":"(anonymous_1)","decl":{"start":{"line":13,"column":37},"end":{"line":13,"column":38}},"loc":{"start":{"line":13,"column":59},"end":{"line":13,"column":79}},"line":13},"2":{"name":"(anonymous_2)","decl":{"start":{"line":15,"column":21},"end":{"line":15,"column":22}},"loc":{"start":{"line":15,"column":27},"end":{"line":25,"column":3}},"line":15},"3":{"name":"(anonymous_3)","decl":{"start":{"line":28,"column":24},"end":{"line":28,"column":25}},"loc":{"start":{"line":28,"column":30},"end":{"line":28,"column":42}},"line":28}},"branchMap":{"0":{"loc":{"start":{"line":18,"column":4},"end":{"line":20,"column":5}},"type":"if","locations":[{"start":{"line":18,"column":4},"end":{"line":20,"column":5}},{"start":{},"end":{}}],"line":18},"1":{"loc":{"start":{"line":22,"column":4},"end":{"line":24,"column":5}},"type":"if","locations":[{"start":{"line":22,"column":4},"end":{"line":24,"column":5}},{"start":{},"end":{}}],"line":22},"2":{"loc":{"start":{"line":28,"column":70},"end":{"line":28,"column":111}},"type":"cond-expr","locations":[{"start":{"line":28,"column":83},"end":{"line":28,"column":104}},{"start":{"line":28,"column":107},"end":{"line":28,"column":111}}],"line":28},"3":{"loc":{"start":{"line":30,"column":22},"end":{"line":30,"column":70}},"type":"cond-expr","locations":[{"start":{"line":30,"column":35},"end":{"line":30,"column":56}},{"start":{"line":30,"column":59},"end":{"line":30,"column":70}}],"line":30}},"s":{"0":0,"1":0,"2":0,"3":0,"4":0,"5":0,"6":0,"7":0,"8":0,"9":0,"10":0,"11":0,"12":0,"13":0},"f":{"0":0,"1":0,"2":0,"3":0},"b":{"0":[0,0],"1":[0,0],"2":[0,0],"3":[0,0]}}
,"/Users/benjamin/Desktop/dev/perso/travail_bachelor/bachelor-front/components/category/DaySelector/DaySelectorProps.types.ts": {"path":"/Users/benjamin/Desktop/dev/perso/travail_bachelor/bachelor-front/components/category/DaySelector/DaySelectorProps.types.ts","statementMap":{},"fnMap":{},"branchMap":{},"s":{},"f":{},"b":{}}
,"/Users/benjamin/Desktop/dev/perso/travail_bachelor/bachelor-front/components/category/DaysSelectorContainer/DaysSelectorContainer.tsx": {"path":"/Users/benjamin/Desktop/dev/perso/travail_bachelor/bachelor-front/components/category/DaysSelectorContainer/DaysSelectorContainer.tsx","statementMap":{"0":{"start":{"line":6,"column":34},"end":{"line":6,"column":133}},"1":{"start":{"line":8,"column":30},"end":{"line":19,"column":1}},"2":{"start":{"line":9,"column":2},"end":{"line":18,"column":4}},"3":{"start":{"line":14,"column":10},"end":{"line":14,"column":49}},"4":{"start":{"line":21,"column":15},"end":{"line":28,"column":2}}},"fnMap":{"0":{"name":"(anonymous_0)","decl":{"start":{"line":8,"column":30},"end":{"line":8,"column":31}},"loc":{"start":{"line":8,"column":36},"end":{"line":19,"column":1}},"line":8},"1":{"name":"(anonymous_1)","decl":{"start":{"line":13,"column":24},"end":{"line":13,"column":25}},"loc":{"start":{"line":14,"column":10},"end":{"line":14,"column":49}},"line":14}},"branchMap":{},"s":{"0":0,"1":0,"2":0,"3":0,"4":0},"f":{"0":0,"1":0},"b":{}}
,"/Users/benjamin/Desktop/dev/perso/travail_bachelor/bachelor-front/components/category/TaskItemCategory/TaskItemCategory.tsx": {"path":"/Users/benjamin/Desktop/dev/perso/travail_bachelor/bachelor-front/components/category/TaskItemCategory/TaskItemCategory.tsx","statementMap":{"0":{"start":{"line":10,"column":25},"end":{"line":63,"column":1}},"1":{"start":{"line":20,"column":40},"end":{"line":20,"column":55}},"2":{"start":{"line":22,"column":31},"end":{"line":49,"column":3}},"3":{"start":{"line":23,"column":4},"end":{"line":31,"column":5}},"4":{"start":{"line":24,"column":28},"end":{"line":26,"column":8}},"5":{"start":{"line":25,"column":8},"end":{"line":25,"column":27}},"6":{"start":{"line":28,"column":6},"end":{"line":28,"column":39}},"7":{"start":{"line":29,"column":6},"end":{"line":29,"column":28}},"8":{"start":{"line":30,"column":6},"end":{"line":30,"column":13}},"9":{"start":{"line":33,"column":28},"end":{"line":42,"column":5}},"10":{"start":{"line":44,"column":4},"end":{"line":44,"column":33}},"11":{"start":{"line":46,"column":4},"end":{"line":48,"column":5}},"12":{"start":{"line":47,"column":6},"end":{"line":47,"column":59}},"13":{"start":{"line":47,"column":38},"end":{"line":47,"column":57}},"14":{"start":{"line":51,"column":2},"end":{"line":62,"column":4}},"15":{"start":{"line":57,"column":10},"end":{"line":57,"column":53}},"16":{"start":{"line":65,"column":15},"end":{"line":115,"column":2}}},"fnMap":{"0":{"name":"(anonymous_0)","decl":{"start":{"line":10,"column":25},"end":{"line":10,"column":26}},"loc":{"start":{"line":19,"column":29},"end":{"line":63,"column":1}},"line":19},"1":{"name":"(anonymous_1)","decl":{"start":{"line":22,"column":31},"end":{"line":22,"column":32}},"loc":{"start":{"line":22,"column":37},"end":{"line":49,"column":3}},"line":22},"2":{"name":"(anonymous_2)","decl":{"start":{"line":24,"column":50},"end":{"line":24,"column":51}},"loc":{"start":{"line":24,"column":57},"end":{"line":26,"column":7}},"line":24},"3":{"name":"(anonymous_3)","decl":{"start":{"line":47,"column":24},"end":{"line":47,"column":25}},"loc":{"start":{"line":47,"column":38},"end":{"line":47,"column":57}},"line":47},"4":{"name":"(anonymous_4)","decl":{"start":{"line":56,"column":18},"end":{"line":56,"column":19}},"loc":{"start":{"line":57,"column":10},"end":{"line":57,"column":53}},"line":57}},"branchMap":{"0":{"loc":{"start":{"line":23,"column":4},"end":{"line":31,"column":5}},"type":"if","locations":[{"start":{"line":23,"column":4},"end":{"line":31,"column":5}},{"start":{},"end":{}}],"line":23},"1":{"loc":{"start":{"line":46,"column":4},"end":{"line":48,"column":5}},"type":"if","locations":[{"start":{"line":46,"column":4},"end":{"line":48,"column":5}},{"start":{},"end":{}}],"line":46},"2":{"loc":{"start":{"line":52,"column":72},"end":{"line":52,"column":116}},"type":"cond-expr","locations":[{"start":{"line":52,"column":86},"end":{"line":52,"column":99}},{"start":{"line":52,"column":102},"end":{"line":52,"column":116}}],"line":52}},"s":{"0":0,"1":0,"2":0,"3":0,"4":0,"5":0,"6":0,"7":0,"8":0,"9":0,"10":0,"11":0,"12":0,"13":0,"14":0,"15":0,"16":0},"f":{"0":0,"1":0,"2":0,"3":0,"4":0},"b":{"0":[0,0],"1":[0,0],"2":[0,0]}}
,"/Users/benjamin/Desktop/dev/perso/travail_bachelor/bachelor-front/components/category/TaskItemCategory/TaskItemCategoryProps.types.ts": {"path":"/Users/benjamin/Desktop/dev/perso/travail_bachelor/bachelor-front/components/category/TaskItemCategory/TaskItemCategoryProps.types.ts","statementMap":{},"fnMap":{},"branchMap":{},"s":{},"f":{},"b":{}}
,"/Users/benjamin/Desktop/dev/perso/travail_bachelor/bachelor-front/components/gage/CategoryDropdownItem/CategoryDropdownItem.tsx": {"path":"/Users/benjamin/Desktop/dev/perso/travail_bachelor/bachelor-front/components/gage/CategoryDropdownItem/CategoryDropdownItem.tsx","statementMap":{"0":{"start":{"line":8,"column":29},"end":{"line":24,"column":1}},"1":{"start":{"line":9,"column":19},"end":{"line":9,"column":32}},"2":{"start":{"line":10,"column":65},"end":{"line":10,"column":70}},"3":{"start":{"line":12,"column":22},"end":{"line":15,"column":3}},"4":{"start":{"line":13,"column":4},"end":{"line":13,"column":68}},"5":{"start":{"line":14,"column":4},"end":{"line":14,"column":53}},"6":{"start":{"line":17,"column":2},"end":{"line":23,"column":4}},"7":{"start":{"line":26,"column":15},"end":{"line":47,"column":2}}},"fnMap":{"0":{"name":"(anonymous_0)","decl":{"start":{"line":8,"column":29},"end":{"line":8,"column":30}},"loc":{"start":{"line":8,"column":67},"end":{"line":24,"column":1}},"line":8},"1":{"name":"(anonymous_1)","decl":{"start":{"line":12,"column":22},"end":{"line":12,"column":23}},"loc":{"start":{"line":12,"column":28},"end":{"line":15,"column":3}},"line":12}},"branchMap":{"0":{"loc":{"start":{"line":19,"column":36},"end":{"line":19,"column":63}},"type":"cond-expr","locations":[{"start":{"line":19,"column":45},"end":{"line":19,"column":58}},{"start":{"line":19,"column":61},"end":{"line":19,"column":63}}],"line":19},"1":{"loc":{"start":{"line":20,"column":35},"end":{"line":20,"column":66}},"type":"cond-expr","locations":[{"start":{"line":20,"column":44},"end":{"line":20,"column":61}},{"start":{"line":20,"column":64},"end":{"line":20,"column":66}}],"line":20}},"s":{"0":0,"1":0,"2":0,"3":0,"4":0,"5":0,"6":0,"7":0},"f":{"0":0,"1":0},"b":{"0":[0,0],"1":[0,0]}}
,"/Users/benjamin/Desktop/dev/perso/travail_bachelor/bachelor-front/components/gage/CategoryDropdownItem/CategoryDropdownItemProps.types.ts": {"path":"/Users/benjamin/Desktop/dev/perso/travail_bachelor/bachelor-front/components/gage/CategoryDropdownItem/CategoryDropdownItemProps.types.ts","statementMap":{},"fnMap":{},"branchMap":{},"s":{},"f":{},"b":{}}
,"/Users/benjamin/Desktop/dev/perso/travail_bachelor/bachelor-front/components/gage/CustomCalendar/CustomCalendar.tsx": {"path":"/Users/benjamin/Desktop/dev/perso/travail_bachelor/bachelor-front/components/gage/CustomCalendar/CustomCalendar.tsx","statementMap":{"0":{"start":{"line":4,"column":23},"end":{"line":37,"column":1}},"1":{"start":{"line":5,"column":22},"end":{"line":5,"column":32}},"2":{"start":{"line":6,"column":18},"end":{"line":6,"column":65}},"3":{"start":{"line":8,"column":19},"end":{"line":8,"column":31}},"4":{"start":{"line":9,"column":39},"end":{"line":9,"column":57}},"5":{"start":{"line":11,"column":17},"end":{"line":20,"column":3}},"6":{"start":{"line":12,"column":11},"end":{"line":18,"column":5}},"7":{"start":{"line":22,"column":2},"end":{"line":36,"column":4}},"8":{"start":{"line":31,"column":8},"end":{"line":31,"column":36}},"9":{"start":{"line":32,"column":8},"end":{"line":32,"column":52}}},"fnMap":{"0":{"name":"(anonymous_0)","decl":{"start":{"line":4,"column":23},"end":{"line":4,"column":24}},"loc":{"start":{"line":4,"column":39},"end":{"line":37,"column":1}},"line":4},"1":{"name":"(anonymous_1)","decl":{"start":{"line":12,"column":4},"end":{"line":12,"column":5}},"loc":{"start":{"line":12,"column":11},"end":{"line":18,"column":5}},"line":12},"2":{"name":"(anonymous_2)","decl":{"start":{"line":30,"column":18},"end":{"line":30,"column":19}},"loc":{"start":{"line":30,"column":27},"end":{"line":33,"column":7}},"line":30}},"branchMap":{"0":{"loc":{"start":{"line":32,"column":8},"end":{"line":32,"column":51}},"type":"binary-expr","locations":[{"start":{"line":32,"column":8},"end":{"line":32,"column":25}},{"start":{"line":32,"column":29},"end":{"line":32,"column":51}}],"line":32}},"s":{"0":0,"1":0,"2":0,"3":0,"4":0,"5":0,"6":0,"7":0,"8":0,"9":0},"f":{"0":0,"1":0,"2":0},"b":{"0":[0,0]}}
,"/Users/benjamin/Desktop/dev/perso/travail_bachelor/bachelor-front/components/gage/DropdownCategories/DropdownCategories.tsx": {"path":"/Users/benjamin/Desktop/dev/perso/travail_bachelor/bachelor-front/components/gage/DropdownCategories/DropdownCategories.tsx","statementMap":{"0":{"start":{"line":6,"column":27},"end":{"line":17,"column":1}},"1":{"start":{"line":7,"column":36},"end":{"line":7,"column":82}},"2":{"start":{"line":7,"column":70},"end":{"line":7,"column":81}},"3":{"start":{"line":8,"column":25},"end":{"line":8,"column":76}},"4":{"start":{"line":8,"column":59},"end":{"line":8,"column":75}},"5":{"start":{"line":10,"column":2},"end":{"line":16,"column":4}},"6":{"start":{"line":13,"column":8},"end":{"line":13,"column":120}},"7":{"start":{"line":19,"column":15},"end":{"line":25,"column":2}}},"fnMap":{"0":{"name":"(anonymous_0)","decl":{"start":{"line":6,"column":27},"end":{"line":6,"column":28}},"loc":{"start":{"line":6,"column":33},"end":{"line":17,"column":1}},"line":6},"1":{"name":"(anonymous_1)","decl":{"start":{"line":7,"column":48},"end":{"line":7,"column":49}},"loc":{"start":{"line":7,"column":70},"end":{"line":7,"column":81}},"line":7},"2":{"name":"(anonymous_2)","decl":{"start":{"line":8,"column":37},"end":{"line":8,"column":38}},"loc":{"start":{"line":8,"column":59},"end":{"line":8,"column":75}},"line":8},"3":{"name":"(anonymous_3)","decl":{"start":{"line":12,"column":22},"end":{"line":12,"column":23}},"loc":{"start":{"line":13,"column":8},"end":{"line":13,"column":120}},"line":13}},"branchMap":{"0":{"loc":{"start":{"line":13,"column":52},"end":{"line":13,"column":106}},"type":"cond-expr","locations":[{"start":{"line":13,"column":94},"end":{"line":13,"column":98}},{"start":{"line":13,"column":101},"end":{"line":13,"column":106}}],"line":13}},"s":{"0":0,"1":0,"2":0,"3":0,"4":0,"5":0,"6":0,"7":0},"f":{"0":0,"1":0,"2":0,"3":0},"b":{"0":[0,0]}}
,"/Users/benjamin/Desktop/dev/perso/travail_bachelor/bachelor-front/components/gage/DropdownGagesTasks/DropdownGagesTasks.tsx": {"path":"/Users/benjamin/Desktop/dev/perso/travail_bachelor/bachelor-front/components/gage/DropdownGagesTasks/DropdownGagesTasks.tsx","statementMap":{"0":{"start":{"line":8,"column":27},"end":{"line":22,"column":1}},"1":{"start":{"line":9,"column":44},"end":{"line":9,"column":90}},"2":{"start":{"line":9,"column":78},"end":{"line":9,"column":89}},"3":{"start":{"line":11,"column":2},"end":{"line":21,"column":4}},"4":{"start":{"line":14,"column":8},"end":{"line":18,"column":10}},"5":{"start":{"line":24,"column":15},"end":{"line":30,"column":2}}},"fnMap":{"0":{"name":"(anonymous_0)","decl":{"start":{"line":8,"column":27},"end":{"line":8,"column":28}},"loc":{"start":{"line":8,"column":33},"end":{"line":22,"column":1}},"line":8},"1":{"name":"(anonymous_1)","decl":{"start":{"line":9,"column":56},"end":{"line":9,"column":57}},"loc":{"start":{"line":9,"column":78},"end":{"line":9,"column":89}},"line":9},"2":{"name":"(anonymous_2)","decl":{"start":{"line":13,"column":29},"end":{"line":13,"column":30}},"loc":{"start":{"line":13,"column":45},"end":{"line":19,"column":7}},"line":13}},"branchMap":{"0":{"loc":{"start":{"line":15,"column":44},"end":{"line":15,"column":96}},"type":"cond-expr","locations":[{"start":{"line":15,"column":58},"end":{"line":15,"column":63}},{"start":{"line":15,"column":66},"end":{"line":15,"column":96}}],"line":15},"1":{"loc":{"start":{"line":15,"column":66},"end":{"line":15,"column":96}},"type":"binary-expr","locations":[{"start":{"line":15,"column":66},"end":{"line":15,"column":70}},{"start":{"line":15,"column":74},"end":{"line":15,"column":96}}],"line":15}},"s":{"0":0,"1":0,"2":0,"3":0,"4":0,"5":0},"f":{"0":0,"1":0,"2":0},"b":{"0":[0,0],"1":[0,0]}}
,"/Users/benjamin/Desktop/dev/perso/travail_bachelor/bachelor-front/components/gage/GageTaskDropdownItem/GageTaskDropdownItem.tsx": {"path":"/Users/benjamin/Desktop/dev/perso/travail_bachelor/bachelor-front/components/gage/GageTaskDropdownItem/GageTaskDropdownItem.tsx","statementMap":{"0":{"start":{"line":8,"column":29},"end":{"line":44,"column":1}},"1":{"start":{"line":9,"column":53},"end":{"line":9,"column":58}},"2":{"start":{"line":11,"column":19},"end":{"line":11,"column":64}},"3":{"start":{"line":11,"column":53},"end":{"line":11,"column":63}},"4":{"start":{"line":13,"column":19},"end":{"line":13,"column":32}},"5":{"start":{"line":15,"column":24},"end":{"line":15,"column":48}},"6":{"start":{"line":15,"column":30},"end":{"line":15,"column":48}},"7":{"start":{"line":17,"column":22},"end":{"line":27,"column":3}},"8":{"start":{"line":18,"column":30},"end":{"line":23,"column":5}},"9":{"start":{"line":25,"column":4},"end":{"line":25,"column":48}},"10":{"start":{"line":26,"column":4},"end":{"line":26,"column":65}},"11":{"start":{"line":29,"column":2},"end":{"line":43,"column":4}},"12":{"start":{"line":46,"column":15},"end":{"line":103,"column":2}}},"fnMap":{"0":{"name":"(anonymous_0)","decl":{"start":{"line":8,"column":29},"end":{"line":8,"column":30}},"loc":{"start":{"line":8,"column":96},"end":{"line":44,"column":1}},"line":8},"1":{"name":"(anonymous_1)","decl":{"start":{"line":11,"column":31},"end":{"line":11,"column":32}},"loc":{"start":{"line":11,"column":53},"end":{"line":11,"column":63}},"line":11},"2":{"name":"(anonymous_2)","decl":{"start":{"line":15,"column":24},"end":{"line":15,"column":25}},"loc":{"start":{"line":15,"column":30},"end":{"line":15,"column":48}},"line":15},"3":{"name":"(anonymous_3)","decl":{"start":{"line":17,"column":22},"end":{"line":17,"column":23}},"loc":{"start":{"line":17,"column":28},"end":{"line":27,"column":3}},"line":17},"4":{"name":"(anonymous_4)","decl":{"start":{"line":31,"column":33},"end":{"line":31,"column":34}},"loc":{"start":{"line":31,"column":39},"end":{"line":31,"column":41}},"line":31}},"branchMap":{"0":{"loc":{"start":{"line":31,"column":15},"end":{"line":31,"column":55}},"type":"cond-expr","locations":[{"start":{"line":31,"column":33},"end":{"line":31,"column":41}},{"start":{"line":31,"column":44},"end":{"line":31,"column":55}}],"line":31},"1":{"loc":{"start":{"line":32,"column":14},"end":{"line":32,"column":74}},"type":"cond-expr","locations":[{"start":{"line":32,"column":32},"end":{"line":32,"column":57}},{"start":{"line":32,"column":60},"end":{"line":32,"column":74}}],"line":32},"2":{"loc":{"start":{"line":32,"column":76},"end":{"line":32,"column":111}},"type":"cond-expr","locations":[{"start":{"line":32,"column":89},"end":{"line":32,"column":106}},{"start":{"line":32,"column":109},"end":{"line":32,"column":111}}],"line":32},"3":{"loc":{"start":{"line":35,"column":36},"end":{"line":35,"column":75}},"type":"cond-expr","locations":[{"start":{"line":35,"column":49},"end":{"line":35,"column":70}},{"start":{"line":35,"column":73},"end":{"line":35,"column":75}}],"line":35},"4":{"loc":{"start":{"line":36,"column":42},"end":{"line":36,"column":81}},"type":"cond-expr","locations":[{"start":{"line":36,"column":55},"end":{"line":36,"column":76}},{"start":{"line":36,"column":79},"end":{"line":36,"column":81}}],"line":36},"5":{"loc":{"start":{"line":37,"column":9},"end":{"line":37,"column":134}},"type":"cond-expr","locations":[{"start":{"line":37,"column":30},"end":{"line":37,"column":129}},{"start":{"line":37,"column":132},"end":{"line":37,"column":134}}],"line":37},"6":{"loc":{"start":{"line":40,"column":39},"end":{"line":40,"column":78}},"type":"cond-expr","locations":[{"start":{"line":40,"column":52},"end":{"line":40,"column":73}},{"start":{"line":40,"column":76},"end":{"line":40,"column":78}}],"line":40}},"s":{"0":0,"1":0,"2":0,"3":0,"4":0,"5":0,"6":0,"7":0,"8":0,"9":0,"10":0,"11":0,"12":0},"f":{"0":0,"1":0,"2":0,"3":0,"4":0},"b":{"0":[0,0],"1":[0,0],"2":[0,0],"3":[0,0],"4":[0,0],"5":[0,0],"6":[0,0]}}
,"/Users/benjamin/Desktop/dev/perso/travail_bachelor/bachelor-front/components/gage/GageTaskDropdownItem/GageTaskDropdownItemProps.types.ts": {"path":"/Users/benjamin/Desktop/dev/perso/travail_bachelor/bachelor-front/components/gage/GageTaskDropdownItem/GageTaskDropdownItemProps.types.ts","statementMap":{},"fnMap":{},"branchMap":{},"s":{},"f":{},"b":{}}
,"/Users/benjamin/Desktop/dev/perso/travail_bachelor/bachelor-front/components/gage/GageTeamItem/GageTeamItem.tsx": {"path":"/Users/benjamin/Desktop/dev/perso/travail_bachelor/bachelor-front/components/gage/GageTeamItem/GageTeamItem.tsx","statementMap":{"0":{"start":{"line":5,"column":21},"end":{"line":16,"column":1}},"1":{"start":{"line":6,"column":2},"end":{"line":15,"column":4}},"2":{"start":{"line":18,"column":15},"end":{"line":32,"column":2}}},"fnMap":{"0":{"name":"(anonymous_0)","decl":{"start":{"line":5,"column":21},"end":{"line":5,"column":22}},"loc":{"start":{"line":5,"column":126},"end":{"line":16,"column":1}},"line":5}},"branchMap":{},"s":{"0":0,"1":0,"2":0},"f":{"0":0},"b":{}}
,"/Users/benjamin/Desktop/dev/perso/travail_bachelor/bachelor-front/components/gage/GagesTeam/GagesTeam.tsx": {"path":"/Users/benjamin/Desktop/dev/perso/travail_bachelor/bachelor-front/components/gage/GagesTeam/GagesTeam.tsx","statementMap":{"0":{"start":{"line":9,"column":18},"end":{"line":23,"column":1}},"1":{"start":{"line":10,"column":37},"end":{"line":10,"column":83}},"2":{"start":{"line":10,"column":71},"end":{"line":10,"column":82}},"3":{"start":{"line":12,"column":2},"end":{"line":22,"column":4}},"4":{"start":{"line":16,"column":10},"end":{"line":16,"column":56}},"5":{"start":{"line":25,"column":15},"end":{"line":30,"column":2}}},"fnMap":{"0":{"name":"(anonymous_0)","decl":{"start":{"line":9,"column":18},"end":{"line":9,"column":19}},"loc":{"start":{"line":9,"column":24},"end":{"line":23,"column":1}},"line":9},"1":{"name":"(anonymous_1)","decl":{"start":{"line":10,"column":49},"end":{"line":10,"column":50}},"loc":{"start":{"line":10,"column":71},"end":{"line":10,"column":82}},"line":10},"2":{"name":"(anonymous_2)","decl":{"start":{"line":15,"column":35},"end":{"line":15,"column":36}},"loc":{"start":{"line":15,"column":52},"end":{"line":17,"column":9}},"line":15}},"branchMap":{"0":{"loc":{"start":{"line":14,"column":7},"end":{"line":20,"column":7}},"type":"cond-expr","locations":[{"start":{"line":15,"column":8},"end":{"line":17,"column":10}},{"start":{"line":19,"column":8},"end":{"line":19,"column":64}}],"line":14}},"s":{"0":0,"1":0,"2":0,"3":0,"4":0,"5":0},"f":{"0":0,"1":0,"2":0},"b":{"0":[0,0]}}
,"/Users/benjamin/Desktop/dev/perso/travail_bachelor/bachelor-front/components/home/CategoriesList/CategoriesList.tsx": {"path":"/Users/benjamin/Desktop/dev/perso/travail_bachelor/bachelor-front/components/home/CategoriesList/CategoriesList.tsx","statementMap":{"0":{"start":{"line":5,"column":23},"end":{"line":13,"column":1}},"1":{"start":{"line":6,"column":2},"end":{"line":12,"column":4}},"2":{"start":{"line":9,"column":8},"end":{"line":9,"column":67}},"3":{"start":{"line":15,"column":15},"end":{"line":21,"column":2}}},"fnMap":{"0":{"name":"(anonymous_0)","decl":{"start":{"line":5,"column":23},"end":{"line":5,"column":24}},"loc":{"start":{"line":5,"column":29},"end":{"line":13,"column":1}},"line":5},"1":{"name":"(anonymous_1)","decl":{"start":{"line":8,"column":37},"end":{"line":8,"column":38}},"loc":{"start":{"line":8,"column":58},"end":{"line":10,"column":7}},"line":8}},"branchMap":{},"s":{"0":0,"1":0,"2":0,"3":0},"f":{"0":0,"1":0},"b":{}}
,"/Users/benjamin/Desktop/dev/perso/travail_bachelor/bachelor-front/components/home/CategoryItem/CategoryItem.tsx": {"path":"/Users/benjamin/Desktop/dev/perso/travail_bachelor/bachelor-front/components/home/CategoryItem/CategoryItem.tsx","statementMap":{"0":{"start":{"line":7,"column":21},"end":{"line":19,"column":1}},"1":{"start":{"line":8,"column":21},"end":{"line":8,"column":41}},"2":{"start":{"line":9,"column":23},"end":{"line":9,"column":31}},"3":{"start":{"line":11,"column":2},"end":{"line":18,"column":4}},"4":{"start":{"line":12,"column":55},"end":{"line":12,"column":123}},"5":{"start":{"line":21,"column":15},"end":{"line":42,"column":2}}},"fnMap":{"0":{"name":"(anonymous_0)","decl":{"start":{"line":7,"column":21},"end":{"line":7,"column":22}},"loc":{"start":{"line":7,"column":58},"end":{"line":19,"column":1}},"line":7},"1":{"name":"(anonymous_1)","decl":{"start":{"line":12,"column":49},"end":{"line":12,"column":50}},"loc":{"start":{"line":12,"column":55},"end":{"line":12,"column":123}},"line":12}},"branchMap":{},"s":{"0":0,"1":0,"2":0,"3":0,"4":0,"5":0},"f":{"0":0,"1":0},"b":{}}
,"/Users/benjamin/Desktop/dev/perso/travail_bachelor/bachelor-front/components/home/CategoryItem/CategoryItemProps.types.ts": {"path":"/Users/benjamin/Desktop/dev/perso/travail_bachelor/bachelor-front/components/home/CategoryItem/CategoryItemProps.types.ts","statementMap":{},"fnMap":{},"branchMap":{},"s":{},"f":{},"b":{}}
,"/Users/benjamin/Desktop/dev/perso/travail_bachelor/bachelor-front/components/home/DayItem/DayItem.tsx": {"path":"/Users/benjamin/Desktop/dev/perso/travail_bachelor/bachelor-front/components/home/DayItem/DayItem.tsx","statementMap":{"0":{"start":{"line":8,"column":16},"end":{"line":18,"column":1}},"1":{"start":{"line":9,"column":19},"end":{"line":9,"column":32}},"2":{"start":{"line":11,"column":24},"end":{"line":11,"column":68}},"3":{"start":{"line":11,"column":58},"end":{"line":11,"column":67}},"4":{"start":{"line":13,"column":2},"end":{"line":17,"column":4}},"5":{"start":{"line":14,"column":30},"end":{"line":14,"column":74}},"6":{"start":{"line":20,"column":15},"end":{"line":28,"column":2}}},"fnMap":{"0":{"name":"(anonymous_0)","decl":{"start":{"line":8,"column":16},"end":{"line":8,"column":17}},"loc":{"start":{"line":8,"column":48},"end":{"line":18,"column":1}},"line":8},"1":{"name":"(anonymous_1)","decl":{"start":{"line":11,"column":36},"end":{"line":11,"column":37}},"loc":{"start":{"line":11,"column":58},"end":{"line":11,"column":67}},"line":11},"2":{"name":"(anonymous_2)","decl":{"start":{"line":14,"column":24},"end":{"line":14,"column":25}},"loc":{"start":{"line":14,"column":30},"end":{"line":14,"column":74}},"line":14}},"branchMap":{"0":{"loc":{"start":{"line":15,"column":19},"end":{"line":15,"column":86}},"type":"cond-expr","locations":[{"start":{"line":15,"column":44},"end":{"line":15,"column":72}},{"start":{"line":15,"column":75},"end":{"line":15,"column":86}}],"line":15}},"s":{"0":0,"1":0,"2":0,"3":0,"4":0,"5":0,"6":0},"f":{"0":0,"1":0,"2":0},"b":{"0":[0,0]}}
,"/Users/benjamin/Desktop/dev/perso/travail_bachelor/bachelor-front/components/home/DayItem/DayItemProps.types.ts": {"path":"/Users/benjamin/Desktop/dev/perso/travail_bachelor/bachelor-front/components/home/DayItem/DayItemProps.types.ts","statementMap":{},"fnMap":{},"branchMap":{},"s":{},"f":{},"b":{}}
,"/Users/benjamin/Desktop/dev/perso/travail_bachelor/bachelor-front/components/home/DaysContainer/DaysContainer.tsx": {"path":"/Users/benjamin/Desktop/dev/perso/travail_bachelor/bachelor-front/components/home/DaysContainer/DaysContainer.tsx","statementMap":{"0":{"start":{"line":5,"column":22},"end":{"line":17,"column":1}},"1":{"start":{"line":6,"column":2},"end":{"line":16,"column":4}},"2":{"start":{"line":19,"column":15},"end":{"line":25,"column":2}}},"fnMap":{"0":{"name":"(anonymous_0)","decl":{"start":{"line":5,"column":22},"end":{"line":5,"column":23}},"loc":{"start":{"line":5,"column":28},"end":{"line":17,"column":1}},"line":5}},"branchMap":{},"s":{"0":0,"1":0,"2":0},"f":{"0":0},"b":{}}
,"/Users/benjamin/Desktop/dev/perso/travail_bachelor/bachelor-front/components/home/NoTasksGuide/NoTasksGuide.tsx": {"path":"/Users/benjamin/Desktop/dev/perso/travail_bachelor/bachelor-front/components/home/NoTasksGuide/NoTasksGuide.tsx","statementMap":{"0":{"start":{"line":9,"column":21},"end":{"line":24,"column":1}},"1":{"start":{"line":10,"column":19},"end":{"line":10,"column":64}},"2":{"start":{"line":10,"column":53},"end":{"line":10,"column":63}},"3":{"start":{"line":12,"column":2},"end":{"line":23,"column":4}},"4":{"start":{"line":26,"column":15},"end":{"line":48,"column":2}}},"fnMap":{"0":{"name":"(anonymous_0)","decl":{"start":{"line":9,"column":21},"end":{"line":9,"column":22}},"loc":{"start":{"line":9,"column":27},"end":{"line":24,"column":1}},"line":9},"1":{"name":"(anonymous_1)","decl":{"start":{"line":10,"column":31},"end":{"line":10,"column":32}},"loc":{"start":{"line":10,"column":53},"end":{"line":10,"column":63}},"line":10}},"branchMap":{},"s":{"0":0,"1":0,"2":0,"3":0,"4":0},"f":{"0":0,"1":0},"b":{}}
,"/Users/benjamin/Desktop/dev/perso/travail_bachelor/bachelor-front/components/ui/Button/Button.tsx": {"path":"/Users/benjamin/Desktop/dev/perso/travail_bachelor/bachelor-front/components/ui/Button/Button.tsx","statementMap":{"0":{"start":{"line":6,"column":15},"end":{"line":31,"column":1}},"1":{"start":{"line":7,"column":20},"end":{"line":7,"column":24}},"2":{"start":{"line":9,"column":2},"end":{"line":22,"column":3}},"3":{"start":{"line":11,"column":6},"end":{"line":11,"column":30}},"4":{"start":{"line":12,"column":6},"end":{"line":12,"column":12}},"5":{"start":{"line":14,"column":6},"end":{"line":14,"column":30}},"6":{"start":{"line":15,"column":6},"end":{"line":15,"column":12}},"7":{"start":{"line":17,"column":6},"end":{"line":17,"column":30}},"8":{"start":{"line":18,"column":6},"end":{"line":18,"column":12}},"9":{"start":{"line":20,"column":6},"end":{"line":20,"column":30}},"10":{"start":{"line":21,"column":6},"end":{"line":21,"column":12}},"11":{"start":{"line":24,"column":2},"end":{"line":30,"column":4}},"12":{"start":{"line":33,"column":15},"end":{"line":58,"column":2}}},"fnMap":{"0":{"name":"(anonymous_0)","decl":{"start":{"line":6,"column":15},"end":{"line":6,"column":16}},"loc":{"start":{"line":6,"column":112},"end":{"line":31,"column":1}},"line":6}},"branchMap":{"0":{"loc":{"start":{"line":6,"column":35},"end":{"line":6,"column":65}},"type":"default-arg","locations":[{"start":{"line":6,"column":42},"end":{"line":6,"column":65}}],"line":6},"1":{"loc":{"start":{"line":9,"column":2},"end":{"line":22,"column":3}},"type":"switch","locations":[{"start":{"line":10,"column":4},"end":{"line":12,"column":12}},{"start":{"line":13,"column":4},"end":{"line":15,"column":12}},{"start":{"line":16,"column":4},"end":{"line":18,"column":12}},{"start":{"line":19,"column":4},"end":{"line":21,"column":12}}],"line":9},"2":{"loc":{"start":{"line":26,"column":35},"end":{"line":26,"column":99}},"type":"cond-expr","locations":[{"start":{"line":26,"column":54},"end":{"line":26,"column":77}},{"start":{"line":26,"column":80},"end":{"line":26,"column":99}}],"line":26}},"s":{"0":0,"1":0,"2":0,"3":0,"4":0,"5":0,"6":0,"7":0,"8":0,"9":0,"10":0,"11":0,"12":0},"f":{"0":0},"b":{"0":[0],"1":[0,0,0,0],"2":[0,0]}}
,"/Users/benjamin/Desktop/dev/perso/travail_bachelor/bachelor-front/components/ui/Button/ButtonProps.types.ts": {"path":"/Users/benjamin/Desktop/dev/perso/travail_bachelor/bachelor-front/components/ui/Button/ButtonProps.types.ts","statementMap":{},"fnMap":{},"branchMap":{},"s":{},"f":{},"b":{}}
,"/Users/benjamin/Desktop/dev/perso/travail_bachelor/bachelor-front/components/ui/Hr/Hr.tsx": {"path":"/Users/benjamin/Desktop/dev/perso/travail_bachelor/bachelor-front/components/ui/Hr/Hr.tsx","statementMap":{"0":{"start":{"line":3,"column":11},"end":{"line":5,"column":1}},"1":{"start":{"line":4,"column":2},"end":{"line":4,"column":43}},"2":{"start":{"line":7,"column":15},"end":{"line":15,"column":2}}},"fnMap":{"0":{"name":"(anonymous_0)","decl":{"start":{"line":3,"column":11},"end":{"line":3,"column":12}},"loc":{"start":{"line":3,"column":17},"end":{"line":5,"column":1}},"line":3}},"branchMap":{},"s":{"0":0,"1":0,"2":0},"f":{"0":0},"b":{}}
,"/Users/benjamin/Desktop/dev/perso/travail_bachelor/bachelor-front/components/ui/Input/Input.tsx": {"path":"/Users/benjamin/Desktop/dev/perso/travail_bachelor/bachelor-front/components/ui/Input/Input.tsx","statementMap":{"0":{"start":{"line":6,"column":14},"end":{"line":29,"column":1}},"1":{"start":{"line":7,"column":22},"end":{"line":17,"column":3}},"2":{"start":{"line":19,"column":2},"end":{"line":28,"column":4}},"3":{"start":{"line":31,"column":15},"end":{"line":44,"column":2}}},"fnMap":{"0":{"name":"(anonymous_0)","decl":{"start":{"line":6,"column":14},"end":{"line":6,"column":15}},"loc":{"start":{"line":6,"column":104},"end":{"line":29,"column":1}},"line":6}},"branchMap":{"0":{"loc":{"start":{"line":6,"column":71},"end":{"line":6,"column":85}},"type":"default-arg","locations":[{"start":{"line":6,"column":80},"end":{"line":6,"column":85}}],"line":6},"1":{"loc":{"start":{"line":21,"column":35},"end":{"line":21,"column":62}},"type":"cond-expr","locations":[{"start":{"line":21,"column":44},"end":{"line":21,"column":55}},{"start":{"line":21,"column":58},"end":{"line":21,"column":62}}],"line":21}},"s":{"0":0,"1":0,"2":0,"3":0},"f":{"0":0},"b":{"0":[0],"1":[0,0]}}
,"/Users/benjamin/Desktop/dev/perso/travail_bachelor/bachelor-front/components/ui/Input/InputProps.types.ts": {"path":"/Users/benjamin/Desktop/dev/perso/travail_bachelor/bachelor-front/components/ui/Input/InputProps.types.ts","statementMap":{},"fnMap":{},"branchMap":{},"s":{},"f":{},"b":{}}
,"/Users/benjamin/Desktop/dev/perso/travail_bachelor/bachelor-front/components/ui/TaskItem/TaskItem.tsx": {"path":"/Users/benjamin/Desktop/dev/perso/travail_bachelor/bachelor-front/components/ui/TaskItem/TaskItem.tsx","statementMap":{"0":{"start":{"line":14,"column":17},"end":{"line":80,"column":1}},"1":{"start":{"line":15,"column":19},"end":{"line":15,"column":62}},"2":{"start":{"line":17,"column":38},"end":{"line":17,"column":53}},"3":{"start":{"line":18,"column":56},"end":{"line":18,"column":68}},"4":{"start":{"line":19,"column":17},"end":{"line":19,"column":62}},"5":{"start":{"line":19,"column":51},"end":{"line":19,"column":61}},"6":{"start":{"line":24,"column":23},"end":{"line":30,"column":3}},"7":{"start":{"line":25,"column":4},"end":{"line":25,"column":41}},"8":{"start":{"line":27,"column":4},"end":{"line":27,"column":37}},"9":{"start":{"line":28,"column":4},"end":{"line":28,"column":27}},"10":{"start":{"line":29,"column":4},"end":{"line":29,"column":25}},"11":{"start":{"line":32,"column":24},"end":{"line":40,"column":3}},"12":{"start":{"line":33,"column":4},"end":{"line":33,"column":45}},"13":{"start":{"line":34,"column":4},"end":{"line":34,"column":39}},"14":{"start":{"line":36,"column":4},"end":{"line":39,"column":5}},"15":{"start":{"line":37,"column":6},"end":{"line":37,"column":59}},"16":{"start":{"line":38,"column":6},"end":{"line":38,"column":87}},"17":{"start":{"line":42,"column":25},"end":{"line":45,"column":3}},"18":{"start":{"line":43,"column":4},"end":{"line":43,"column":36}},"19":{"start":{"line":44,"column":4},"end":{"line":44,"column":36}},"20":{"start":{"line":47,"column":43},"end":{"line":53,"column":3}},"21":{"start":{"line":48,"column":36},"end":{"line":48,"column":39}},"22":{"start":{"line":50,"column":4},"end":{"line":52,"column":32}},"23":{"start":{"line":51,"column":6},"end":{"line":51,"column":26}},"24":{"start":{"line":55,"column":2},"end":{"line":79,"column":4}},"25":{"start":{"line":82,"column":15},"end":{"line":136,"column":2}}},"fnMap":{"0":{"name":"(anonymous_0)","decl":{"start":{"line":14,"column":17},"end":{"line":14,"column":18}},"loc":{"start":{"line":14,"column":91},"end":{"line":80,"column":1}},"line":14},"1":{"name":"(anonymous_1)","decl":{"start":{"line":19,"column":29},"end":{"line":19,"column":30}},"loc":{"start":{"line":19,"column":51},"end":{"line":19,"column":61}},"line":19},"2":{"name":"(anonymous_2)","decl":{"start":{"line":24,"column":23},"end":{"line":24,"column":24}},"loc":{"start":{"line":24,"column":29},"end":{"line":30,"column":3}},"line":24},"3":{"name":"(anonymous_3)","decl":{"start":{"line":32,"column":24},"end":{"line":32,"column":25}},"loc":{"start":{"line":32,"column":30},"end":{"line":40,"column":3}},"line":32},"4":{"name":"(anonymous_4)","decl":{"start":{"line":42,"column":25},"end":{"line":42,"column":26}},"loc":{"start":{"line":42,"column":31},"end":{"line":45,"column":3}},"line":42},"5":{"name":"(anonymous_5)","decl":{"start":{"line":47,"column":43},"end":{"line":47,"column":44}},"loc":{"start":{"line":47,"column":49},"end":{"line":53,"column":3}},"line":47},"6":{"name":"(anonymous_6)","decl":{"start":{"line":50,"column":35},"end":{"line":50,"column":36}},"loc":{"start":{"line":50,"column":41},"end":{"line":52,"column":5}},"line":50}},"branchMap":{"0":{"loc":{"start":{"line":36,"column":4},"end":{"line":39,"column":5}},"type":"if","locations":[{"start":{"line":36,"column":4},"end":{"line":39,"column":5}},{"start":{},"end":{}}],"line":36},"1":{"loc":{"start":{"line":65,"column":8},"end":{"line":65,"column":75}},"type":"cond-expr","locations":[{"start":{"line":65,"column":21},"end":{"line":65,"column":70}},{"start":{"line":65,"column":73},"end":{"line":65,"column":75}}],"line":65},"2":{"loc":{"start":{"line":66,"column":8},"end":{"line":66,"column":40}},"type":"cond-expr","locations":[{"start":{"line":66,"column":18},"end":{"line":66,"column":33}},{"start":{"line":66,"column":36},"end":{"line":66,"column":40}}],"line":66},"3":{"loc":{"start":{"line":70,"column":7},"end":{"line":76,"column":7}},"type":"binary-expr","locations":[{"start":{"line":70,"column":7},"end":{"line":70,"column":18}},{"start":{"line":71,"column":8},"end":{"line":75,"column":15}}],"line":70},"4":{"loc":{"start":{"line":77,"column":7},"end":{"line":77,"column":93}},"type":"binary-expr","locations":[{"start":{"line":77,"column":7},"end":{"line":77,"column":17}},{"start":{"line":77,"column":21},"end":{"line":77,"column":93}}],"line":77}},"s":{"0":0,"1":0,"2":0,"3":0,"4":0,"5":0,"6":0,"7":0,"8":0,"9":0,"10":0,"11":0,"12":0,"13":0,"14":0,"15":0,"16":0,"17":0,"18":0,"19":0,"20":0,"21":0,"22":0,"23":0,"24":0,"25":0},"f":{"0":0,"1":0,"2":0,"3":0,"4":0,"5":0,"6":0},"b":{"0":[0,0],"1":[0,0],"2":[0,0],"3":[0,0],"4":[0,0]}}
,"/Users/benjamin/Desktop/dev/perso/travail_bachelor/bachelor-front/components/ui/TaskItem/TaskItemProps.types.ts": {"path":"/Users/benjamin/Desktop/dev/perso/travail_bachelor/bachelor-front/components/ui/TaskItem/TaskItemProps.types.ts","statementMap":{},"fnMap":{},"branchMap":{},"s":{},"f":{},"b":{}}
,"/Users/benjamin/Desktop/dev/perso/travail_bachelor/bachelor-front/components/ui/Title/Title.tsx": {"path":"/Users/benjamin/Desktop/dev/perso/travail_bachelor/bachelor-front/components/ui/Title/Title.tsx","statementMap":{"0":{"start":{"line":5,"column":14},"end":{"line":35,"column":1}},"1":{"start":{"line":6,"column":97},"end":{"line":32,"column":3}},"2":{"start":{"line":34,"column":2},"end":{"line":34,"column":90}},"3":{"start":{"line":37,"column":15},"end":{"line":42,"column":2}}},"fnMap":{"0":{"name":"(anonymous_0)","decl":{"start":{"line":5,"column":14},"end":{"line":5,"column":15}},"loc":{"start":{"line":5,"column":69},"end":{"line":35,"column":1}},"line":5}},"branchMap":{"0":{"loc":{"start":{"line":5,"column":27},"end":{"line":5,"column":43}},"type":"default-arg","locations":[{"start":{"line":5,"column":39},"end":{"line":5,"column":43}}],"line":5}},"s":{"0":0,"1":0,"2":0,"3":0},"f":{"0":0},"b":{"0":[0]}}
,"/Users/benjamin/Desktop/dev/perso/travail_bachelor/bachelor-front/components/ui/Title/TitleProps.types.ts": {"path":"/Users/benjamin/Desktop/dev/perso/travail_bachelor/bachelor-front/components/ui/Title/TitleProps.types.ts","statementMap":{},"fnMap":{},"branchMap":{},"s":{},"f":{},"b":{}}
,"/Users/benjamin/Desktop/dev/perso/travail_bachelor/bachelor-front/constants/categories.ts": {"path":"/Users/benjamin/Desktop/dev/perso/travail_bachelor/bachelor-front/constants/categories.ts","statementMap":{},"fnMap":{},"branchMap":{},"s":{},"f":{},"b":{}}
,"/Users/benjamin/Desktop/dev/perso/travail_bachelor/bachelor-front/constants/days.ts": {"path":"/Users/benjamin/Desktop/dev/perso/travail_bachelor/bachelor-front/constants/days.ts","statementMap":{},"fnMap":{},"branchMap":{},"s":{},"f":{},"b":{}}
,"/Users/benjamin/Desktop/dev/perso/travail_bachelor/bachelor-front/constants/images.ts": {"path":"/Users/benjamin/Desktop/dev/perso/travail_bachelor/bachelor-front/constants/images.ts","statementMap":{"0":{"start":{"line":5,"column":28},"end":{"line":8,"column":1}}},"fnMap":{},"branchMap":{},"s":{"0":0},"f":{},"b":{}}
,"/Users/benjamin/Desktop/dev/perso/travail_bachelor/bachelor-front/constants/routes.ts": {"path":"/Users/benjamin/Desktop/dev/perso/travail_bachelor/bachelor-front/constants/routes.ts","statementMap":{},"fnMap":{},"branchMap":{},"s":{},"f":{},"b":{}}
,"/Users/benjamin/Desktop/dev/perso/travail_bachelor/bachelor-front/constants/style.ts": {"path":"/Users/benjamin/Desktop/dev/perso/travail_bachelor/bachelor-front/constants/style.ts","statementMap":{"0":{"start":{"line":1,"column":28},"end":{"line":50,"column":1}}},"fnMap":{},"branchMap":{},"s":{"0":0},"f":{},"b":{}}
,"/Users/benjamin/Desktop/dev/perso/travail_bachelor/bachelor-front/navigation/AuthNavigator.tsx": {"path":"/Users/benjamin/Desktop/dev/perso/travail_bachelor/bachelor-front/navigation/AuthNavigator.tsx","statementMap":{"0":{"start":{"line":6,"column":14},"end":{"line":6,"column":36}},"1":{"start":{"line":8,"column":22},"end":{"line":20,"column":1}},"2":{"start":{"line":9,"column":2},"end":{"line":19,"column":4}}},"fnMap":{"0":{"name":"(anonymous_0)","decl":{"start":{"line":8,"column":22},"end":{"line":8,"column":23}},"loc":{"start":{"line":8,"column":28},"end":{"line":20,"column":1}},"line":8}},"branchMap":{},"s":{"0":0,"1":0,"2":0},"f":{"0":0},"b":{}}
,"/Users/benjamin/Desktop/dev/perso/travail_bachelor/bachelor-front/navigation/BottomTabNavigator.tsx": {"path":"/Users/benjamin/Desktop/dev/perso/travail_bachelor/bachelor-front/navigation/BottomTabNavigator.tsx","statementMap":{"0":{"start":{"line":6,"column":12},"end":{"line":6,"column":38}},"1":{"start":{"line":8,"column":27},"end":{"line":19,"column":1}},"2":{"start":{"line":9,"column":2},"end":{"line":18,"column":4}}},"fnMap":{"0":{"name":"(anonymous_0)","decl":{"start":{"line":8,"column":27},"end":{"line":8,"column":28}},"loc":{"start":{"line":8,"column":33},"end":{"line":19,"column":1}},"line":8}},"branchMap":{},"s":{"0":0,"1":0,"2":0},"f":{"0":0},"b":{}}
,"/Users/benjamin/Desktop/dev/perso/travail_bachelor/bachelor-front/navigation/DrawerNavigator.tsx": {"path":"/Users/benjamin/Desktop/dev/perso/travail_bachelor/bachelor-front/navigation/DrawerNavigator.tsx","statementMap":{"0":{"start":{"line":6,"column":15},"end":{"line":6,"column":38}},"1":{"start":{"line":9,"column":2},"end":{"line":16,"column":4}}},"fnMap":{"0":{"name":"DrawerNavigator","decl":{"start":{"line":8,"column":9},"end":{"line":8,"column":24}},"loc":{"start":{"line":8,"column":27},"end":{"line":17,"column":1}},"line":8}},"branchMap":{},"s":{"0":0,"1":0},"f":{"0":0},"b":{}}
,"/Users/benjamin/Desktop/dev/perso/travail_bachelor/bachelor-front/navigation/GageStacknavigator.tsx": {"path":"/Users/benjamin/Desktop/dev/perso/travail_bachelor/bachelor-front/navigation/GageStacknavigator.tsx","statementMap":{"0":{"start":{"line":4,"column":14},"end":{"line":4,"column":36}},"1":{"start":{"line":7,"column":2},"end":{"line":15,"column":4}}},"fnMap":{"0":{"name":"GageStackNavigator","decl":{"start":{"line":6,"column":9},"end":{"line":6,"column":27}},"loc":{"start":{"line":6,"column":30},"end":{"line":16,"column":1}},"line":6}},"branchMap":{},"s":{"0":0,"1":0},"f":{"0":0},"b":{}}
,"/Users/benjamin/Desktop/dev/perso/travail_bachelor/bachelor-front/screens/AboutScreen.tsx": {"path":"/Users/benjamin/Desktop/dev/perso/travail_bachelor/bachelor-front/screens/AboutScreen.tsx","statementMap":{"0":{"start":{"line":2,"column":20},"end":{"line":8,"column":1}},"1":{"start":{"line":3,"column":2},"end":{"line":7,"column":4}}},"fnMap":{"0":{"name":"(anonymous_0)","decl":{"start":{"line":2,"column":20},"end":{"line":2,"column":21}},"loc":{"start":{"line":2,"column":26},"end":{"line":8,"column":1}},"line":2}},"branchMap":{},"s":{"0":0,"1":0},"f":{"0":0},"b":{}}
,"/Users/benjamin/Desktop/dev/perso/travail_bachelor/bachelor-front/screens/CategoryScreen.tsx": {"path":"/Users/benjamin/Desktop/dev/perso/travail_bachelor/bachelor-front/screens/CategoryScreen.tsx","statementMap":{"0":{"start":{"line":17,"column":23},"end":{"line":116,"column":1}},"1":{"start":{"line":18,"column":19},"end":{"line":18,"column":62}},"2":{"start":{"line":20,"column":46},"end":{"line":20,"column":58}},"3":{"start":{"line":22,"column":25},"end":{"line":22,"column":80}},"4":{"start":{"line":22,"column":59},"end":{"line":22,"column":79}},"5":{"start":{"line":23,"column":20},"end":{"line":23,"column":73}},"6":{"start":{"line":23,"column":54},"end":{"line":23,"column":72}},"7":{"start":{"line":24,"column":26},"end":{"line":24,"column":82}},"8":{"start":{"line":24,"column":60},"end":{"line":24,"column":81}},"9":{"start":{"line":26,"column":27},"end":{"line":26,"column":39}},"10":{"start":{"line":27,"column":24},"end":{"line":27,"column":84}},"11":{"start":{"line":27,"column":53},"end":{"line":27,"column":83}},"12":{"start":{"line":29,"column":28},"end":{"line":34,"column":3}},"13":{"start":{"line":30,"column":17},"end":{"line":30,"column":73}},"14":{"start":{"line":30,"column":52},"end":{"line":30,"column":72}},"15":{"start":{"line":31,"column":23},"end":{"line":31,"column":62}},"16":{"start":{"line":31,"column":42},"end":{"line":31,"column":61}},"17":{"start":{"line":33,"column":4},"end":{"line":33,"column":22}},"18":{"start":{"line":36,"column":38},"end":{"line":55,"column":3}},"19":{"start":{"line":37,"column":25},"end":{"line":37,"column":27}},"20":{"start":{"line":39,"column":4},"end":{"line":52,"column":5}},"21":{"start":{"line":39,"column":17},"end":{"line":39,"column":18}},"22":{"start":{"line":40,"column":6},"end":{"line":51,"column":7}},"23":{"start":{"line":40,"column":19},"end":{"line":40,"column":20}},"24":{"start":{"line":41,"column":36},"end":{"line":41,"column":53}},"25":{"start":{"line":42,"column":31},"end":{"line":42,"column":51}},"26":{"start":{"line":43,"column":8},"end":{"line":43,"column":45}},"27":{"start":{"line":44,"column":8},"end":{"line":44,"column":50}},"28":{"start":{"line":45,"column":8},"end":{"line":45,"column":65}},"29":{"start":{"line":47,"column":8},"end":{"line":50,"column":9}},"30":{"start":{"line":48,"column":10},"end":{"line":48,"column":34}},"31":{"start":{"line":49,"column":10},"end":{"line":49,"column":32}},"32":{"start":{"line":54,"column":4},"end":{"line":54,"column":18}},"33":{"start":{"line":57,"column":31},"end":{"line":61,"column":3}},"34":{"start":{"line":58,"column":4},"end":{"line":58,"column":29}},"35":{"start":{"line":59,"column":4},"end":{"line":59,"column":26}},"36":{"start":{"line":60,"column":4},"end":{"line":60,"column":37}},"37":{"start":{"line":63,"column":22},"end":{"line":68,"column":3}},"38":{"start":{"line":64,"column":27},"end":{"line":64,"column":56}},"39":{"start":{"line":66,"column":4},"end":{"line":66,"column":41}},"40":{"start":{"line":67,"column":4},"end":{"line":67,"column":49}},"41":{"start":{"line":70,"column":2},"end":{"line":115,"column":4}},"42":{"start":{"line":79,"column":31},"end":{"line":79,"column":60}},"43":{"start":{"line":81,"column":12},"end":{"line":93,"column":14}},"44":{"start":{"line":95,"column":34},"end":{"line":95,"column":41}},"45":{"start":{"line":102,"column":88},"end":{"line":102,"column":101}},"46":{"start":{"line":118,"column":15},"end":{"line":143,"column":2}}},"fnMap":{"0":{"name":"(anonymous_0)","decl":{"start":{"line":17,"column":23},"end":{"line":17,"column":24}},"loc":{"start":{"line":17,"column":55},"end":{"line":116,"column":1}},"line":17},"1":{"name":"(anonymous_1)","decl":{"start":{"line":22,"column":37},"end":{"line":22,"column":38}},"loc":{"start":{"line":22,"column":59},"end":{"line":22,"column":79}},"line":22},"2":{"name":"(anonymous_2)","decl":{"start":{"line":23,"column":32},"end":{"line":23,"column":33}},"loc":{"start":{"line":23,"column":54},"end":{"line":23,"column":72}},"line":23},"3":{"name":"(anonymous_3)","decl":{"start":{"line":24,"column":38},"end":{"line":24,"column":39}},"loc":{"start":{"line":24,"column":60},"end":{"line":24,"column":81}},"line":24},"4":{"name":"(anonymous_4)","decl":{"start":{"line":27,"column":37},"end":{"line":27,"column":38}},"loc":{"start":{"line":27,"column":53},"end":{"line":27,"column":83}},"line":27},"5":{"name":"(anonymous_5)","decl":{"start":{"line":29,"column":28},"end":{"line":29,"column":29}},"loc":{"start":{"line":29,"column":47},"end":{"line":34,"column":3}},"line":29},"6":{"name":"(anonymous_6)","decl":{"start":{"line":30,"column":36},"end":{"line":30,"column":37}},"loc":{"start":{"line":30,"column":52},"end":{"line":30,"column":72}},"line":30},"7":{"name":"(anonymous_7)","decl":{"start":{"line":31,"column":32},"end":{"line":31,"column":33}},"loc":{"start":{"line":31,"column":42},"end":{"line":31,"column":61}},"line":31},"8":{"name":"(anonymous_8)","decl":{"start":{"line":36,"column":38},"end":{"line":36,"column":39}},"loc":{"start":{"line":36,"column":44},"end":{"line":55,"column":3}},"line":36},"9":{"name":"(anonymous_9)","decl":{"start":{"line":57,"column":31},"end":{"line":57,"column":32}},"loc":{"start":{"line":57,"column":50},"end":{"line":61,"column":3}},"line":57},"10":{"name":"(anonymous_10)","decl":{"start":{"line":63,"column":22},"end":{"line":63,"column":23}},"loc":{"start":{"line":63,"column":28},"end":{"line":68,"column":3}},"line":63},"11":{"name":"(anonymous_11)","decl":{"start":{"line":78,"column":22},"end":{"line":78,"column":23}},"loc":{"start":{"line":78,"column":36},"end":{"line":94,"column":11}},"line":78},"12":{"name":"(anonymous_12)","decl":{"start":{"line":95,"column":24},"end":{"line":95,"column":25}},"loc":{"start":{"line":95,"column":34},"end":{"line":95,"column":41}},"line":95},"13":{"name":"(anonymous_13)","decl":{"start":{"line":102,"column":82},"end":{"line":102,"column":83}},"loc":{"start":{"line":102,"column":88},"end":{"line":102,"column":101}},"line":102},"14":{"name":"(anonymous_14)","decl":{"start":{"line":107,"column":84},"end":{"line":107,"column":85}},"loc":{"start":{"line":107,"column":90},"end":{"line":107,"column":92}},"line":107}},"branchMap":{"0":{"loc":{"start":{"line":47,"column":8},"end":{"line":50,"column":9}},"type":"if","locations":[{"start":{"line":47,"column":8},"end":{"line":50,"column":9}},{"start":{},"end":{}}],"line":47},"1":{"loc":{"start":{"line":101,"column":11},"end":{"line":111,"column":11}},"type":"cond-expr","locations":[{"start":{"line":102,"column":12},"end":{"line":104,"column":21}},{"start":{"line":106,"column":12},"end":{"line":110,"column":19}}],"line":101},"2":{"loc":{"start":{"line":101,"column":11},"end":{"line":101,"column":61}},"type":"binary-expr","locations":[{"start":{"line":101,"column":11},"end":{"line":101,"column":32}},{"start":{"line":101,"column":36},"end":{"line":101,"column":61}}],"line":101}},"s":{"0":0,"1":0,"2":0,"3":0,"4":0,"5":0,"6":0,"7":0,"8":0,"9":0,"10":0,"11":0,"12":0,"13":0,"14":0,"15":0,"16":0,"17":0,"18":0,"19":0,"20":0,"21":0,"22":0,"23":0,"24":0,"25":0,"26":0,"27":0,"28":0,"29":0,"30":0,"31":0,"32":0,"33":0,"34":0,"35":0,"36":0,"37":0,"38":0,"39":0,"40":0,"41":0,"42":0,"43":0,"44":0,"45":0,"46":0},"f":{"0":0,"1":0,"2":0,"3":0,"4":0,"5":0,"6":0,"7":0,"8":0,"9":0,"10":0,"11":0,"12":0,"13":0,"14":0},"b":{"0":[0,0],"1":[0,0],"2":[0,0]}}
,"/Users/benjamin/Desktop/dev/perso/travail_bachelor/bachelor-front/screens/HabitsScreen.tsx": {"path":"/Users/benjamin/Desktop/dev/perso/travail_bachelor/bachelor-front/screens/HabitsScreen.tsx","statementMap":{"0":{"start":{"line":2,"column":21},"end":{"line":8,"column":1}},"1":{"start":{"line":3,"column":2},"end":{"line":7,"column":4}}},"fnMap":{"0":{"name":"(anonymous_0)","decl":{"start":{"line":2,"column":21},"end":{"line":2,"column":22}},"loc":{"start":{"line":2,"column":27},"end":{"line":8,"column":1}},"line":2}},"branchMap":{},"s":{"0":0,"1":0},"f":{"0":0},"b":{}}
,"/Users/benjamin/Desktop/dev/perso/travail_bachelor/bachelor-front/screens/HomeScreen.tsx": {"path":"/Users/benjamin/Desktop/dev/perso/travail_bachelor/bachelor-front/screens/HomeScreen.tsx","statementMap":{"0":{"start":{"line":10,"column":38},"end":{"line":61,"column":1}},"1":{"start":{"line":11,"column":24},"end":{"line":11,"column":68}},"2":{"start":{"line":11,"column":58},"end":{"line":11,"column":67}},"3":{"start":{"line":12,"column":63},"end":{"line":12,"column":119}},"4":{"start":{"line":12,"column":97},"end":{"line":12,"column":118}},"5":{"start":{"line":14,"column":21},"end":{"line":14,"column":101}},"6":{"start":{"line":14,"column":50},"end":{"line":14,"column":100}},"7":{"start":{"line":15,"column":18},"end":{"line":15,"column":97}},"8":{"start":{"line":15,"column":47},"end":{"line":15,"column":96}},"9":{"start":{"line":17,"column":2},"end":{"line":19,"column":3}},"10":{"start":{"line":18,"column":4},"end":{"line":18,"column":39}},"11":{"start":{"line":21,"column":2},"end":{"line":23,"column":3}},"12":{"start":{"line":22,"column":4},"end":{"line":22,"column":28}},"13":{"start":{"line":25,"column":2},"end":{"line":60,"column":4}},"14":{"start":{"line":31,"column":12},"end":{"line":31,"column":48}},"15":{"start":{"line":46,"column":14},"end":{"line":46,"column":50}},"16":{"start":{"line":63,"column":15},"end":{"line":102,"column":2}}},"fnMap":{"0":{"name":"(anonymous_0)","decl":{"start":{"line":10,"column":38},"end":{"line":10,"column":39}},"loc":{"start":{"line":10,"column":44},"end":{"line":61,"column":1}},"line":10},"1":{"name":"(anonymous_1)","decl":{"start":{"line":11,"column":36},"end":{"line":11,"column":37}},"loc":{"start":{"line":11,"column":58},"end":{"line":11,"column":67}},"line":11},"2":{"name":"(anonymous_2)","decl":{"start":{"line":12,"column":75},"end":{"line":12,"column":76}},"loc":{"start":{"line":12,"column":97},"end":{"line":12,"column":118}},"line":12},"3":{"name":"(anonymous_3)","decl":{"start":{"line":14,"column":40},"end":{"line":14,"column":41}},"loc":{"start":{"line":14,"column":50},"end":{"line":14,"column":100}},"line":14},"4":{"name":"(anonymous_4)","decl":{"start":{"line":15,"column":37},"end":{"line":15,"column":38}},"loc":{"start":{"line":15,"column":47},"end":{"line":15,"column":96}},"line":15},"5":{"name":"(anonymous_5)","decl":{"start":{"line":30,"column":28},"end":{"line":30,"column":29}},"loc":{"start":{"line":31,"column":12},"end":{"line":31,"column":48}},"line":31},"6":{"name":"(anonymous_6)","decl":{"start":{"line":45,"column":27},"end":{"line":45,"column":28}},"loc":{"start":{"line":46,"column":14},"end":{"line":46,"column":50}},"line":46}},"branchMap":{"0":{"loc":{"start":{"line":14,"column":50},"end":{"line":14,"column":100}},"type":"binary-expr","locations":[{"start":{"line":14,"column":50},"end":{"line":14,"column":63}},{"start":{"line":14,"column":67},"end":{"line":14,"column":100}}],"line":14},"1":{"loc":{"start":{"line":15,"column":47},"end":{"line":15,"column":96}},"type":"binary-expr","locations":[{"start":{"line":15,"column":47},"end":{"line":15,"column":59}},{"start":{"line":15,"column":63},"end":{"line":15,"column":96}}],"line":15},"2":{"loc":{"start":{"line":17,"column":2},"end":{"line":19,"column":3}},"type":"if","locations":[{"start":{"line":17,"column":2},"end":{"line":19,"column":3}},{"start":{},"end":{}}],"line":17},"3":{"loc":{"start":{"line":21,"column":2},"end":{"line":23,"column":3}},"type":"if","locations":[{"start":{"line":21,"column":2},"end":{"line":23,"column":3}},{"start":{},"end":{}}],"line":21},"4":{"loc":{"start":{"line":21,"column":6},"end":{"line":21,"column":57}},"type":"binary-expr","locations":[{"start":{"line":21,"column":6},"end":{"line":21,"column":28}},{"start":{"line":21,"column":32},"end":{"line":21,"column":57}}],"line":21},"5":{"loc":{"start":{"line":34,"column":11},"end":{"line":38,"column":11}},"type":"binary-expr","locations":[{"start":{"line":34,"column":11},"end":{"line":34,"column":36}},{"start":{"line":35,"column":12},"end":{"line":37,"column":19}}],"line":34},"6":{"loc":{"start":{"line":48,"column":13},"end":{"line":52,"column":13}},"type":"binary-expr","locations":[{"start":{"line":48,"column":13},"end":{"line":48,"column":35}},{"start":{"line":49,"column":14},"end":{"line":51,"column":21}}],"line":48},"7":{"loc":{"start":{"line":53,"column":13},"end":{"line":53,"column":134}},"type":"cond-expr","locations":[{"start":{"line":53,"column":40},"end":{"line":53,"column":129}},{"start":{"line":53,"column":132},"end":{"line":53,"column":134}}],"line":53}},"s":{"0":0,"1":0,"2":0,"3":0,"4":0,"5":0,"6":0,"7":0,"8":0,"9":0,"10":0,"11":0,"12":0,"13":0,"14":0,"15":0,"16":0},"f":{"0":0,"1":0,"2":0,"3":0,"4":0,"5":0,"6":0},"b":{"0":[0,0],"1":[0,0],"2":[0,0],"3":[0,0],"4":[0,0],"5":[0,0],"6":[0,0],"7":[0,0]}}
,"/Users/benjamin/Desktop/dev/perso/travail_bachelor/bachelor-front/screens/LoadingScreen.tsx": {"path":"/Users/benjamin/Desktop/dev/perso/travail_bachelor/bachelor-front/screens/LoadingScreen.tsx","statementMap":{"0":{"start":{"line":14,"column":22},"end":{"line":58,"column":1}},"1":{"start":{"line":15,"column":19},"end":{"line":15,"column":32}},"2":{"start":{"line":17,"column":28},"end":{"line":17,"column":74}},"3":{"start":{"line":17,"column":62},"end":{"line":17,"column":73}},"4":{"start":{"line":18,"column":37},"end":{"line":18,"column":90}},"5":{"start":{"line":18,"column":71},"end":{"line":18,"column":89}},"6":{"start":{"line":19,"column":30},"end":{"line":19,"column":86}},"7":{"start":{"line":19,"column":64},"end":{"line":19,"column":85}},"8":{"start":{"line":20,"column":30},"end":{"line":20,"column":76}},"9":{"start":{"line":20,"column":64},"end":{"line":20,"column":75}},"10":{"start":{"line":21,"column":37},"end":{"line":21,"column":83}},"11":{"start":{"line":21,"column":71},"end":{"line":21,"column":82}},"12":{"start":{"line":22,"column":28},"end":{"line":22,"column":73}},"13":{"start":{"line":22,"column":62},"end":{"line":22,"column":72}},"14":{"start":{"line":24,"column":2},"end":{"line":31,"column":17}},"15":{"start":{"line":25,"column":4},"end":{"line":25,"column":37}},"16":{"start":{"line":26,"column":4},"end":{"line":26,"column":46}},"17":{"start":{"line":27,"column":4},"end":{"line":27,"column":39}},"18":{"start":{"line":28,"column":4},"end":{"line":28,"column":39}},"19":{"start":{"line":29,"column":4},"end":{"line":29,"column":46}},"20":{"start":{"line":30,"column":4},"end":{"line":30,"column":33}},"21":{"start":{"line":33,"column":2},"end":{"line":45,"column":9}},"22":{"start":{"line":34,"column":23},"end":{"line":37,"column":5}},"23":{"start":{"line":35,"column":20},"end":{"line":35,"column":46}},"24":{"start":{"line":36,"column":6},"end":{"line":36,"column":35}},"25":{"start":{"line":39,"column":23},"end":{"line":42,"column":5}},"26":{"start":{"line":40,"column":20},"end":{"line":40,"column":38}},"27":{"start":{"line":41,"column":6},"end":{"line":41,"column":86}},"28":{"start":{"line":44,"column":4},"end":{"line":44,"column":17}},"29":{"start":{"line":47,"column":2},"end":{"line":51,"column":119}},"30":{"start":{"line":48,"column":4},"end":{"line":50,"column":5}},"31":{"start":{"line":49,"column":6},"end":{"line":49,"column":39}},"32":{"start":{"line":53,"column":2},"end":{"line":57,"column":4}},"33":{"start":{"line":60,"column":15},"end":{"line":66,"column":2}}},"fnMap":{"0":{"name":"(anonymous_0)","decl":{"start":{"line":14,"column":22},"end":{"line":14,"column":23}},"loc":{"start":{"line":14,"column":47},"end":{"line":58,"column":1}},"line":14},"1":{"name":"(anonymous_1)","decl":{"start":{"line":17,"column":40},"end":{"line":17,"column":41}},"loc":{"start":{"line":17,"column":62},"end":{"line":17,"column":73}},"line":17},"2":{"name":"(anonymous_2)","decl":{"start":{"line":18,"column":49},"end":{"line":18,"column":50}},"loc":{"start":{"line":18,"column":71},"end":{"line":18,"column":89}},"line":18},"3":{"name":"(anonymous_3)","decl":{"start":{"line":19,"column":42},"end":{"line":19,"column":43}},"loc":{"start":{"line":19,"column":64},"end":{"line":19,"column":85}},"line":19},"4":{"name":"(anonymous_4)","decl":{"start":{"line":20,"column":42},"end":{"line":20,"column":43}},"loc":{"start":{"line":20,"column":64},"end":{"line":20,"column":75}},"line":20},"5":{"name":"(anonymous_5)","decl":{"start":{"line":21,"column":49},"end":{"line":21,"column":50}},"loc":{"start":{"line":21,"column":71},"end":{"line":21,"column":82}},"line":21},"6":{"name":"(anonymous_6)","decl":{"start":{"line":22,"column":40},"end":{"line":22,"column":41}},"loc":{"start":{"line":22,"column":62},"end":{"line":22,"column":72}},"line":22},"7":{"name":"(anonymous_7)","decl":{"start":{"line":24,"column":12},"end":{"line":24,"column":13}},"loc":{"start":{"line":24,"column":18},"end":{"line":31,"column":3}},"line":24},"8":{"name":"(anonymous_8)","decl":{"start":{"line":33,"column":12},"end":{"line":33,"column":13}},"loc":{"start":{"line":33,"column":18},"end":{"line":45,"column":3}},"line":33},"9":{"name":"(anonymous_9)","decl":{"start":{"line":34,"column":23},"end":{"line":34,"column":24}},"loc":{"start":{"line":34,"column":35},"end":{"line":37,"column":5}},"line":34},"10":{"name":"(anonymous_10)","decl":{"start":{"line":39,"column":23},"end":{"line":39,"column":24}},"loc":{"start":{"line":39,"column":35},"end":{"line":42,"column":5}},"line":39},"11":{"name":"(anonymous_11)","decl":{"start":{"line":47,"column":12},"end":{"line":47,"column":13}},"loc":{"start":{"line":47,"column":18},"end":{"line":51,"column":3}},"line":47}},"branchMap":{"0":{"loc":{"start":{"line":36,"column":13},"end":{"line":36,"column":34}},"type":"cond-expr","locations":[{"start":{"line":36,"column":21},"end":{"line":36,"column":26}},{"start":{"line":36,"column":29},"end":{"line":36,"column":34}}],"line":36},"1":{"loc":{"start":{"line":41,"column":6},"end":{"line":41,"column":85}},"type":"cond-expr","locations":[{"start":{"line":41,"column":14},"end":{"line":41,"column":46}},{"start":{"line":41,"column":49},"end":{"line":41,"column":85}}],"line":41},"2":{"loc":{"start":{"line":48,"column":4},"end":{"line":50,"column":5}},"type":"if","locations":[{"start":{"line":48,"column":4},"end":{"line":50,"column":5}},{"start":{},"end":{}}],"line":48},"3":{"loc":{"start":{"line":48,"column":8},"end":{"line":48,"column":128}},"type":"binary-expr","locations":[{"start":{"line":48,"column":8},"end":{"line":48,"column":21}},{"start":{"line":48,"column":25},"end":{"line":48,"column":47}},{"start":{"line":48,"column":51},"end":{"line":48,"column":66}},{"start":{"line":48,"column":70},"end":{"line":48,"column":85}},{"start":{"line":48,"column":89},"end":{"line":48,"column":111}},{"start":{"line":48,"column":115},"end":{"line":48,"column":128}}],"line":48}},"s":{"0":0,"1":0,"2":0,"3":0,"4":0,"5":0,"6":0,"7":0,"8":0,"9":0,"10":0,"11":0,"12":0,"13":0,"14":0,"15":0,"16":0,"17":0,"18":0,"19":0,"20":0,"21":0,"22":0,"23":0,"24":0,"25":0,"26":0,"27":0,"28":0,"29":0,"30":0,"31":0,"32":0,"33":0},"f":{"0":0,"1":0,"2":0,"3":0,"4":0,"5":0,"6":0,"7":0,"8":0,"9":0,"10":0,"11":0},"b":{"0":[0,0],"1":[0,0],"2":[0,0],"3":[0,0,0,0,0,0]}}
,"/Users/benjamin/Desktop/dev/perso/travail_bachelor/bachelor-front/screens/ShopScreen.tsx": {"path":"/Users/benjamin/Desktop/dev/perso/travail_bachelor/bachelor-front/screens/ShopScreen.tsx","statementMap":{"0":{"start":{"line":2,"column":19},"end":{"line":8,"column":1}},"1":{"start":{"line":3,"column":2},"end":{"line":7,"column":4}}},"fnMap":{"0":{"name":"(anonymous_0)","decl":{"start":{"line":2,"column":19},"end":{"line":2,"column":20}},"loc":{"start":{"line":2,"column":25},"end":{"line":8,"column":1}},"line":2}},"branchMap":{},"s":{"0":0,"1":0},"f":{"0":0},"b":{}}
,"/Users/benjamin/Desktop/dev/perso/travail_bachelor/bachelor-front/screens/SuggestionScreen.tsx": {"path":"/Users/benjamin/Desktop/dev/perso/travail_bachelor/bachelor-front/screens/SuggestionScreen.tsx","statementMap":{"0":{"start":{"line":2,"column":25},"end":{"line":8,"column":1}},"1":{"start":{"line":3,"column":2},"end":{"line":7,"column":4}}},"fnMap":{"0":{"name":"(anonymous_0)","decl":{"start":{"line":2,"column":25},"end":{"line":2,"column":26}},"loc":{"start":{"line":2,"column":31},"end":{"line":8,"column":1}},"line":2}},"branchMap":{},"s":{"0":0,"1":0},"f":{"0":0},"b":{}}
,"/Users/benjamin/Desktop/dev/perso/travail_bachelor/bachelor-front/screens/TeamScreen.tsx": {"path":"/Users/benjamin/Desktop/dev/perso/travail_bachelor/bachelor-front/screens/TeamScreen.tsx","statementMap":{"0":{"start":{"line":12,"column":19},"end":{"line":46,"column":1}},"1":{"start":{"line":13,"column":19},"end":{"line":13,"column":62}},"2":{"start":{"line":14,"column":16},"end":{"line":14,"column":62}},"3":{"start":{"line":14,"column":50},"end":{"line":14,"column":61}},"4":{"start":{"line":16,"column":102},"end":{"line":16,"column":113}},"5":{"start":{"line":18,"column":2},"end":{"line":26,"column":4}},"6":{"start":{"line":20,"column":23},"end":{"line":22,"column":7}},"7":{"start":{"line":21,"column":8},"end":{"line":21,"column":41}},"8":{"start":{"line":24,"column":6},"end":{"line":24,"column":17}},"9":{"start":{"line":28,"column":2},"end":{"line":45,"column":4}},"10":{"start":{"line":48,"column":15},"end":{"line":53,"column":2}}},"fnMap":{"0":{"name":"(anonymous_0)","decl":{"start":{"line":12,"column":19},"end":{"line":12,"column":20}},"loc":{"start":{"line":12,"column":25},"end":{"line":46,"column":1}},"line":12},"1":{"name":"(anonymous_1)","decl":{"start":{"line":14,"column":28},"end":{"line":14,"column":29}},"loc":{"start":{"line":14,"column":50},"end":{"line":14,"column":61}},"line":14},"2":{"name":"(anonymous_2)","decl":{"start":{"line":19,"column":22},"end":{"line":19,"column":23}},"loc":{"start":{"line":19,"column":28},"end":{"line":25,"column":5}},"line":19},"3":{"name":"(anonymous_3)","decl":{"start":{"line":20,"column":23},"end":{"line":20,"column":24}},"loc":{"start":{"line":20,"column":35},"end":{"line":22,"column":7}},"line":20}},"branchMap":{},"s":{"0":0,"1":0,"2":0,"3":0,"4":0,"5":0,"6":0,"7":0,"8":0,"9":0,"10":0},"f":{"0":0,"1":0,"2":0,"3":0},"b":{}}
,"/Users/benjamin/Desktop/dev/perso/travail_bachelor/bachelor-front/screens/WelcomeScreen.tsx": {"path":"/Users/benjamin/Desktop/dev/perso/travail_bachelor/bachelor-front/screens/WelcomeScreen.tsx","statementMap":{"0":{"start":{"line":2,"column":22},"end":{"line":8,"column":1}},"1":{"start":{"line":3,"column":2},"end":{"line":7,"column":4}}},"fnMap":{"0":{"name":"(anonymous_0)","decl":{"start":{"line":2,"column":22},"end":{"line":2,"column":23}},"loc":{"start":{"line":2,"column":28},"end":{"line":8,"column":1}},"line":2}},"branchMap":{},"s":{"0":0,"1":0},"f":{"0":0},"b":{}}
,"/Users/benjamin/Desktop/dev/perso/travail_bachelor/bachelor-front/screens/index.ts": {"path":"/Users/benjamin/Desktop/dev/perso/travail_bachelor/bachelor-front/screens/index.ts","statementMap":{},"fnMap":{},"branchMap":{},"s":{},"f":{},"b":{}}
,"/Users/benjamin/Desktop/dev/perso/travail_bachelor/bachelor-front/screens/auth/LinkTogetherScreen.tsx": {"path":"/Users/benjamin/Desktop/dev/perso/travail_bachelor/bachelor-front/screens/auth/LinkTogetherScreen.tsx","statementMap":{"0":{"start":{"line":12,"column":27},"end":{"line":63,"column":1}},"1":{"start":{"line":13,"column":38},"end":{"line":13,"column":83}},"2":{"start":{"line":13,"column":72},"end":{"line":13,"column":82}},"3":{"start":{"line":14,"column":29},"end":{"line":14,"column":75}},"4":{"start":{"line":14,"column":63},"end":{"line":14,"column":74}},"5":{"start":{"line":15,"column":40},"end":{"line":15,"column":52}},"6":{"start":{"line":17,"column":19},"end":{"line":17,"column":62}},"7":{"start":{"line":19,"column":22},"end":{"line":23,"column":3}},"8":{"start":{"line":20,"column":4},"end":{"line":20,"column":46}},"9":{"start":{"line":21,"column":4},"end":{"line":21,"column":37}},"10":{"start":{"line":22,"column":4},"end":{"line":22,"column":37}},"11":{"start":{"line":25,"column":2},"end":{"line":29,"column":23}},"12":{"start":{"line":26,"column":4},"end":{"line":28,"column":5}},"13":{"start":{"line":27,"column":6},"end":{"line":27,"column":39}},"14":{"start":{"line":31,"column":2},"end":{"line":62,"column":4}},"15":{"start":{"line":65,"column":15},"end":{"line":92,"column":2}}},"fnMap":{"0":{"name":"(anonymous_0)","decl":{"start":{"line":12,"column":27},"end":{"line":12,"column":28}},"loc":{"start":{"line":12,"column":52},"end":{"line":63,"column":1}},"line":12},"1":{"name":"(anonymous_1)","decl":{"start":{"line":13,"column":50},"end":{"line":13,"column":51}},"loc":{"start":{"line":13,"column":72},"end":{"line":13,"column":82}},"line":13},"2":{"name":"(anonymous_2)","decl":{"start":{"line":14,"column":41},"end":{"line":14,"column":42}},"loc":{"start":{"line":14,"column":63},"end":{"line":14,"column":74}},"line":14},"3":{"name":"(anonymous_3)","decl":{"start":{"line":19,"column":22},"end":{"line":19,"column":23}},"loc":{"start":{"line":19,"column":28},"end":{"line":23,"column":3}},"line":19},"4":{"name":"(anonymous_4)","decl":{"start":{"line":25,"column":12},"end":{"line":25,"column":13}},"loc":{"start":{"line":25,"column":18},"end":{"line":29,"column":3}},"line":25},"5":{"name":"(anonymous_5)","decl":{"start":{"line":51,"column":29},"end":{"line":51,"column":30}},"loc":{"start":{"line":51,"column":35},"end":{"line":51,"column":37}},"line":51}},"branchMap":{"0":{"loc":{"start":{"line":26,"column":4},"end":{"line":28,"column":5}},"type":"if","locations":[{"start":{"line":26,"column":4},"end":{"line":28,"column":5}},{"start":{},"end":{}}],"line":26},"1":{"loc":{"start":{"line":50,"column":11},"end":{"line":58,"column":11}},"type":"cond-expr","locations":[{"start":{"line":51,"column":12},"end":{"line":53,"column":21}},{"start":{"line":55,"column":12},"end":{"line":57,"column":21}}],"line":50}},"s":{"0":0,"1":0,"2":0,"3":0,"4":0,"5":0,"6":0,"7":0,"8":0,"9":0,"10":0,"11":0,"12":0,"13":0,"14":0,"15":0},"f":{"0":0,"1":0,"2":0,"3":0,"4":0,"5":0},"b":{"0":[0,0],"1":[0,0]}}
,"/Users/benjamin/Desktop/dev/perso/travail_bachelor/bachelor-front/screens/auth/LoginScreen.tsx": {"path":"/Users/benjamin/Desktop/dev/perso/travail_bachelor/bachelor-front/screens/auth/LoginScreen.tsx","statementMap":{"0":{"start":{"line":17,"column":20},"end":{"line":76,"column":1}},"1":{"start":{"line":18,"column":19},"end":{"line":18,"column":32}},"2":{"start":{"line":19,"column":32},"end":{"line":19,"column":59}},"3":{"start":{"line":20,"column":39},"end":{"line":20,"column":59}},"4":{"start":{"line":21,"column":33},"end":{"line":21,"column":43}},"5":{"start":{"line":22,"column":23},"end":{"line":22,"column":68}},"6":{"start":{"line":22,"column":57},"end":{"line":22,"column":67}},"7":{"start":{"line":24,"column":22},"end":{"line":32,"column":3}},"8":{"start":{"line":25,"column":4},"end":{"line":25,"column":37}},"9":{"start":{"line":26,"column":4},"end":{"line":26,"column":46}},"10":{"start":{"line":27,"column":4},"end":{"line":27,"column":39}},"11":{"start":{"line":28,"column":4},"end":{"line":28,"column":39}},"12":{"start":{"line":29,"column":4},"end":{"line":29,"column":46}},"13":{"start":{"line":30,"column":4},"end":{"line":30,"column":33}},"14":{"start":{"line":31,"column":4},"end":{"line":31,"column":58}},"15":{"start":{"line":34,"column":28},"end":{"line":34,"column":74}},"16":{"start":{"line":34,"column":62},"end":{"line":34,"column":73}},"17":{"start":{"line":35,"column":37},"end":{"line":35,"column":90}},"18":{"start":{"line":35,"column":71},"end":{"line":35,"column":89}},"19":{"start":{"line":36,"column":30},"end":{"line":36,"column":86}},"20":{"start":{"line":36,"column":64},"end":{"line":36,"column":85}},"21":{"start":{"line":37,"column":30},"end":{"line":37,"column":76}},"22":{"start":{"line":37,"column":64},"end":{"line":37,"column":75}},"23":{"start":{"line":38,"column":37},"end":{"line":38,"column":83}},"24":{"start":{"line":38,"column":71},"end":{"line":38,"column":82}},"25":{"start":{"line":39,"column":28},"end":{"line":39,"column":73}},"26":{"start":{"line":39,"column":62},"end":{"line":39,"column":72}},"27":{"start":{"line":41,"column":2},"end":{"line":53,"column":129}},"28":{"start":{"line":42,"column":4},"end":{"line":52,"column":5}},"29":{"start":{"line":51,"column":6},"end":{"line":51,"column":39}},"30":{"start":{"line":55,"column":2},"end":{"line":75,"column":4}},"31":{"start":{"line":78,"column":15},"end":{"line":103,"column":2}}},"fnMap":{"0":{"name":"(anonymous_0)","decl":{"start":{"line":17,"column":20},"end":{"line":17,"column":21}},"loc":{"start":{"line":17,"column":45},"end":{"line":76,"column":1}},"line":17},"1":{"name":"(anonymous_1)","decl":{"start":{"line":22,"column":35},"end":{"line":22,"column":36}},"loc":{"start":{"line":22,"column":57},"end":{"line":22,"column":67}},"line":22},"2":{"name":"(anonymous_2)","decl":{"start":{"line":24,"column":22},"end":{"line":24,"column":23}},"loc":{"start":{"line":24,"column":28},"end":{"line":32,"column":3}},"line":24},"3":{"name":"(anonymous_3)","decl":{"start":{"line":34,"column":40},"end":{"line":34,"column":41}},"loc":{"start":{"line":34,"column":62},"end":{"line":34,"column":73}},"line":34},"4":{"name":"(anonymous_4)","decl":{"start":{"line":35,"column":49},"end":{"line":35,"column":50}},"loc":{"start":{"line":35,"column":71},"end":{"line":35,"column":89}},"line":35},"5":{"name":"(anonymous_5)","decl":{"start":{"line":36,"column":42},"end":{"line":36,"column":43}},"loc":{"start":{"line":36,"column":64},"end":{"line":36,"column":85}},"line":36},"6":{"name":"(anonymous_6)","decl":{"start":{"line":37,"column":42},"end":{"line":37,"column":43}},"loc":{"start":{"line":37,"column":64},"end":{"line":37,"column":75}},"line":37},"7":{"name":"(anonymous_7)","decl":{"start":{"line":38,"column":49},"end":{"line":38,"column":50}},"loc":{"start":{"line":38,"column":71},"end":{"line":38,"column":82}},"line":38},"8":{"name":"(anonymous_8)","decl":{"start":{"line":39,"column":40},"end":{"line":39,"column":41}},"loc":{"start":{"line":39,"column":62},"end":{"line":39,"column":72}},"line":39},"9":{"name":"(anonymous_9)","decl":{"start":{"line":41,"column":12},"end":{"line":41,"column":13}},"loc":{"start":{"line":41,"column":18},"end":{"line":53,"column":3}},"line":41}},"branchMap":{"0":{"loc":{"start":{"line":42,"column":4},"end":{"line":52,"column":5}},"type":"if","locations":[{"start":{"line":42,"column":4},"end":{"line":52,"column":5}},{"start":{},"end":{}}],"line":42},"1":{"loc":{"start":{"line":43,"column":6},"end":{"line":49,"column":19}},"type":"binary-expr","locations":[{"start":{"line":43,"column":6},"end":{"line":43,"column":14}},{"start":{"line":44,"column":6},"end":{"line":44,"column":19}},{"start":{"line":45,"column":6},"end":{"line":45,"column":28}},{"start":{"line":46,"column":6},"end":{"line":46,"column":21}},{"start":{"line":47,"column":6},"end":{"line":47,"column":21}},{"start":{"line":48,"column":6},"end":{"line":48,"column":28}},{"start":{"line":49,"column":6},"end":{"line":49,"column":19}}],"line":43}},"s":{"0":0,"1":0,"2":0,"3":0,"4":0,"5":0,"6":0,"7":0,"8":0,"9":0,"10":0,"11":0,"12":0,"13":0,"14":0,"15":0,"16":0,"17":0,"18":0,"19":0,"20":0,"21":0,"22":0,"23":0,"24":0,"25":0,"26":0,"27":0,"28":0,"29":0,"30":0,"31":0},"f":{"0":0,"1":0,"2":0,"3":0,"4":0,"5":0,"6":0,"7":0,"8":0,"9":0},"b":{"0":[0,0],"1":[0,0,0,0,0,0,0]}}
,"/Users/benjamin/Desktop/dev/perso/travail_bachelor/bachelor-front/screens/auth/RegisterScreen.tsx": {"path":"/Users/benjamin/Desktop/dev/perso/travail_bachelor/bachelor-front/screens/auth/RegisterScreen.tsx","statementMap":{"0":{"start":{"line":12,"column":23},"end":{"line":81,"column":1}},"1":{"start":{"line":13,"column":31},"end":{"line":13,"column":51}},"2":{"start":{"line":14,"column":32},"end":{"line":14,"column":58}},"3":{"start":{"line":15,"column":39},"end":{"line":15,"column":59}},"4":{"start":{"line":16,"column":64},"end":{"line":16,"column":84}},"5":{"start":{"line":17,"column":42},"end":{"line":17,"column":87}},"6":{"start":{"line":17,"column":76},"end":{"line":17,"column":86}},"7":{"start":{"line":19,"column":19},"end":{"line":19,"column":32}},"8":{"start":{"line":21,"column":22},"end":{"line":24,"column":3}},"9":{"start":{"line":22,"column":4},"end":{"line":22,"column":23}},"10":{"start":{"line":23,"column":4},"end":{"line":23,"column":119}},"11":{"start":{"line":26,"column":2},"end":{"line":30,"column":21}},"12":{"start":{"line":27,"column":4},"end":{"line":29,"column":5}},"13":{"start":{"line":28,"column":6},"end":{"line":28,"column":39}},"14":{"start":{"line":32,"column":2},"end":{"line":44,"column":9}},"15":{"start":{"line":33,"column":23},"end":{"line":36,"column":5}},"16":{"start":{"line":34,"column":20},"end":{"line":34,"column":46}},"17":{"start":{"line":35,"column":6},"end":{"line":35,"column":35}},"18":{"start":{"line":38,"column":23},"end":{"line":41,"column":5}},"19":{"start":{"line":39,"column":20},"end":{"line":39,"column":38}},"20":{"start":{"line":40,"column":6},"end":{"line":40,"column":86}},"21":{"start":{"line":43,"column":4},"end":{"line":43,"column":17}},"22":{"start":{"line":46,"column":2},"end":{"line":80,"column":4}},"23":{"start":{"line":75,"column":62},"end":{"line":75,"column":95}},"24":{"start":{"line":83,"column":15},"end":{"line":107,"column":2}}},"fnMap":{"0":{"name":"(anonymous_0)","decl":{"start":{"line":12,"column":23},"end":{"line":12,"column":24}},"loc":{"start":{"line":12,"column":48},"end":{"line":81,"column":1}},"line":12},"1":{"name":"(anonymous_1)","decl":{"start":{"line":17,"column":54},"end":{"line":17,"column":55}},"loc":{"start":{"line":17,"column":76},"end":{"line":17,"column":86}},"line":17},"2":{"name":"(anonymous_2)","decl":{"start":{"line":21,"column":22},"end":{"line":21,"column":23}},"loc":{"start":{"line":21,"column":34},"end":{"line":24,"column":3}},"line":21},"3":{"name":"(anonymous_3)","decl":{"start":{"line":26,"column":12},"end":{"line":26,"column":13}},"loc":{"start":{"line":26,"column":18},"end":{"line":30,"column":3}},"line":26},"4":{"name":"(anonymous_4)","decl":{"start":{"line":32,"column":12},"end":{"line":32,"column":13}},"loc":{"start":{"line":32,"column":18},"end":{"line":44,"column":3}},"line":32},"5":{"name":"(anonymous_5)","decl"
[...]
,"/Users/benjamin/Desktop/dev/perso/travail_bachelor/bachelor-front/store/slices/groupSlice.ts": {"path":"/Users/benjamin/Desktop/dev/perso/travail_bachelor/bachelor-front/store/slices/groupSlice.ts","statementMap":{"0":{"start":{"line":14,"column":33},"end":{"line":32,"column":1}},"1":{"start":{"line":34,"column":34},"end":{"line":41,"column":2}},"2":{"start":{"line":35,"column":2},"end":{"line":40,"column":3}},"3":{"start":{"line":36,"column":17},"end":{"line":36,"column":64}},"4":{"start":{"line":37,"column":4},"end":{"line":37,"column":21}},"5":{"start":{"line":39,"column":4},"end":{"line":39,"column":65}},"6":{"start":{"line":43,"column":41},"end":{"line":50,"column":2}},"7":{"start":{"line":44,"column":2},"end":{"line":49,"column":3}},"8":{"start":{"line":45,"column":17},"end":{"line":45,"column":48}},"9":{"start":{"line":46,"column":4},"end":{"line":46,"column":21}},"10":{"start":{"line":48,"column":4},"end":{"line":48,"column":65}},"11":{"start":{"line":52,"column":19},"end":{"line":89,"column":2}},"12":{"start":{"line":57,"column":6},"end":{"line":57,"column":35}},"13":{"start":{"line":61,"column":4},"end":{"line":87,"column":9}},"14":{"start":{"line":63,"column":8},"end":{"line":63,"column":31}},"15":{"start":{"line":66,"column":8},"end":{"line":66,"column":32}},"16":{"start":{"line":69,"column":8},"end":{"line":69,"column":32}},"17":{"start":{"line":73,"column":8},"end":{"line":73,"column":31}},"18":{"start":{"line":74,"column":8},"end":{"line":74,"column":37}},"19":{"start":{"line":75,"column":8},"end":{"line":75,"column":36}},"20":{"start":{"line":78,"column":8},"end":{"line":78,"column":38}},"21":{"start":{"line":79,"column":8},"end":{"line":79,"column":32}},"22":{"start":{"line":80,"column":8},"end":{"line":80,"column":36}},"23":{"start":{"line":81,"column":8},"end":{"line":81,"column":35}},"24":{"start":{"line":84,"column":8},"end":{"line":84,"column":32}},"25":{"start":{"line":85,"column":8},"end":{"line":85,"column":37}},"26":{"start":{"line":86,"column":8},"end":{"line":86,"column":36}},"27":{"start":{"line":91,"column":28},"end":{"line":91,"column":46}}},"fnMap":{"0":{"name":"(anonymous_0)","decl":{"start":{"line":34,"column":73},"end":{"line":34,"column":74}},"loc":{"start":{"line":34,"column":114},"end":{"line":41,"column":1}},"line":34},"1":{"name":"(anonymous_1)","decl":{"start":{"line":43,"column":82},"end":{"line":43,"column":83}},"loc":{"start":{"line":43,"column":105},"end":{"line":50,"column":1}},"line":43},"2":{"name":"(anonymous_2)","decl":{"start":{"line":56,"column":14},"end":{"line":56,"column":15}},"loc":{"start":{"line":56,"column":33},"end":{"line":58,"column":5}},"line":56},"3":{"name":"(anonymous_3)","decl":{"start":{"line":60,"column":2},"end":{"line":60,"column":3}},"loc":{"start":{"line":60,"column":25},"end":{"line":88,"column":3}},"line":60},"4":{"name":"(anonymous_4)","decl":{"start":{"line":62,"column":43},"end":{"line":62,"column":44}},"loc":{"start":{"line":62,"column":54},"end":{"line":64,"column":7}},"line":62},"5":{"name":"(anonymous_5)","decl":{"start":{"line":65,"column":45},"end":{"line":65,"column":46}},"loc":{"start":{"line":65,"column":69},"end":{"line":67,"column":7}},"line":65},"6":{"name":"(anonymous_6)","decl":{"start":{"line":68,"column":44},"end":{"line":68,"column":45}},"loc":{"start":{"line":68,"column":68},"end":{"line":70,"column":7}},"line":68},"7":{"name":"(anonymous_7)","decl":{"start":{"line":72,"column":45},"end":{"line":72,"column":46}},"loc":{"start":{"line":72,"column":56},"end":{"line":76,"column":7}},"line":72},"8":{"name":"(anonymous_8)","decl":{"start":{"line":77,"column":47},"end":{"line":77,"column":48}},"loc":{"start":{"line":77,"column":71},"end":{"line":82,"column":7}},"line":77},"9":{"name":"(anonymous_9)","decl":{"start":{"line":83,"column":46},"end":{"line":83,"column":47}},"loc":{"start":{"line":83,"column":70},"end":{"line":87,"column":7}},"line":83}},"branchMap":{},"s":{"0":0,"1":0,"2":0,"3":0,"4":0,"5":0,"6":0,"7":0,"8":0,"9":0,"10":0,"11":0,"12":0,"13":0,"14":0,"15":0,"16":0,"17":0,"18":0,"19":0,"20":0,"21":0,"22":0,"23":0,"24":0,"25":0,"26":0,"27":0},"f":{"0":0,"1":0,"2":0,"3":0,"4":0,"5":0,"6":0,"7":0,"8":0,"9":0},"b":{}}
,"/Users/benjamin/Desktop/dev/perso/travail_bachelor/bachelor-front/store/slices/userSlice.ts": {"path":"/Users/benjamin/Desktop/dev/perso/travail_bachelor/bachelor-front/store/slices/userSlice.ts","statementMap":{"0":{"start":{"line":16,"column":32},"end":{"line":24,"column":1}},"1":{"start":{"line":26,"column":26},"end":{"line":34,"column":2}},"2":{"start":{"line":27,"column":2},"end":{"line":33,"column":3}},"3":{"start":{"line":28,"column":17},"end":{"line":28,"column":57}},"4":{"start":{"line":29,"column":4},"end":{"line":29,"column":40}},"5":{"start":{"line":30,"column":4},"end":{"line":30,"column":26}},"6":{"start":{"line":32,"column":4},"end":{"line":32,"column":65}},"7":{"start":{"line":36,"column":29},"end":{"line":47,"column":1}},"8":{"start":{"line":39,"column":4},"end":{"line":45,"column":5}},"9":{"start":{"line":40,"column":19},"end":{"line":40,"column":62}},"10":{"start":{"line":41,"column":6},"end":{"line":41,"column":42}},"11":{"start":{"line":42,"column":6},"end":{"line":42,"column":28}},"12":{"start":{"line":44,"column":6},"end":{"line":44,"column":67}},"13":{"start":{"line":49,"column":37},"end":{"line":57,"column":2}},"14":{"start":{"line":50,"column":2},"end":{"line":56,"column":3}},"15":{"start":{"line":51,"column":17},"end":{"line":51,"column":69}},"16":{"start":{"line":52,"column":4},"end":{"line":52,"column":21}},"17":{"start":{"line":54,"column":4},"end":{"line":54,"column":32}},"18":{"start":{"line":55,"column":4},"end":{"line":55,"column":65}},"19":{"start":{"line":59,"column":39},"end":{"line":70,"column":1}},"20":{"start":{"line":62,"column":4},"end":{"line":68,"column":5}},"21":{"start":{"line":63,"column":19},"end":{"line":63,"column":78}},"22":{"start":{"line":64,"column":6},"end":{"line":64,"column":28}},"23":{"start":{"line":66,"column":6},"end":{"line":66,"column":34}},"24":{"start":{"line":67,"column":6},"end":{"line":67,"column":67}},"25":{"start":{"line":75,"column":16},"end":{"line":165,"column":2}},"26":{"start":{"line":80,"column":6},"end":{"line":82,"column":8}},"27":{"start":{"line":85,"column":6},"end":{"line":88,"column":8}},"28":{"start":{"line":91,"column":6},"end":{"line":91,"column":49}},"29":{"start":{"line":94,"column":6},"end":{"line":94,"column":49}},"30":{"start":{"line":97,"column":21},"end":{"line":99,"column":7}},"31":{"start":{"line":98,"column":8},"end":{"line":98,"column":38}},"32":{"start":{"line":101,"column":6},"end":{"line":101,"column":15}},"33":{"start":{"line":103,"column":6},"end":{"line":103,"column":24}},"34":{"start":{"line":104,"column":6},"end":{"line":104,"column":29}},"35":{"start":{"line":108,"column":4},"end":{"line":163,"column":9}},"36":{"start":{"line":110,"column":8},"end":{"line":110,"column":31}},"37":{"start":{"line":113,"column":8},"end":{"line":113,"column":32}},"38":{"start":{"line":114,"column":8},"end":{"line":114,"column":34}},"39":{"start":{"line":115,"column":8},"end":{"line":115,"column":34}},"40":{"start":{"line":116,"column":8},"end":{"line":116,"column":37}},"41":{"start":{"line":119,"column":8},"end":{"line":119,"column":32}},"42":{"start":{"line":120,"column":8},"end":{"line":120,"column":35}},"43":{"start":{"line":121,"column":8},"end":{"line":121,"column":32}},"44":{"start":{"line":125,"column":8},"end":{"line":125,"column":31}},"45":{"start":{"line":126,"column":8},"end":{"line":126,"column":35}},"46":{"start":{"line":129,"column":8},"end":{"line":129,"column":32}},"47":{"start":{"line":130,"column":8},"end":{"line":130,"column":34}},"48":{"start":{"line":131,"column":8},"end":{"line":131,"column":30}},"49":{"start":{"line":132,"column":8},"end":{"line":132,"column":37}},"50":{"start":{"line":135,"column":8},"end":{"line":135,"column":32}},"51":{"start":{"line":136,"column":8},"end":{"line":136,"column":31}},"52":{"start":{"line":140,"column":8},"end":{"line":140,"column":31}},"53":{"start":{"line":143,"column":8},"end":{"line":143,"column":32}},"54":{"start":{"line":147,"column":8},"end":{"line":147,"column":32}},"55":{"start":{"line":151,"column":8},"end":{"line":151,"column":31}},"56":{"start":{"line":152,"column":8},"end":{"line":152,"column":36}},"57":{"start":{"line":155,"column":8},"end":{"line":155,"column":32}},"58":{"start":{"line":156,"column":8},"end":{"line":156,"column":35}},"59":{"start":{"line":158,"column":8},"end":{"line":158,"column":41}},"60":{"start":{"line":161,"column":8},"end":{"line":161,"column":32}},"61":{"start":{"line":162,"column":8},"end":{"line":162,"column":36}},"62":{"start":{"line":167,"column":101},"end":{"line":167,"column":118}}},"fnMap":{"0":{"name":"(anonymous_0)","decl":{"start":{"line":26,"column":57},"end":{"line":26,"column":58}},"loc":{"start":{"line":26,"column":122},"end":{"line":34,"column":1}},"line":26},"1":{"name":"(anonymous_1)","decl":{"start":{"line":38,"column":2},"end":{"line":38,"column":3}},"loc":{"start":{"line":38,"column":112},"end":{"line":46,"column":3}},"line":38},"2":{"name":"(anonymous_2)","decl":{"start":{"line":49,"column":79},"end":{"line":49,"column":80}},"loc":{"start":{"line":49,"column":102},"end":{"line":57,"column":1}},"line":49},"3":{"name":"(anonymous_3)","decl":{"start":{"line":61,"column":2},"end":{"line":61,"column":3}},"loc":{"start":{"line":61,"column":70},"end":{"line":69,"column":3}},"line":61},"4":{"name":"(anonymous_4)","decl":{"start":{"line":79,"column":13},"end":{"line":79,"column":14}},"loc":{"start":{"line":79,"column":32},"end":{"line":83,"column":5}},"line":79},"5":{"name":"(anonymous_5)","decl":{"start":{"line":84,"column":18},"end":{"line":84,"column":19}},"loc":{"start":{"line":84,"column":37},"end":{"line":89,"column":5}},"line":84},"6":{"name":"(anonymous_6)","decl":{"start":{"line":90,"column":28},"end":{"line":90,"column":29}},"loc":{"start":{"line":90,"column":47},"end":{"line":92,"column":5}},"line":90},"7":{"name":"(anonymous_7)","decl":{"start":{"line":93,"column":28},"end":{"line":93,"column":29}},"loc":{"start":{"line":93,"column":47},"end":{"line":95,"column":5}},"line":93},"8":{"name":"(anonymous_8)","decl":{"start":{"line":96,"column":16},"end":{"line":96,"column":17}},"loc":{"start":{"line":96,"column":35},"end":{"line":105,"column":5}},"line":96},"9":{"name":"(anonymous_9)","decl":{"start":{"line":97,"column":21},"end":{"line":97,"column":22}},"loc":{"start":{"line":97,"column":33},"end":{"line":99,"column":7}},"line":97},"10":{"name":"(anonymous_10)","decl":{"start":{"line":107,"column":17},"end":{"line":107,"column":18}},"loc":{"start":{"line":107,"column":30},"end":{"line":164,"column":3}},"line":107},"11":{"name":"(anonymous_11)","decl":{"start":{"line":109,"column":33},"end":{"line":109,"column":34}},"loc":{"start":{"line":109,"column":44},"end":{"line":111,"column":7}},"line":109},"12":{"name":"(anonymous_12)","decl":{"start":{"line":112,"column":35},"end":{"line":112,"column":36}},"loc":{"start":{"line":112,"column":59},"end":{"line":117,"column":7}},"line":112},"13":{"name":"(anonymous_13)","decl":{"start":{"line":118,"column":34},"end":{"line":118,"column":35}},"loc":{"start":{"line":118,"column":58},"end":{"line":122,"column":7}},"line":118},"14":{"name":"(anonymous_14)","decl":{"start":{"line":124,"column":30},"end":{"line":124,"column":31}},"loc":{"start":{"line":124,"column":41},"end":{"line":127,"column":7}},"line":124},"15":{"name":"(anonymous_15)","decl":{"start":{"line":128,"column":32},"end":{"line":128,"column":33}},"loc":{"start":{"line":128,"column":56},"end":{"line":133,"column":7}},"line":128},"16":{"name":"(anonymous_16)","decl":{"start":{"line":134,"column":31},"end":{"line":134,"column":32}},"loc":{"start":{"line":134,"column":55},"end":{"line":137,"column":7}},"line":134},"17":{"name":"(anonymous_17)","decl":{"start":{"line":139,"column":48},"end":{"line":139,"column":49}},"loc":{"start":{"line":139,"column":59},"end":{"line":141,"column":7}},"line":139},"18":{"name":"(anonymous_18)","decl":{"start":{"line":142,"column":50},"end":{"line":142,"column":51}},"loc":{"start":{"line":142,"column":74},"end":{"line":145,"column":7}},"line":142},"19":{"name":"(anonymous_19)","decl":{"start":{"line":146,"column":49},"end":{"line":146,"column":50}},"loc":{"start":{"line":146,"column":73},"end":{"line":148,"column":7}},"line":146},"20":{"name":"(anonymous_20)","decl":{"start":{"line":150,"column":41},"end":{"line":150,"column":42}},"loc":{"start":{"line":150,"column":52},"end":{"line":153,"column":7}},"line":150},"21":{"name":"(anonymous_21)","decl":{"start":{"line":154,"column":43},"end":{"line":154,"column":44}},"loc":{"start":{"line":154,"column":67},"end":{"line":159,"column":7}},"line":154},"22":{"name":"(anonymous_22)","decl":{"start":{"line":160,"column":42},"end":{"line":160,"column":43}},"loc":{"start":{"line":160,"column":66},"end":{"line":163,"column":7}},"line":160}},"branchMap":{},"s":{"0":0,"1":0,"2":0,"3":0,"4":0,"5":0,"6":0,"7":0,"8":0,"9":0,"10":0,"11":0,"12":0,"13":0,"14":0,"15":0,"16":0,"17":0,"18":0,"19":0,"20":0,"21":0,"22":0,"23":0,"24":0,"25":0,"26":0,"27":0,"28":0,"29":0,"30":0,"31":0,"32":0,"33":0,"34":0,"35":0,"36":0,"37":0,"38":0,"39":0,"40":0,"41":0,"42":0,"43":0,"44":0,"45":0,"46":0,"47":0,"48":0,"49":0,"50":0,"51":0,"52":0,"53":0,"54":0,"55":0,"56":0,"57":0,"58":0,"59":0,"60":0,"61":0,"62":0},"f":{"0":0,"1":0,"2":0,"3":0,"4":0,"5":0,"6":0,"7":0,"8":0,"9":0,"10":0,"11":0,"12":0,"13":0,"14":0,"15":0,"16":0,"17":0,"18":0,"19":0,"20":0,"21":0,"22":0},"b":{}}
,"/Users/benjamin/Desktop/dev/perso/travail_bachelor/bachelor-front/types/Category.ts": {"path":"/Users/benjamin/Desktop/dev/perso/travail_bachelor/bachelor-front/types/Category.ts","statementMap":{},"fnMap":{},"branchMap":{},"s":{},"f":{},"b":{}}
,"/Users/benjamin/Desktop/dev/perso/travail_bachelor/bachelor-front/types/Day.ts": {"path":"/Users/benjamin/Desktop/dev/perso/travail_bachelor/bachelor-front/types/Day.ts","statementMap":{},"fnMap":{},"branchMap":{},"s":{},"f":{},"b":{}}
,"/Users/benjamin/Desktop/dev/perso/travail_bachelor/bachelor-front/types/Gage.ts": {"path":"/Users/benjamin/Desktop/dev/perso/travail_bachelor/bachelor-front/types/Gage.ts","statementMap":{},"fnMap":{},"branchMap":{},"s":{},"f":{},"b":{}}
,"/Users/benjamin/Desktop/dev/perso/travail_bachelor/bachelor-front/types/GageTask.ts": {"path":"/Users/benjamin/Desktop/dev/perso/travail_bachelor/bachelor-front/types/GageTask.ts","statementMap":{},"fnMap":{},"branchMap":{},"s":{},"f":{},"b":{}}
,"/Users/benjamin/Desktop/dev/perso/travail_bachelor/bachelor-front/types/Group.ts": {"path":"/Users/benjamin/Desktop/dev/perso/travail_bachelor/bachelor-front/types/Group.ts","statementMap":{},"fnMap":{},"branchMap":{},"s":{},"f":{},"b":{}}
,"/Users/benjamin/Desktop/dev/perso/travail_bachelor/bachelor-front/types/Task.ts": {"path":"/Users/benjamin/Desktop/dev/perso/travail_bachelor/bachelor-front/types/Task.ts","statementMap":{},"fnMap":{},"branchMap":{},"s":{},"f":{},"b":{}}
,"/Users/benjamin/Desktop/dev/perso/travail_bachelor/bachelor-front/types/User.ts": {"path":"/Users/benjamin/Desktop/dev/perso/travail_bachelor/bachelor-front/types/User.ts","statementMap":{},"fnMap":{},"branchMap":{},"s":{},"f":{},"b":{}}
,"/Users/benjamin/Desktop/dev/perso/travail_bachelor/bachelor-front/utils/checkTaskIsPresent.ts": {"path":"/Users/benjamin/Desktop/dev/perso/travail_bachelor/bachelor-front/utils/checkTaskIsPresent.ts","statementMap":{"0":{"start":{"line":9,"column":34},"end":{"line":11,"column":1}},"1":{"start":{"line":10,"column":2},"end":{"line":10,"column":118}},"2":{"start":{"line":10,"column":40},"end":{"line":10,"column":116}}},"fnMap":{"0":{"name":"(anonymous_0)","decl":{"start":{"line":9,"column":34},"end":{"line":9,"column":35}},"loc":{"start":{"line":9,"column":86},"end":{"line":11,"column":1}},"line":9},"1":{"name":"(anonymous_1)","decl":{"start":{"line":10,"column":27},"end":{"line":10,"column":28}},"loc":{"start":{"line":10,"column":40},"end":{"line":10,"column":116}},"line":10}},"branchMap":{"0":{"loc":{"start":{"line":10,"column":40},"end":{"line":10,"column":116}},"type":"binary-expr","locations":[{"start":{"line":10,"column":40},"end":{"line":10,"column":67}},{"start":{"line":10,"column":71},"end":{"line":10,"column":116}}],"line":10}},"s":{"0":0,"1":0,"2":0},"f":{"0":0,"1":0},"b":{"0":[0,0]}}
,"/Users/benjamin/Desktop/dev/perso/travail_bachelor/bachelor-front/utils/secureStore.ts": {"path":"/Users/benjamin/Desktop/dev/perso/travail_bachelor/bachelor-front/utils/secureStore.ts","statementMap":{"0":{"start":{"line":4,"column":2},"end":{"line":4,"column":45}},"1":{"start":{"line":8,"column":15},"end":{"line":8,"column":50}},"2":{"start":{"line":9,"column":2},"end":{"line":9,"column":16}},"3":{"start":{"line":13,"column":2},"end":{"line":13,"column":41}}},"fnMap":{"0":{"name":"save","decl":{"start":{"line":3,"column":22},"end":{"line":3,"column":26}},"loc":{"start":{"line":3,"column":55},"end":{"line":5,"column":1}},"line":3},"1":{"name":"getValueFor","decl":{"start":{"line":7,"column":22},"end":{"line":7,"column":33}},"loc":{"start":{"line":7,"column":47},"end":{"line":10,"column":1}},"line":7},"2":{"name":"deleteValueFor","decl":{"start":{"line":12,"column":22},"end":{"line":12,"column":36}},"loc":{"start":{"line":12,"column":50},"end":{"line":14,"column":1}},"line":12}},"branchMap":{},"s":{"0":0,"1":0,"2":0,"3":0},"f":{"0":0,"1":0,"2":0},"b":{}}
,"/Users/benjamin/Desktop/dev/perso/travail_bachelor/bachelor-front/utils/http/axios.ts": {"path":"/Users/benjamin/Desktop/dev/perso/travail_bachelor/bachelor-front/utils/http/axios.ts","statementMap":{"0":{"start":{"line":4,"column":20},"end":{"line":9,"column":2}},"1":{"start":{"line":11,"column":0},"end":{"line":17,"column":3}},"2":{"start":{"line":12,"column":16},"end":{"line":12,"column":42}},"3":{"start":{"line":14,"column":2},"end":{"line":14,"column":54}},"4":{"start":{"line":16,"column":2},"end":{"line":16,"column":16}}},"fnMap":{"0":{"name":"(anonymous_0)","decl":{"start":{"line":11,"column":37},"end":{"line":11,"column":38}},"loc":{"start":{"line":11,"column":55},"end":{"line":17,"column":1}},"line":11}},"branchMap":{},"s":{"0":0,"1":0,"2":0,"3":0,"4":0},"f":{"0":0},"b":{}}
}
